<?xml version="1.0" encoding="UTF-8"?>
<testsuite xmlns:xsi="http://www.w3.org/2001/XMLSchema-instance" xsi:noNamespaceSchemaLocation="https://maven.apache.org/surefire/maven-surefire-plugin/xsd/surefire-test-report.xsd" name="jp.spring.boot.algolearn.controller.teacher.CourseControllerTest" time="23.773" tests="7" errors="0" skipped="0" failures="2">
  <properties>
    <property name="sun.desktop" value="windows"/>
    <property name="awt.toolkit" value="sun.awt.windows.WToolkit"/>
    <property name="file.encoding.pkg" value="sun.io"/>
    <property name="java.specification.version" value="1.8"/>
    <property name="sun.cpu.isalist" value="amd64"/>
    <property name="sun.jnu.encoding" value="MS932"/>
    <property name="java.class.path" value="F:\dev\workspace_sts\algolearn_20190622\target\test-classes;F:\dev\workspace_sts\algolearn_20190622\target\classes;C:\Users\user01\.m2\repository\org\springframework\boot\spring-boot-starter\2.1.6.RELEASE\spring-boot-starter-2.1.6.RELEASE.jar;C:\Users\user01\.m2\repository\org\springframework\boot\spring-boot\2.1.6.RELEASE\spring-boot-2.1.6.RELEASE.jar;C:\Users\user01\.m2\repository\org\springframework\spring-context\5.1.8.RELEASE\spring-context-5.1.8.RELEASE.jar;C:\Users\user01\.m2\repository\org\springframework\boot\spring-boot-autoconfigure\2.1.6.RELEASE\spring-boot-autoconfigure-2.1.6.RELEASE.jar;C:\Users\user01\.m2\repository\org\springframework\boot\spring-boot-starter-logging\2.1.6.RELEASE\spring-boot-starter-logging-2.1.6.RELEASE.jar;C:\Users\user01\.m2\repository\ch\qos\logback\logback-classic\1.2.3\logback-classic-1.2.3.jar;C:\Users\user01\.m2\repository\ch\qos\logback\logback-core\1.2.3\logback-core-1.2.3.jar;C:\Users\user01\.m2\repository\org\apache\logging\log4j\log4j-to-slf4j\2.11.2\log4j-to-slf4j-2.11.2.jar;C:\Users\user01\.m2\repository\org\apache\logging\log4j\log4j-api\2.11.2\log4j-api-2.11.2.jar;C:\Users\user01\.m2\repository\org\slf4j\jul-to-slf4j\1.7.26\jul-to-slf4j-1.7.26.jar;C:\Users\user01\.m2\repository\javax\annotation\javax.annotation-api\1.3.2\javax.annotation-api-1.3.2.jar;C:\Users\user01\.m2\repository\org\springframework\spring-core\5.1.8.RELEASE\spring-core-5.1.8.RELEASE.jar;C:\Users\user01\.m2\repository\org\springframework\spring-jcl\5.1.8.RELEASE\spring-jcl-5.1.8.RELEASE.jar;C:\Users\user01\.m2\repository\org\yaml\snakeyaml\1.23\snakeyaml-1.23.jar;C:\Users\user01\.m2\repository\org\springframework\boot\spring-boot-starter-web\2.1.6.RELEASE\spring-boot-starter-web-2.1.6.RELEASE.jar;C:\Users\user01\.m2\repository\org\springframework\boot\spring-boot-starter-json\2.1.6.RELEASE\spring-boot-starter-json-2.1.6.RELEASE.jar;C:\Users\user01\.m2\repository\com\fasterxml\jackson\core\jackson-databind\2.9.9\jackson-databind-2.9.9.jar;C:\Users\user01\.m2\repository\com\fasterxml\jackson\core\jackson-annotations\2.9.0\jackson-annotations-2.9.0.jar;C:\Users\user01\.m2\repository\com\fasterxml\jackson\core\jackson-core\2.9.9\jackson-core-2.9.9.jar;C:\Users\user01\.m2\repository\com\fasterxml\jackson\datatype\jackson-datatype-jdk8\2.9.9\jackson-datatype-jdk8-2.9.9.jar;C:\Users\user01\.m2\repository\com\fasterxml\jackson\datatype\jackson-datatype-jsr310\2.9.9\jackson-datatype-jsr310-2.9.9.jar;C:\Users\user01\.m2\repository\com\fasterxml\jackson\module\jackson-module-parameter-names\2.9.9\jackson-module-parameter-names-2.9.9.jar;C:\Users\user01\.m2\repository\org\springframework\boot\spring-boot-starter-tomcat\2.1.6.RELEASE\spring-boot-starter-tomcat-2.1.6.RELEASE.jar;C:\Users\user01\.m2\repository\org\apache\tomcat\embed\tomcat-embed-core\9.0.21\tomcat-embed-core-9.0.21.jar;C:\Users\user01\.m2\repository\org\apache\tomcat\embed\tomcat-embed-websocket\9.0.21\tomcat-embed-websocket-9.0.21.jar;C:\Users\user01\.m2\repository\org\hibernate\validator\hibernate-validator\6.0.17.Final\hibernate-validator-6.0.17.Final.jar;C:\Users\user01\.m2\repository\javax\validation\validation-api\2.0.1.Final\validation-api-2.0.1.Final.jar;C:\Users\user01\.m2\repository\org\jboss\logging\jboss-logging\3.3.2.Final\jboss-logging-3.3.2.Final.jar;C:\Users\user01\.m2\repository\com\fasterxml\classmate\1.4.0\classmate-1.4.0.jar;C:\Users\user01\.m2\repository\org\springframework\spring-web\5.1.8.RELEASE\spring-web-5.1.8.RELEASE.jar;C:\Users\user01\.m2\repository\org\springframework\spring-beans\5.1.8.RELEASE\spring-beans-5.1.8.RELEASE.jar;C:\Users\user01\.m2\repository\org\springframework\spring-webmvc\5.1.8.RELEASE\spring-webmvc-5.1.8.RELEASE.jar;C:\Users\user01\.m2\repository\org\springframework\spring-aop\5.1.8.RELEASE\spring-aop-5.1.8.RELEASE.jar;C:\Users\user01\.m2\repository\org\springframework\spring-expression\5.1.8.RELEASE\spring-expression-5.1.8.RELEASE.jar;C:\Users\user01\.m2\repository\org\springframework\boot\spring-boot-starter-data-jpa\2.1.6.RELEASE\spring-boot-starter-data-jpa-2.1.6.RELEASE.jar;C:\Users\user01\.m2\repository\org\springframework\boot\spring-boot-starter-aop\2.1.6.RELEASE\spring-boot-starter-aop-2.1.6.RELEASE.jar;C:\Users\user01\.m2\repository\org\aspectj\aspectjweaver\1.9.4\aspectjweaver-1.9.4.jar;C:\Users\user01\.m2\repository\org\springframework\boot\spring-boot-starter-jdbc\2.1.6.RELEASE\spring-boot-starter-jdbc-2.1.6.RELEASE.jar;C:\Users\user01\.m2\repository\com\zaxxer\HikariCP\3.2.0\HikariCP-3.2.0.jar;C:\Users\user01\.m2\repository\org\springframework\spring-jdbc\5.1.8.RELEASE\spring-jdbc-5.1.8.RELEASE.jar;C:\Users\user01\.m2\repository\javax\transaction\javax.transaction-api\1.3\javax.transaction-api-1.3.jar;C:\Users\user01\.m2\repository\javax\xml\bind\jaxb-api\2.3.1\jaxb-api-2.3.1.jar;C:\Users\user01\.m2\repository\javax\activation\javax.activation-api\1.2.0\javax.activation-api-1.2.0.jar;C:\Users\user01\.m2\repository\org\hibernate\hibernate-core\5.3.10.Final\hibernate-core-5.3.10.Final.jar;C:\Users\user01\.m2\repository\javax\persistence\javax.persistence-api\2.2\javax.persistence-api-2.2.jar;C:\Users\user01\.m2\repository\org\javassist\javassist\3.23.2-GA\javassist-3.23.2-GA.jar;C:\Users\user01\.m2\repository\antlr\antlr\2.7.7\antlr-2.7.7.jar;C:\Users\user01\.m2\repository\org\jboss\jandex\2.0.5.Final\jandex-2.0.5.Final.jar;C:\Users\user01\.m2\repository\org\dom4j\dom4j\2.1.1\dom4j-2.1.1.jar;C:\Users\user01\.m2\repository\org\hibernate\common\hibernate-commons-annotations\5.0.4.Final\hibernate-commons-annotations-5.0.4.Final.jar;C:\Users\user01\.m2\repository\org\springframework\data\spring-data-jpa\2.1.9.RELEASE\spring-data-jpa-2.1.9.RELEASE.jar;C:\Users\user01\.m2\repository\org\springframework\data\spring-data-commons\2.1.9.RELEASE\spring-data-commons-2.1.9.RELEASE.jar;C:\Users\user01\.m2\repository\org\springframework\spring-orm\5.1.8.RELEASE\spring-orm-5.1.8.RELEASE.jar;C:\Users\user01\.m2\repository\org\springframework\spring-tx\5.1.8.RELEASE\spring-tx-5.1.8.RELEASE.jar;C:\Users\user01\.m2\repository\org\springframework\spring-aspects\5.1.8.RELEASE\spring-aspects-5.1.8.RELEASE.jar;C:\Users\user01\.m2\repository\org\springframework\boot\spring-boot-starter-validation\2.1.6.RELEASE\spring-boot-starter-validation-2.1.6.RELEASE.jar;C:\Users\user01\.m2\repository\org\apache\tomcat\embed\tomcat-embed-el\9.0.21\tomcat-embed-el-9.0.21.jar;C:\Users\user01\.m2\repository\org\projectlombok\lombok\1.18.8\lombok-1.18.8.jar;C:\Users\user01\.m2\repository\org\springframework\boot\spring-boot-starter-thymeleaf\2.1.6.RELEASE\spring-boot-starter-thymeleaf-2.1.6.RELEASE.jar;C:\Users\user01\.m2\repository\org\thymeleaf\thymeleaf-spring5\3.0.11.RELEASE\thymeleaf-spring5-3.0.11.RELEASE.jar;C:\Users\user01\.m2\repository\org\thymeleaf\thymeleaf\3.0.11.RELEASE\thymeleaf-3.0.11.RELEASE.jar;C:\Users\user01\.m2\repository\org\attoparser\attoparser\2.0.5.RELEASE\attoparser-2.0.5.RELEASE.jar;C:\Users\user01\.m2\repository\org\unbescape\unbescape\1.1.6.RELEASE\unbescape-1.1.6.RELEASE.jar;C:\Users\user01\.m2\repository\org\thymeleaf\extras\thymeleaf-extras-java8time\3.0.4.RELEASE\thymeleaf-extras-java8time-3.0.4.RELEASE.jar;C:\Users\user01\.m2\repository\org\thymeleaf\extras\thymeleaf-extras-springsecurity4\3.0.4.RELEASE\thymeleaf-extras-springsecurity4-3.0.4.RELEASE.jar;C:\Users\user01\.m2\repository\org\slf4j\slf4j-api\1.7.26\slf4j-api-1.7.26.jar;C:\Users\user01\.m2\repository\com\h2database\h2\1.4.199\h2-1.4.199.jar;C:\Users\user01\.m2\repository\mysql\mysql-connector-java\8.0.16\mysql-connector-java-8.0.16.jar;C:\Users\user01\.m2\repository\org\webjars\bootstrap\4.3.0\bootstrap-4.3.0.jar;C:\Users\user01\.m2\repository\org\webjars\popper.js\1.14.3\popper.js-1.14.3.jar;C:\Users\user01\.m2\repository\org\webjars\jquery\3.4.0\jquery-3.4.0.jar;C:\Users\user01\.m2\repository\org\webjars\ace\1.3.3\ace-1.3.3.jar;C:\Users\user01\.m2\repository\org\springframework\boot\spring-boot-starter-test\2.1.6.RELEASE\spring-boot-starter-test-2.1.6.RELEASE.jar;C:\Users\user01\.m2\repository\org\springframework\boot\spring-boot-test\2.1.6.RELEASE\spring-boot-test-2.1.6.RELEASE.jar;C:\Users\user01\.m2\repository\org\springframework\boot\spring-boot-test-autoconfigure\2.1.6.RELEASE\spring-boot-test-autoconfigure-2.1.6.RELEASE.jar;C:\Users\user01\.m2\repository\com\jayway\jsonpath\json-path\2.4.0\json-path-2.4.0.jar;C:\Users\user01\.m2\repository\net\minidev\json-smart\2.3\json-smart-2.3.jar;C:\Users\user01\.m2\repository\net\minidev\accessors-smart\1.2\accessors-smart-1.2.jar;C:\Users\user01\.m2\repository\org\ow2\asm\asm\5.0.4\asm-5.0.4.jar;C:\Users\user01\.m2\repository\junit\junit\4.12\junit-4.12.jar;C:\Users\user01\.m2\repository\org\assertj\assertj-core\3.11.1\assertj-core-3.11.1.jar;C:\Users\user01\.m2\repository\org\hamcrest\hamcrest-core\1.3\hamcrest-core-1.3.jar;C:\Users\user01\.m2\repository\org\hamcrest\hamcrest-library\1.3\hamcrest-library-1.3.jar;C:\Users\user01\.m2\repository\org\skyscreamer\jsonassert\1.5.0\jsonassert-1.5.0.jar;C:\Users\user01\.m2\repository\com\vaadin\external\google\android-json\0.0.20131108.vaadin1\android-json-0.0.20131108.vaadin1.jar;C:\Users\user01\.m2\repository\org\springframework\spring-test\5.1.8.RELEASE\spring-test-5.1.8.RELEASE.jar;C:\Users\user01\.m2\repository\org\xmlunit\xmlunit-core\2.6.2\xmlunit-core-2.6.2.jar;C:\Users\user01\.m2\repository\org\mockito\mockito-core\2.23.4\mockito-core-2.23.4.jar;C:\Users\user01\.m2\repository\net\bytebuddy\byte-buddy\1.9.13\byte-buddy-1.9.13.jar;C:\Users\user01\.m2\repository\net\bytebuddy\byte-buddy-agent\1.9.13\byte-buddy-agent-1.9.13.jar;C:\Users\user01\.m2\repository\org\objenesis\objenesis\2.6\objenesis-2.6.jar;C:\Users\user01\.m2\repository\com\ninja-squad\DbSetup\2.1.0\DbSetup-2.1.0.jar;C:\Users\user01\.m2\repository\org\hamcrest\hamcrest-all\1.3\hamcrest-all-1.3.jar;"/>
    <property name="java.vm.vendor" value="Oracle Corporation"/>
    <property name="sun.arch.data.model" value="64"/>
    <property name="user.variant" value=""/>
    <property name="java.vendor.url" value="https://adoptopenjdk.net/"/>
    <property name="user.timezone" value="Asia/Tokyo"/>
    <property name="java.vm.specification.version" value="1.8"/>
    <property name="os.name" value="Windows 10"/>
    <property name="user.country" value="JP"/>
    <property name="sun.java.launcher" value="SUN_STANDARD"/>
    <property name="sun.boot.library.path" value="F:\dev\AdoptOpenJDK\jdk-8.0.202.08\jre\bin"/>
    <property name="sun.java.command" value="C:\Users\user01\AppData\Local\Temp\surefire2282557476224246292\surefirebooter3308203709982372220.jar C:\Users\user01\AppData\Local\Temp\surefire2282557476224246292 2019-07-03T08-20-50_962-jvmRun1 surefire5171552605939045942tmp surefire_0820351757898120578tmp"/>
    <property name="surefire.test.class.path" value="F:\dev\workspace_sts\algolearn_20190622\target\test-classes;F:\dev\workspace_sts\algolearn_20190622\target\classes;C:\Users\user01\.m2\repository\org\springframework\boot\spring-boot-starter\2.1.6.RELEASE\spring-boot-starter-2.1.6.RELEASE.jar;C:\Users\user01\.m2\repository\org\springframework\boot\spring-boot\2.1.6.RELEASE\spring-boot-2.1.6.RELEASE.jar;C:\Users\user01\.m2\repository\org\springframework\spring-context\5.1.8.RELEASE\spring-context-5.1.8.RELEASE.jar;C:\Users\user01\.m2\repository\org\springframework\boot\spring-boot-autoconfigure\2.1.6.RELEASE\spring-boot-autoconfigure-2.1.6.RELEASE.jar;C:\Users\user01\.m2\repository\org\springframework\boot\spring-boot-starter-logging\2.1.6.RELEASE\spring-boot-starter-logging-2.1.6.RELEASE.jar;C:\Users\user01\.m2\repository\ch\qos\logback\logback-classic\1.2.3\logback-classic-1.2.3.jar;C:\Users\user01\.m2\repository\ch\qos\logback\logback-core\1.2.3\logback-core-1.2.3.jar;C:\Users\user01\.m2\repository\org\apache\logging\log4j\log4j-to-slf4j\2.11.2\log4j-to-slf4j-2.11.2.jar;C:\Users\user01\.m2\repository\org\apache\logging\log4j\log4j-api\2.11.2\log4j-api-2.11.2.jar;C:\Users\user01\.m2\repository\org\slf4j\jul-to-slf4j\1.7.26\jul-to-slf4j-1.7.26.jar;C:\Users\user01\.m2\repository\javax\annotation\javax.annotation-api\1.3.2\javax.annotation-api-1.3.2.jar;C:\Users\user01\.m2\repository\org\springframework\spring-core\5.1.8.RELEASE\spring-core-5.1.8.RELEASE.jar;C:\Users\user01\.m2\repository\org\springframework\spring-jcl\5.1.8.RELEASE\spring-jcl-5.1.8.RELEASE.jar;C:\Users\user01\.m2\repository\org\yaml\snakeyaml\1.23\snakeyaml-1.23.jar;C:\Users\user01\.m2\repository\org\springframework\boot\spring-boot-starter-web\2.1.6.RELEASE\spring-boot-starter-web-2.1.6.RELEASE.jar;C:\Users\user01\.m2\repository\org\springframework\boot\spring-boot-starter-json\2.1.6.RELEASE\spring-boot-starter-json-2.1.6.RELEASE.jar;C:\Users\user01\.m2\repository\com\fasterxml\jackson\core\jackson-databind\2.9.9\jackson-databind-2.9.9.jar;C:\Users\user01\.m2\repository\com\fasterxml\jackson\core\jackson-annotations\2.9.0\jackson-annotations-2.9.0.jar;C:\Users\user01\.m2\repository\com\fasterxml\jackson\core\jackson-core\2.9.9\jackson-core-2.9.9.jar;C:\Users\user01\.m2\repository\com\fasterxml\jackson\datatype\jackson-datatype-jdk8\2.9.9\jackson-datatype-jdk8-2.9.9.jar;C:\Users\user01\.m2\repository\com\fasterxml\jackson\datatype\jackson-datatype-jsr310\2.9.9\jackson-datatype-jsr310-2.9.9.jar;C:\Users\user01\.m2\repository\com\fasterxml\jackson\module\jackson-module-parameter-names\2.9.9\jackson-module-parameter-names-2.9.9.jar;C:\Users\user01\.m2\repository\org\springframework\boot\spring-boot-starter-tomcat\2.1.6.RELEASE\spring-boot-starter-tomcat-2.1.6.RELEASE.jar;C:\Users\user01\.m2\repository\org\apache\tomcat\embed\tomcat-embed-core\9.0.21\tomcat-embed-core-9.0.21.jar;C:\Users\user01\.m2\repository\org\apache\tomcat\embed\tomcat-embed-websocket\9.0.21\tomcat-embed-websocket-9.0.21.jar;C:\Users\user01\.m2\repository\org\hibernate\validator\hibernate-validator\6.0.17.Final\hibernate-validator-6.0.17.Final.jar;C:\Users\user01\.m2\repository\javax\validation\validation-api\2.0.1.Final\validation-api-2.0.1.Final.jar;C:\Users\user01\.m2\repository\org\jboss\logging\jboss-logging\3.3.2.Final\jboss-logging-3.3.2.Final.jar;C:\Users\user01\.m2\repository\com\fasterxml\classmate\1.4.0\classmate-1.4.0.jar;C:\Users\user01\.m2\repository\org\springframework\spring-web\5.1.8.RELEASE\spring-web-5.1.8.RELEASE.jar;C:\Users\user01\.m2\repository\org\springframework\spring-beans\5.1.8.RELEASE\spring-beans-5.1.8.RELEASE.jar;C:\Users\user01\.m2\repository\org\springframework\spring-webmvc\5.1.8.RELEASE\spring-webmvc-5.1.8.RELEASE.jar;C:\Users\user01\.m2\repository\org\springframework\spring-aop\5.1.8.RELEASE\spring-aop-5.1.8.RELEASE.jar;C:\Users\user01\.m2\repository\org\springframework\spring-expression\5.1.8.RELEASE\spring-expression-5.1.8.RELEASE.jar;C:\Users\user01\.m2\repository\org\springframework\boot\spring-boot-starter-data-jpa\2.1.6.RELEASE\spring-boot-starter-data-jpa-2.1.6.RELEASE.jar;C:\Users\user01\.m2\repository\org\springframework\boot\spring-boot-starter-aop\2.1.6.RELEASE\spring-boot-starter-aop-2.1.6.RELEASE.jar;C:\Users\user01\.m2\repository\org\aspectj\aspectjweaver\1.9.4\aspectjweaver-1.9.4.jar;C:\Users\user01\.m2\repository\org\springframework\boot\spring-boot-starter-jdbc\2.1.6.RELEASE\spring-boot-starter-jdbc-2.1.6.RELEASE.jar;C:\Users\user01\.m2\repository\com\zaxxer\HikariCP\3.2.0\HikariCP-3.2.0.jar;C:\Users\user01\.m2\repository\org\springframework\spring-jdbc\5.1.8.RELEASE\spring-jdbc-5.1.8.RELEASE.jar;C:\Users\user01\.m2\repository\javax\transaction\javax.transaction-api\1.3\javax.transaction-api-1.3.jar;C:\Users\user01\.m2\repository\javax\xml\bind\jaxb-api\2.3.1\jaxb-api-2.3.1.jar;C:\Users\user01\.m2\repository\javax\activation\javax.activation-api\1.2.0\javax.activation-api-1.2.0.jar;C:\Users\user01\.m2\repository\org\hibernate\hibernate-core\5.3.10.Final\hibernate-core-5.3.10.Final.jar;C:\Users\user01\.m2\repository\javax\persistence\javax.persistence-api\2.2\javax.persistence-api-2.2.jar;C:\Users\user01\.m2\repository\org\javassist\javassist\3.23.2-GA\javassist-3.23.2-GA.jar;C:\Users\user01\.m2\repository\antlr\antlr\2.7.7\antlr-2.7.7.jar;C:\Users\user01\.m2\repository\org\jboss\jandex\2.0.5.Final\jandex-2.0.5.Final.jar;C:\Users\user01\.m2\repository\org\dom4j\dom4j\2.1.1\dom4j-2.1.1.jar;C:\Users\user01\.m2\repository\org\hibernate\common\hibernate-commons-annotations\5.0.4.Final\hibernate-commons-annotations-5.0.4.Final.jar;C:\Users\user01\.m2\repository\org\springframework\data\spring-data-jpa\2.1.9.RELEASE\spring-data-jpa-2.1.9.RELEASE.jar;C:\Users\user01\.m2\repository\org\springframework\data\spring-data-commons\2.1.9.RELEASE\spring-data-commons-2.1.9.RELEASE.jar;C:\Users\user01\.m2\repository\org\springframework\spring-orm\5.1.8.RELEASE\spring-orm-5.1.8.RELEASE.jar;C:\Users\user01\.m2\repository\org\springframework\spring-tx\5.1.8.RELEASE\spring-tx-5.1.8.RELEASE.jar;C:\Users\user01\.m2\repository\org\springframework\spring-aspects\5.1.8.RELEASE\spring-aspects-5.1.8.RELEASE.jar;C:\Users\user01\.m2\repository\org\springframework\boot\spring-boot-starter-validation\2.1.6.RELEASE\spring-boot-starter-validation-2.1.6.RELEASE.jar;C:\Users\user01\.m2\repository\org\apache\tomcat\embed\tomcat-embed-el\9.0.21\tomcat-embed-el-9.0.21.jar;C:\Users\user01\.m2\repository\org\projectlombok\lombok\1.18.8\lombok-1.18.8.jar;C:\Users\user01\.m2\repository\org\springframework\boot\spring-boot-starter-thymeleaf\2.1.6.RELEASE\spring-boot-starter-thymeleaf-2.1.6.RELEASE.jar;C:\Users\user01\.m2\repository\org\thymeleaf\thymeleaf-spring5\3.0.11.RELEASE\thymeleaf-spring5-3.0.11.RELEASE.jar;C:\Users\user01\.m2\repository\org\thymeleaf\thymeleaf\3.0.11.RELEASE\thymeleaf-3.0.11.RELEASE.jar;C:\Users\user01\.m2\repository\org\attoparser\attoparser\2.0.5.RELEASE\attoparser-2.0.5.RELEASE.jar;C:\Users\user01\.m2\repository\org\unbescape\unbescape\1.1.6.RELEASE\unbescape-1.1.6.RELEASE.jar;C:\Users\user01\.m2\repository\org\thymeleaf\extras\thymeleaf-extras-java8time\3.0.4.RELEASE\thymeleaf-extras-java8time-3.0.4.RELEASE.jar;C:\Users\user01\.m2\repository\org\thymeleaf\extras\thymeleaf-extras-springsecurity4\3.0.4.RELEASE\thymeleaf-extras-springsecurity4-3.0.4.RELEASE.jar;C:\Users\user01\.m2\repository\org\slf4j\slf4j-api\1.7.26\slf4j-api-1.7.26.jar;C:\Users\user01\.m2\repository\com\h2database\h2\1.4.199\h2-1.4.199.jar;C:\Users\user01\.m2\repository\mysql\mysql-connector-java\8.0.16\mysql-connector-java-8.0.16.jar;C:\Users\user01\.m2\repository\org\webjars\bootstrap\4.3.0\bootstrap-4.3.0.jar;C:\Users\user01\.m2\repository\org\webjars\popper.js\1.14.3\popper.js-1.14.3.jar;C:\Users\user01\.m2\repository\org\webjars\jquery\3.4.0\jquery-3.4.0.jar;C:\Users\user01\.m2\repository\org\webjars\ace\1.3.3\ace-1.3.3.jar;C:\Users\user01\.m2\repository\org\springframework\boot\spring-boot-starter-test\2.1.6.RELEASE\spring-boot-starter-test-2.1.6.RELEASE.jar;C:\Users\user01\.m2\repository\org\springframework\boot\spring-boot-test\2.1.6.RELEASE\spring-boot-test-2.1.6.RELEASE.jar;C:\Users\user01\.m2\repository\org\springframework\boot\spring-boot-test-autoconfigure\2.1.6.RELEASE\spring-boot-test-autoconfigure-2.1.6.RELEASE.jar;C:\Users\user01\.m2\repository\com\jayway\jsonpath\json-path\2.4.0\json-path-2.4.0.jar;C:\Users\user01\.m2\repository\net\minidev\json-smart\2.3\json-smart-2.3.jar;C:\Users\user01\.m2\repository\net\minidev\accessors-smart\1.2\accessors-smart-1.2.jar;C:\Users\user01\.m2\repository\org\ow2\asm\asm\5.0.4\asm-5.0.4.jar;C:\Users\user01\.m2\repository\junit\junit\4.12\junit-4.12.jar;C:\Users\user01\.m2\repository\org\assertj\assertj-core\3.11.1\assertj-core-3.11.1.jar;C:\Users\user01\.m2\repository\org\hamcrest\hamcrest-core\1.3\hamcrest-core-1.3.jar;C:\Users\user01\.m2\repository\org\hamcrest\hamcrest-library\1.3\hamcrest-library-1.3.jar;C:\Users\user01\.m2\repository\org\skyscreamer\jsonassert\1.5.0\jsonassert-1.5.0.jar;C:\Users\user01\.m2\repository\com\vaadin\external\google\android-json\0.0.20131108.vaadin1\android-json-0.0.20131108.vaadin1.jar;C:\Users\user01\.m2\repository\org\springframework\spring-test\5.1.8.RELEASE\spring-test-5.1.8.RELEASE.jar;C:\Users\user01\.m2\repository\org\xmlunit\xmlunit-core\2.6.2\xmlunit-core-2.6.2.jar;C:\Users\user01\.m2\repository\org\mockito\mockito-core\2.23.4\mockito-core-2.23.4.jar;C:\Users\user01\.m2\repository\net\bytebuddy\byte-buddy\1.9.13\byte-buddy-1.9.13.jar;C:\Users\user01\.m2\repository\net\bytebuddy\byte-buddy-agent\1.9.13\byte-buddy-agent-1.9.13.jar;C:\Users\user01\.m2\repository\org\objenesis\objenesis\2.6\objenesis-2.6.jar;C:\Users\user01\.m2\repository\com\ninja-squad\DbSetup\2.1.0\DbSetup-2.1.0.jar;C:\Users\user01\.m2\repository\org\hamcrest\hamcrest-all\1.3\hamcrest-all-1.3.jar;"/>
    <property name="sun.cpu.endian" value="little"/>
    <property name="user.home" value="C:\Users\user01"/>
    <property name="user.language" value="ja"/>
    <property name="java.specification.vendor" value="Oracle Corporation"/>
    <property name="java.home" value="F:\dev\AdoptOpenJDK\jdk-8.0.202.08\jre"/>
    <property name="basedir" value="F:\dev\workspace_sts\algolearn_20190622"/>
    <property name="file.separator" value="\"/>
    <property name="line.separator" value="&#10;"/>
    <property name="java.vm.specification.vendor" value="Oracle Corporation"/>
    <property name="java.specification.name" value="Java Platform API Specification"/>
    <property name="java.awt.graphicsenv" value="sun.awt.Win32GraphicsEnvironment"/>
    <property name="surefire.real.class.path" value="C:\Users\user01\AppData\Local\Temp\surefire2282557476224246292\surefirebooter3308203709982372220.jar"/>
    <property name="sun.boot.class.path" value="F:\dev\AdoptOpenJDK\jdk-8.0.202.08\jre\lib\resources.jar;F:\dev\AdoptOpenJDK\jdk-8.0.202.08\jre\lib\rt.jar;F:\dev\AdoptOpenJDK\jdk-8.0.202.08\jre\lib\sunrsasign.jar;F:\dev\AdoptOpenJDK\jdk-8.0.202.08\jre\lib\jsse.jar;F:\dev\AdoptOpenJDK\jdk-8.0.202.08\jre\lib\jce.jar;F:\dev\AdoptOpenJDK\jdk-8.0.202.08\jre\lib\charsets.jar;F:\dev\AdoptOpenJDK\jdk-8.0.202.08\jre\lib\jfr.jar;F:\dev\AdoptOpenJDK\jdk-8.0.202.08\jre\classes"/>
    <property name="user.script" value=""/>
    <property name="sun.management.compiler" value="HotSpot 64-Bit Tiered Compilers"/>
    <property name="java.runtime.version" value="1.8.0_202-b08"/>
    <property name="user.name" value="user01"/>
    <property name="path.separator" value=";"/>
    <property name="os.version" value="10.0"/>
    <property name="java.endorsed.dirs" value="F:\dev\AdoptOpenJDK\jdk-8.0.202.08\jre\lib\endorsed"/>
    <property name="java.runtime.name" value="OpenJDK Runtime Environment"/>
    <property name="file.encoding" value="MS932"/>
    <property name="java.vm.name" value="OpenJDK 64-Bit Server VM"/>
    <property name="localRepository" value="C:\Users\user01\.m2\repository"/>
    <property name="java.vendor.url.bug" value="https://github.com/AdoptOpenJDK/openjdk-build/issues"/>
    <property name="java.io.tmpdir" value="C:\Users\user01\AppData\Local\Temp\"/>
    <property name="java.version" value="1.8.0_202"/>
    <property name="user.dir" value="F:\dev\workspace_sts\algolearn_20190622"/>
    <property name="os.arch" value="amd64"/>
    <property name="java.vm.specification.name" value="Java Virtual Machine Specification"/>
    <property name="java.awt.printerjob" value="sun.awt.windows.WPrinterJob"/>
    <property name="sun.os.patch.level" value=""/>
    <property name="java.library.path" value="F:\dev\AdoptOpenJDK\jdk-8.0.202.08\jre\bin;C:\windows\Sun\Java\bin;C:\windows\system32;C:\windows;F:/dev/AdoptOpenJDK/jdk-8.0.202.08/bin/../jre/bin/server;F:/dev/AdoptOpenJDK/jdk-8.0.202.08/bin/../jre/bin;F:/dev/AdoptOpenJDK/jdk-8.0.202.08/bin/../jre/lib/amd64;F:\dev\AdoptOpenJDK\jdk-8.0.202.08\bin;apache-maven-3.6.1\bin;C:\Program Files\AdoptOpenJDK\jdk-8.0.202.08\bin;C:\windows\system32;C:\windows;C:\windows\System32\Wbem;C:\windows\System32\WindowsPowerShell\v1.0\;C:\windows\System32\OpenSSH\;C:\Program Files (x86)\NVIDIA Corporation\PhysX\Common;C:\Program Files\Java\jdk-11.0.2;C:\Program Files\Java\jdk-11.0.2\bin;C:\Program Files (x86)\Intel\Intel(R) Management Engine Components\DAL;C:\Program Files\Intel\Intel(R) Management Engine Components\DAL;C:\Program Files\Git\cmd;C:\Program Files\Intel\WiFi\bin\;C:\Program Files\Common Files\Intel\WirelessCommon\;C:\Program Files\IBM\Cloud\bin;C:\Users\user01\AppData\Local\Microsoft\WindowsApps;C:\Program Files\Docker Toolbox;F:\dev\sts-bundle\sts-3.9.8.RELEASE;;."/>
    <property name="java.vm.info" value="mixed mode"/>
    <property name="java.vendor" value="AdoptOpenJdk"/>
    <property name="java.vm.version" value="25.202-b08"/>
    <property name="java.ext.dirs" value="F:\dev\AdoptOpenJDK\jdk-8.0.202.08\jre\lib\ext;C:\windows\Sun\Java\lib\ext"/>
    <property name="sun.io.unicode.encoding" value="UnicodeLittle"/>
    <property name="java.class.version" value="52.0"/>
  </properties>
  <testcase name="先生用コース登録ページ表示_クラスなし_ユーザーなし" classname="jp.spring.boot.algolearn.controller.teacher.CourseControllerTest" time="3.157"/>
  <testcase name="先生用コース登録ページ内クラス所属ユーザ除外_所属ユーザあり" classname="jp.spring.boot.algolearn.controller.teacher.CourseControllerTest" time="3.616">
    <failure message="Status expected:&lt;200&gt; but was:&lt;302&gt;" type="java.lang.AssertionError"><![CDATA[java.lang.AssertionError: Status expected:<200> but was:<302>
	at jp.spring.boot.algolearn.controller.teacher.CourseControllerTest.先生用コース登録ページ内クラス所属ユーザ除外_所属ユーザあり(CourseControllerTest.java:269)
]]></failure>
    <system-out><![CDATA[2019-07-03 08:22:02.807  INFO 2916 --- [           main] o.s.s.concurrent.ThreadPoolTaskExecutor  : Shutting down ExecutorService 'applicationTaskExecutor'
2019-07-03 08:22:02.807  INFO 2916 --- [           main] j.LocalContainerEntityManagerFactoryBean : Closing JPA EntityManagerFactory for persistence unit 'default'
2019-07-03 08:22:02.807  INFO 2916 --- [           main] .SchemaDropperImpl$DelayedDropActionImpl : HHH000477: Starting delayed evictData of schema as part of SessionFactory shut-down'
2019-07-03 08:22:02.807 DEBUG 2916 --- [           main] org.hibernate.SQL                        : drop table t_class if exists
2019-07-03 08:22:02.807 DEBUG 2916 --- [           main] org.hibernate.SQL                        : drop table t_class_course if exists
2019-07-03 08:22:02.807 DEBUG 2916 --- [           main] org.hibernate.SQL                        : drop table t_course if exists
2019-07-03 08:22:02.807 DEBUG 2916 --- [           main] org.hibernate.SQL                        : drop table t_question if exists
2019-07-03 08:22:02.807 DEBUG 2916 --- [           main] org.hibernate.SQL                        : drop table t_task if exists
2019-07-03 08:22:02.807 DEBUG 2916 --- [           main] org.hibernate.SQL                        : drop table t_task_course if exists
2019-07-03 08:22:02.807 DEBUG 2916 --- [           main] org.hibernate.SQL                        : drop table t_task_question if exists
2019-07-03 08:22:02.807 DEBUG 2916 --- [           main] org.hibernate.SQL                        : drop table t_task_valiable if exists
2019-07-03 08:22:02.807 DEBUG 2916 --- [           main] org.hibernate.SQL                        : drop table t_task_valiable_answer if exists
2019-07-03 08:22:02.807 DEBUG 2916 --- [           main] org.hibernate.SQL                        : drop table t_user if exists
2019-07-03 08:22:02.807 DEBUG 2916 --- [           main] org.hibernate.SQL                        : drop table t_user_class if exists
2019-07-03 08:22:02.807 DEBUG 2916 --- [           main] org.hibernate.SQL                        : drop table t_user_course if exists
2019-07-03 08:22:02.807 DEBUG 2916 --- [           main] org.hibernate.SQL                        : drop table t_user_task_code if exists
2019-07-03 08:22:02.807  INFO 2916 --- [           main] com.zaxxer.hikari.HikariDataSource       : HikariPool-8 - Shutdown initiated...
2019-07-03 08:22:02.822  INFO 2916 --- [           main] com.zaxxer.hikari.HikariDataSource       : HikariPool-8 - Shutdown completed.

  .   ____          _            __ _ _
 /\\ / ___'_ __ _ _(_)_ __  __ _ \ \ \ \
( ( )\___ | '_ | '_| | '_ \/ _` | \ \ \ \
 \\/  ___)| |_)| | | | | || (_| |  ) ) ) )
  '  |____| .__|_| |_|_| |_\__, | / / / /
 =========|_|==============|___/=/_/_/_/
 :: Spring Boot ::        (v2.1.6.RELEASE)

2019-07-03 08:22:03.143  INFO 2916 --- [           main] j.s.b.a.c.teacher.CourseControllerTest   : Starting CourseControllerTest on INST028 with PID 2916 (started by user01 in F:\dev\workspace_sts\algolearn_20190622)
2019-07-03 08:22:03.143  INFO 2916 --- [           main] j.s.b.a.c.teacher.CourseControllerTest   : The following profiles are active: test
2019-07-03 08:22:03.596  INFO 2916 --- [           main] .s.d.r.c.RepositoryConfigurationDelegate : Bootstrapping Spring Data repositories in DEFAULT mode.
2019-07-03 08:22:03.800  INFO 2916 --- [           main] .s.d.r.c.RepositoryConfigurationDelegate : Finished Spring Data repository scanning in 204ms. Found 5 repository interfaces.
2019-07-03 08:22:03.956  INFO 2916 --- [           main] trationDelegate$BeanPostProcessorChecker : Bean 'org.springframework.transaction.annotation.ProxyTransactionManagementConfiguration' of type [org.springframework.transaction.annotation.ProxyTransactionManagementConfiguration$$EnhancerBySpringCGLIB$$30dc68] is not eligible for getting processed by all BeanPostProcessors (for example: not eligible for auto-proxying)
2019-07-03 08:22:04.221  INFO 2916 --- [           main] o.s.b.w.embedded.tomcat.TomcatWebServer  : Tomcat initialized with port(s): 0 (http)
2019-07-03 08:22:04.234  INFO 2916 --- [           main] o.apache.catalina.core.StandardService   : Starting service [Tomcat]
2019-07-03 08:22:04.234  INFO 2916 --- [           main] org.apache.catalina.core.StandardEngine  : Starting Servlet engine: [Apache Tomcat/9.0.21]
2019-07-03 08:22:04.236  INFO 2916 --- [           main] o.a.c.c.C.[Tomcat].[localhost].[/]       : Initializing Spring embedded WebApplicationContext
2019-07-03 08:22:04.236  INFO 2916 --- [           main] o.s.web.context.ContextLoader            : Root WebApplicationContext: initialization completed in 1093 ms
2019-07-03 08:22:04.482  INFO 2916 --- [           main] com.zaxxer.hikari.HikariDataSource       : HikariPool-9 - Starting...
2019-07-03 08:22:04.482  INFO 2916 --- [           main] com.zaxxer.hikari.HikariDataSource       : HikariPool-9 - Start completed.
2019-07-03 08:22:04.638  INFO 2916 --- [           main] o.hibernate.jpa.internal.util.LogHelper  : HHH000204: Processing PersistenceUnitInfo [
	name: default
	...]
2019-07-03 08:22:04.685  INFO 2916 --- [           main] org.hibernate.dialect.Dialect            : HHH000400: Using dialect: org.hibernate.dialect.H2Dialect
2019-07-03 08:22:04.990 DEBUG 2916 --- [           main] org.hibernate.SQL                        : drop table t_class if exists
2019-07-03 08:22:04.990 DEBUG 2916 --- [           main] org.hibernate.SQL                        : drop table t_class_course if exists
2019-07-03 08:22:04.990 DEBUG 2916 --- [           main] org.hibernate.SQL                        : drop table t_course if exists
2019-07-03 08:22:04.990 DEBUG 2916 --- [           main] org.hibernate.SQL                        : drop table t_question if exists
2019-07-03 08:22:04.990 DEBUG 2916 --- [           main] org.hibernate.SQL                        : drop table t_task if exists
2019-07-03 08:22:04.990 DEBUG 2916 --- [           main] org.hibernate.SQL                        : drop table t_task_course if exists
2019-07-03 08:22:04.990 DEBUG 2916 --- [           main] org.hibernate.SQL                        : drop table t_task_question if exists
2019-07-03 08:22:04.990 DEBUG 2916 --- [           main] org.hibernate.SQL                        : drop table t_task_valiable if exists
2019-07-03 08:22:04.990 DEBUG 2916 --- [           main] org.hibernate.SQL                        : drop table t_task_valiable_answer if exists
2019-07-03 08:22:04.990 DEBUG 2916 --- [           main] org.hibernate.SQL                        : drop table t_user if exists
2019-07-03 08:22:04.990 DEBUG 2916 --- [           main] org.hibernate.SQL                        : drop table t_user_class if exists
2019-07-03 08:22:04.990 DEBUG 2916 --- [           main] org.hibernate.SQL                        : drop table t_user_course if exists
2019-07-03 08:22:04.990 DEBUG 2916 --- [           main] org.hibernate.SQL                        : drop table t_user_task_code if exists
2019-07-03 08:22:04.990 DEBUG 2916 --- [           main] org.hibernate.SQL                        : create table t_class (id integer generated by default as identity, name varchar(255), primary key (id))
2019-07-03 08:22:04.990 DEBUG 2916 --- [           main] org.hibernate.SQL                        : create table t_class_course (class_id integer not null, course_id integer not null, primary key (class_id, course_id))
2019-07-03 08:22:04.990 DEBUG 2916 --- [           main] org.hibernate.SQL                        : create table t_course (id integer generated by default as identity, name varchar(255), primary key (id))
2019-07-03 08:22:04.990 DEBUG 2916 --- [           main] org.hibernate.SQL                        : create table t_question (id integer generated by default as identity, description varchar(255), input_num integer, public_flg boolean not null, title varchar(255), primary key (id))
2019-07-03 08:22:05.006 DEBUG 2916 --- [           main] org.hibernate.SQL                        : create table t_task (id integer generated by default as identity, description varchar(255), language_id varchar(255), question_id integer, title varchar(255), primary key (id))
2019-07-03 08:22:05.006 DEBUG 2916 --- [           main] org.hibernate.SQL                        : create table t_task_course (course_id integer not null, task_id integer not null, number integer, primary key (course_id, task_id))
2019-07-03 08:22:05.006 DEBUG 2916 --- [           main] org.hibernate.SQL                        : create table t_task_question (course_id integer not null, task_id integer not null, question_id integer not null, primary key (course_id, task_id))
2019-07-03 08:22:05.006 DEBUG 2916 --- [           main] org.hibernate.SQL                        : create table t_task_valiable (task_id integer not null, val_number integer not null, date_type varchar(255), primary key (task_id, val_number))
2019-07-03 08:22:05.006 DEBUG 2916 --- [           main] org.hibernate.SQL                        : create table t_task_valiable_answer (task_id integer not null, val_number integer not null, parametor varchar(255), public_flg boolean, primary key (task_id, val_number))
2019-07-03 08:22:05.006 DEBUG 2916 --- [           main] org.hibernate.SQL                        : create table t_user (id varchar(255) not null, name varchar(255), password varchar(255) not null, role_id varchar(3) not null, primary key (id))
2019-07-03 08:22:05.006 DEBUG 2916 --- [           main] org.hibernate.SQL                        : create table t_user_class (class_id integer not null, user_id varchar(255) not null, primary key (class_id, user_id))
2019-07-03 08:22:05.006 DEBUG 2916 --- [           main] org.hibernate.SQL                        : create table t_user_course (course_id integer not null, user_id varchar(255) not null, primary key (course_id, user_id))
2019-07-03 08:22:05.006 DEBUG 2916 --- [           main] org.hibernate.SQL                        : create table t_user_task_code (course_id integer not null, task_id integer not null, user_id varchar(255) not null, additional_code varchar(255), check_code varchar(255), code varchar(255), status integer, primary key (course_id, task_id, user_id))
2019-07-03 08:22:05.006 DEBUG 2916 --- [           main] org.hibernate.SQL                        : alter table t_class_course add constraint FKtrjvcjrbk3a34kf92plsdj6fs foreign key (class_id) references t_class
2019-07-03 08:22:05.006 DEBUG 2916 --- [           main] org.hibernate.SQL                        : alter table t_class_course add constraint FKhmw6ufj3qm164mhm9nby1m073 foreign key (course_id) references t_course
2019-07-03 08:22:05.021 DEBUG 2916 --- [           main] org.hibernate.SQL                        : alter table t_task_course add constraint FK4jrxyc6v6wf0xso20wvlmh2ee foreign key (course_id) references t_course
2019-07-03 08:22:05.021 DEBUG 2916 --- [           main] org.hibernate.SQL                        : alter table t_task_course add constraint FKn1m1it14va4kmsofax0myqf5q foreign key (task_id) references t_task
2019-07-03 08:22:05.053 DEBUG 2916 --- [           main] org.hibernate.SQL                        : alter table t_task_question add constraint FKsb6xj06q3y17mqr20u9p601l3 foreign key (question_id) references t_question
2019-07-03 08:22:05.053 DEBUG 2916 --- [           main] org.hibernate.SQL                        : alter table t_task_question add constraint FKt371230vwrdfhccxyv6nbtn0h foreign key (task_id) references t_task
2019-07-03 08:22:05.068 DEBUG 2916 --- [           main] org.hibernate.SQL                        : alter table t_task_valiable add constraint FK6n6hm5nvxgem4ypsq6beqt0jh foreign key (task_id) references t_task
2019-07-03 08:22:05.068 DEBUG 2916 --- [           main] org.hibernate.SQL                        : alter table t_task_valiable_answer add constraint FK54y8v5a7ijwore959mtlkq44v foreign key (task_id) references t_task
2019-07-03 08:22:05.084 DEBUG 2916 --- [           main] org.hibernate.SQL                        : alter table t_user_class add constraint FKq93wm54euun6e584hup5kon7i foreign key (class_id) references t_class
2019-07-03 08:22:05.084 DEBUG 2916 --- [           main] org.hibernate.SQL                        : alter table t_user_class add constraint FKkyn2s946l9bqe2eyec4j6lslg foreign key (user_id) references t_user
2019-07-03 08:22:05.084 DEBUG 2916 --- [           main] org.hibernate.SQL                        : alter table t_user_course add constraint FK90imtv1278n7ixjhs8g84xdog foreign key (course_id) references t_course
2019-07-03 08:22:05.084 DEBUG 2916 --- [           main] org.hibernate.SQL                        : alter table t_user_course add constraint FKjj7ru3iy9xc1qyfumnwyxxbm3 foreign key (user_id) references t_user
2019-07-03 08:22:05.084 DEBUG 2916 --- [           main] org.hibernate.SQL                        : alter table t_user_task_code add constraint FKkjdatkav4agfmq8933ha2kt1i foreign key (course_id) references t_course
2019-07-03 08:22:05.084 DEBUG 2916 --- [           main] org.hibernate.SQL                        : alter table t_user_task_code add constraint FK74583k377nsqjo2mtkwl3hs9s foreign key (task_id) references t_task
2019-07-03 08:22:05.084 DEBUG 2916 --- [           main] org.hibernate.SQL                        : alter table t_user_task_code add constraint FK3xlknejdp3ry80bkx5j3gky5r foreign key (user_id) references t_user
2019-07-03 08:22:05.084  INFO 2916 --- [           main] o.h.t.schema.internal.SchemaCreatorImpl  : HHH000476: Executing import script 'org.hibernate.tool.schema.internal.exec.ScriptSourceInputNonExistentImpl@2a5c6b76'
2019-07-03 08:22:05.084  INFO 2916 --- [           main] j.LocalContainerEntityManagerFactoryBean : Initialized JPA EntityManagerFactory for persistence unit 'default'
2019-07-03 08:22:05.801  INFO 2916 --- [           main] o.s.s.concurrent.ThreadPoolTaskExecutor  : Initializing ExecutorService 'applicationTaskExecutor'
2019-07-03 08:22:05.814  WARN 2916 --- [           main] aWebConfiguration$JpaWebMvcConfiguration : spring.jpa.open-in-view is enabled by default. Therefore, database queries may be performed during view rendering. Explicitly configure spring.jpa.open-in-view to disable this warning
2019-07-03 08:22:06.252  INFO 2916 --- [           main] o.a.c.c.C.[Tomcat].[localhost].[/]       : Initializing Spring TestDispatcherServlet ''
2019-07-03 08:22:06.252  INFO 2916 --- [           main] o.s.t.web.servlet.TestDispatcherServlet  : Initializing Servlet ''
2019-07-03 08:22:06.283  INFO 2916 --- [           main] o.s.t.web.servlet.TestDispatcherServlet  : Completed initialization in 31 ms
2019-07-03 08:22:06.314  INFO 2916 --- [           main] o.s.b.w.embedded.tomcat.TomcatWebServer  : Tomcat started on port(s): 52911 (http) with context path ''
2019-07-03 08:22:06.314  INFO 2916 --- [           main] j.s.b.a.c.teacher.CourseControllerTest   : Started CourseControllerTest in 3.223 seconds (JVM running for 72.638)
2019-07-03 08:22:06.330  INFO 2916 --- [           main] o.a.c.c.C.[Tomcat].[localhost].[/]       : Initializing Spring TestDispatcherServlet ''
2019-07-03 08:22:06.330  INFO 2916 --- [           main] o.s.t.web.servlet.TestDispatcherServlet  : Initializing Servlet ''
2019-07-03 08:22:06.330  INFO 2916 --- [           main] o.s.t.web.servlet.TestDispatcherServlet  : Completed initialization in 0 ms
2019-07-03 08:22:06.361 DEBUG 2916 --- [           main] org.hibernate.SQL                        : select classbean0_.id as id1_0_0_, classbean0_.name as name2_0_0_ from t_class classbean0_ where classbean0_.id=?
2019-07-03 08:22:06.361 TRACE 2916 --- [           main] o.h.type.descriptor.sql.BasicBinder      : binding parameter [1] as [INTEGER] - [1]
2019-07-03 08:22:06.361 DEBUG 2916 --- [           main] org.hibernate.SQL                        : select userclassb0_.class_id as class_id1_10_0_, userclassb0_.user_id as user_id2_10_0_, userclassb0_.class_id as class_id1_10_1_, userclassb0_.user_id as user_id2_10_1_, userbean1_.id as id1_9_2_, userbean1_.name as name2_9_2_, userbean1_.password as password3_9_2_, userbean1_.role_id as role_id4_9_2_ from t_user_class userclassb0_ inner join t_user userbean1_ on userclassb0_.user_id=userbean1_.id where userclassb0_.class_id=?
2019-07-03 08:22:06.361 TRACE 2916 --- [           main] o.h.type.descriptor.sql.BasicBinder      : binding parameter [1] as [INTEGER] - [1]
2019-07-03 08:22:06.361 DEBUG 2916 --- [           main] org.hibernate.SQL                        : select usertaskco0_.user_id as user_id3_12_0_, usertaskco0_.course_id as course_i1_12_0_, usertaskco0_.task_id as task_id2_12_0_, usertaskco0_.course_id as course_i1_12_1_, usertaskco0_.task_id as task_id2_12_1_, usertaskco0_.user_id as user_id3_12_1_, usertaskco0_.additional_code as addition4_12_1_, usertaskco0_.check_code as check_co5_12_1_, usertaskco0_.code as code6_12_1_, usertaskco0_.status as status7_12_1_, coursebean1_.id as id1_2_2_, coursebean1_.name as name2_2_2_, taskbean2_.id as id1_4_3_, taskbean2_.description as descript2_4_3_, taskbean2_.language_id as language3_4_3_, taskbean2_.question_id as question4_4_3_, taskbean2_.title as title5_4_3_ from t_user_task_code usertaskco0_ inner join t_course coursebean1_ on usertaskco0_.course_id=coursebean1_.id inner join t_task taskbean2_ on usertaskco0_.task_id=taskbean2_.id where usertaskco0_.user_id=?
2019-07-03 08:22:06.361 TRACE 2916 --- [           main] o.h.type.descriptor.sql.BasicBinder      : binding parameter [1] as [VARCHAR] - [userid01]
2019-07-03 08:22:06.377 DEBUG 2916 --- [           main] org.hibernate.SQL                        : select usercourse0_.user_id as user_id2_11_0_, usercourse0_.course_id as course_i1_11_0_, usercourse0_.course_id as course_i1_11_1_, usercourse0_.user_id as user_id2_11_1_, coursebean1_.id as id1_2_2_, coursebean1_.name as name2_2_2_ from t_user_course usercourse0_ inner join t_course coursebean1_ on usercourse0_.course_id=coursebean1_.id where usercourse0_.user_id=?
2019-07-03 08:22:06.377 TRACE 2916 --- [           main] o.h.type.descriptor.sql.BasicBinder      : binding parameter [1] as [VARCHAR] - [userid01]
2019-07-03 08:22:06.377 DEBUG 2916 --- [           main] org.hibernate.SQL                        : select userclassb0_.user_id as user_id2_10_0_, userclassb0_.class_id as class_id1_10_0_, userclassb0_.class_id as class_id1_10_1_, userclassb0_.user_id as user_id2_10_1_, classbean1_.id as id1_0_2_, classbean1_.name as name2_0_2_ from t_user_class userclassb0_ inner join t_class classbean1_ on userclassb0_.class_id=classbean1_.id where userclassb0_.user_id=?
2019-07-03 08:22:06.377 TRACE 2916 --- [           main] o.h.type.descriptor.sql.BasicBinder      : binding parameter [1] as [VARCHAR] - [userid01]
2019-07-03 08:22:06.392 DEBUG 2916 --- [           main] org.hibernate.SQL                        : insert into t_course (id, name) values (null, ?)
2019-07-03 08:22:06.408 TRACE 2916 --- [           main] o.h.type.descriptor.sql.BasicBinder      : binding parameter [1] as [VARCHAR] - [null]
]]></system-out>
  </testcase>
  <testcase name="先生用コース登録ページ内クラス所属ユーザ除外_所属ユーザなし" classname="jp.spring.boot.algolearn.controller.teacher.CourseControllerTest" time="3.499"/>
  <testcase name="先生用コース登録ページ表示_クラスあり_ユーザーあり" classname="jp.spring.boot.algolearn.controller.teacher.CourseControllerTest" time="3.003"/>
  <testcase name="先生用コース登録処理_ユーザーあり_クラスあり" classname="jp.spring.boot.algolearn.controller.teacher.CourseControllerTest" time="3.381">
    <failure message="expected:&lt;0&gt; but was:&lt;1&gt;" type="java.lang.AssertionError"><![CDATA[java.lang.AssertionError: expected:<0> but was:<1>
	at jp.spring.boot.algolearn.controller.teacher.CourseControllerTest.lambda$先生用コース登録処理_ユーザーあり_クラスあり$2(CourseControllerTest.java:377)
	at jp.spring.boot.algolearn.controller.teacher.CourseControllerTest.先生用コース登録処理_ユーザーあり_クラスあり(CourseControllerTest.java:374)
]]></failure>
    <system-out><![CDATA[2019-07-03 08:22:12.925  INFO 2916 --- [           main] o.s.s.concurrent.ThreadPoolTaskExecutor  : Shutting down ExecutorService 'applicationTaskExecutor'
2019-07-03 08:22:12.925  INFO 2916 --- [           main] j.LocalContainerEntityManagerFactoryBean : Closing JPA EntityManagerFactory for persistence unit 'default'
2019-07-03 08:22:12.925  INFO 2916 --- [           main] .SchemaDropperImpl$DelayedDropActionImpl : HHH000477: Starting delayed evictData of schema as part of SessionFactory shut-down'
2019-07-03 08:22:12.925 DEBUG 2916 --- [           main] org.hibernate.SQL                        : drop table t_class if exists
2019-07-03 08:22:12.925 DEBUG 2916 --- [           main] org.hibernate.SQL                        : drop table t_class_course if exists
2019-07-03 08:22:12.925 DEBUG 2916 --- [           main] org.hibernate.SQL                        : drop table t_course if exists
2019-07-03 08:22:12.925 DEBUG 2916 --- [           main] org.hibernate.SQL                        : drop table t_question if exists
2019-07-03 08:22:12.925 DEBUG 2916 --- [           main] org.hibernate.SQL                        : drop table t_task if exists
2019-07-03 08:22:12.925 DEBUG 2916 --- [           main] org.hibernate.SQL                        : drop table t_task_course if exists
2019-07-03 08:22:12.925 DEBUG 2916 --- [           main] org.hibernate.SQL                        : drop table t_task_question if exists
2019-07-03 08:22:12.925 DEBUG 2916 --- [           main] org.hibernate.SQL                        : drop table t_task_valiable if exists
2019-07-03 08:22:12.925 DEBUG 2916 --- [           main] org.hibernate.SQL                        : drop table t_task_valiable_answer if exists
2019-07-03 08:22:12.925 DEBUG 2916 --- [           main] org.hibernate.SQL                        : drop table t_user if exists
2019-07-03 08:22:12.925 DEBUG 2916 --- [           main] org.hibernate.SQL                        : drop table t_user_class if exists
2019-07-03 08:22:12.940 DEBUG 2916 --- [           main] org.hibernate.SQL                        : drop table t_user_course if exists
2019-07-03 08:22:12.940 DEBUG 2916 --- [           main] org.hibernate.SQL                        : drop table t_user_task_code if exists
2019-07-03 08:22:12.940  INFO 2916 --- [           main] com.zaxxer.hikari.HikariDataSource       : HikariPool-11 - Shutdown initiated...
2019-07-03 08:22:12.940  INFO 2916 --- [           main] com.zaxxer.hikari.HikariDataSource       : HikariPool-11 - Shutdown completed.

  .   ____          _            __ _ _
 /\\ / ___'_ __ _ _(_)_ __  __ _ \ \ \ \
( ( )\___ | '_ | '_| | '_ \/ _` | \ \ \ \
 \\/  ___)| |_)| | | | | || (_| |  ) ) ) )
  '  |____| .__|_| |_|_| |_\__, | / / / /
 =========|_|==============|___/=/_/_/_/
 :: Spring Boot ::        (v2.1.6.RELEASE)

2019-07-03 08:22:13.300  INFO 2916 --- [           main] j.s.b.a.c.teacher.CourseControllerTest   : Starting CourseControllerTest on INST028 with PID 2916 (started by user01 in F:\dev\workspace_sts\algolearn_20190622)
2019-07-03 08:22:13.300  INFO 2916 --- [           main] j.s.b.a.c.teacher.CourseControllerTest   : The following profiles are active: test
2019-07-03 08:22:13.721  INFO 2916 --- [           main] .s.d.r.c.RepositoryConfigurationDelegate : Bootstrapping Spring Data repositories in DEFAULT mode.
2019-07-03 08:22:13.893  INFO 2916 --- [           main] .s.d.r.c.RepositoryConfigurationDelegate : Finished Spring Data repository scanning in 172ms. Found 5 repository interfaces.
2019-07-03 08:22:13.974  INFO 2916 --- [           main] trationDelegate$BeanPostProcessorChecker : Bean 'org.springframework.transaction.annotation.ProxyTransactionManagementConfiguration' of type [org.springframework.transaction.annotation.ProxyTransactionManagementConfiguration$$EnhancerBySpringCGLIB$$30dc68] is not eligible for getting processed by all BeanPostProcessors (for example: not eligible for auto-proxying)
2019-07-03 08:22:14.177  INFO 2916 --- [           main] o.s.b.w.embedded.tomcat.TomcatWebServer  : Tomcat initialized with port(s): 0 (http)
2019-07-03 08:22:14.177  INFO 2916 --- [           main] o.apache.catalina.core.StandardService   : Starting service [Tomcat]
2019-07-03 08:22:14.177  INFO 2916 --- [           main] org.apache.catalina.core.StandardEngine  : Starting Servlet engine: [Apache Tomcat/9.0.21]
2019-07-03 08:22:14.193  INFO 2916 --- [           main] o.a.c.c.C.[Tomcat].[localhost].[/]       : Initializing Spring embedded WebApplicationContext
2019-07-03 08:22:14.193  INFO 2916 --- [           main] o.s.web.context.ContextLoader            : Root WebApplicationContext: initialization completed in 878 ms
2019-07-03 08:22:14.380  INFO 2916 --- [           main] com.zaxxer.hikari.HikariDataSource       : HikariPool-12 - Starting...
2019-07-03 08:22:14.380  INFO 2916 --- [           main] com.zaxxer.hikari.HikariDataSource       : HikariPool-12 - Start completed.
2019-07-03 08:22:14.505  INFO 2916 --- [           main] o.hibernate.jpa.internal.util.LogHelper  : HHH000204: Processing PersistenceUnitInfo [
	name: default
	...]
2019-07-03 08:22:14.552  INFO 2916 --- [           main] org.hibernate.dialect.Dialect            : HHH000400: Using dialect: org.hibernate.dialect.H2Dialect
2019-07-03 08:22:14.739 DEBUG 2916 --- [           main] org.hibernate.SQL                        : drop table t_class if exists
2019-07-03 08:22:14.739 DEBUG 2916 --- [           main] org.hibernate.SQL                        : drop table t_class_course if exists
2019-07-03 08:22:14.739 DEBUG 2916 --- [           main] org.hibernate.SQL                        : drop table t_course if exists
2019-07-03 08:22:14.739 DEBUG 2916 --- [           main] org.hibernate.SQL                        : drop table t_question if exists
2019-07-03 08:22:14.739 DEBUG 2916 --- [           main] org.hibernate.SQL                        : drop table t_task if exists
2019-07-03 08:22:14.739 DEBUG 2916 --- [           main] org.hibernate.SQL                        : drop table t_task_course if exists
2019-07-03 08:22:14.739 DEBUG 2916 --- [           main] org.hibernate.SQL                        : drop table t_task_question if exists
2019-07-03 08:22:14.739 DEBUG 2916 --- [           main] org.hibernate.SQL                        : drop table t_task_valiable if exists
2019-07-03 08:22:14.739 DEBUG 2916 --- [           main] org.hibernate.SQL                        : drop table t_task_valiable_answer if exists
2019-07-03 08:22:14.739 DEBUG 2916 --- [           main] org.hibernate.SQL                        : drop table t_user if exists
2019-07-03 08:22:14.739 DEBUG 2916 --- [           main] org.hibernate.SQL                        : drop table t_user_class if exists
2019-07-03 08:22:14.739 DEBUG 2916 --- [           main] org.hibernate.SQL                        : drop table t_user_course if exists
2019-07-03 08:22:14.739 DEBUG 2916 --- [           main] org.hibernate.SQL                        : drop table t_user_task_code if exists
2019-07-03 08:22:14.739 DEBUG 2916 --- [           main] org.hibernate.SQL                        : create table t_class (id integer generated by default as identity, name varchar(255), primary key (id))
2019-07-03 08:22:14.739 DEBUG 2916 --- [           main] org.hibernate.SQL                        : create table t_class_course (class_id integer not null, course_id integer not null, primary key (class_id, course_id))
2019-07-03 08:22:14.739 DEBUG 2916 --- [           main] org.hibernate.SQL                        : create table t_course (id integer generated by default as identity, name varchar(255), primary key (id))
2019-07-03 08:22:14.739 DEBUG 2916 --- [           main] org.hibernate.SQL                        : create table t_question (id integer generated by default as identity, description varchar(255), input_num integer, public_flg boolean not null, title varchar(255), primary key (id))
2019-07-03 08:22:14.739 DEBUG 2916 --- [           main] org.hibernate.SQL                        : create table t_task (id integer generated by default as identity, description varchar(255), language_id varchar(255), question_id integer, title varchar(255), primary key (id))
2019-07-03 08:22:14.739 DEBUG 2916 --- [           main] org.hibernate.SQL                        : create table t_task_course (course_id integer not null, task_id integer not null, number integer, primary key (course_id, task_id))
2019-07-03 08:22:14.739 DEBUG 2916 --- [           main] org.hibernate.SQL                        : create table t_task_question (course_id integer not null, task_id integer not null, question_id integer not null, primary key (course_id, task_id))
2019-07-03 08:22:14.755 DEBUG 2916 --- [           main] org.hibernate.SQL                        : create table t_task_valiable (task_id integer not null, val_number integer not null, date_type varchar(255), primary key (task_id, val_number))
2019-07-03 08:22:14.755 DEBUG 2916 --- [           main] org.hibernate.SQL                        : create table t_task_valiable_answer (task_id integer not null, val_number integer not null, parametor varchar(255), public_flg boolean, primary key (task_id, val_number))
2019-07-03 08:22:14.755 DEBUG 2916 --- [           main] org.hibernate.SQL                        : create table t_user (id varchar(255) not null, name varchar(255), password varchar(255) not null, role_id varchar(3) not null, primary key (id))
2019-07-03 08:22:14.755 DEBUG 2916 --- [           main] org.hibernate.SQL                        : create table t_user_class (class_id integer not null, user_id varchar(255) not null, primary key (class_id, user_id))
2019-07-03 08:22:14.755 DEBUG 2916 --- [           main] org.hibernate.SQL                        : create table t_user_course (course_id integer not null, user_id varchar(255) not null, primary key (course_id, user_id))
2019-07-03 08:22:14.755 DEBUG 2916 --- [           main] org.hibernate.SQL                        : create table t_user_task_code (course_id integer not null, task_id integer not null, user_id varchar(255) not null, additional_code varchar(255), check_code varchar(255), code varchar(255), status integer, primary key (course_id, task_id, user_id))
2019-07-03 08:22:14.755 DEBUG 2916 --- [           main] org.hibernate.SQL                        : alter table t_class_course add constraint FKtrjvcjrbk3a34kf92plsdj6fs foreign key (class_id) references t_class
2019-07-03 08:22:14.771 DEBUG 2916 --- [           main] org.hibernate.SQL                        : alter table t_class_course add constraint FKhmw6ufj3qm164mhm9nby1m073 foreign key (course_id) references t_course
2019-07-03 08:22:14.771 DEBUG 2916 --- [           main] org.hibernate.SQL                        : alter table t_task_course add constraint FK4jrxyc6v6wf0xso20wvlmh2ee foreign key (course_id) references t_course
2019-07-03 08:22:14.771 DEBUG 2916 --- [           main] org.hibernate.SQL                        : alter table t_task_course add constraint FKn1m1it14va4kmsofax0myqf5q foreign key (task_id) references t_task
2019-07-03 08:22:14.771 DEBUG 2916 --- [           main] org.hibernate.SQL                        : alter table t_task_question add constraint FKsb6xj06q3y17mqr20u9p601l3 foreign key (question_id) references t_question
2019-07-03 08:22:14.771 DEBUG 2916 --- [           main] org.hibernate.SQL                        : alter table t_task_question add constraint FKt371230vwrdfhccxyv6nbtn0h foreign key (task_id) references t_task
2019-07-03 08:22:14.771 DEBUG 2916 --- [           main] org.hibernate.SQL                        : alter table t_task_valiable add constraint FK6n6hm5nvxgem4ypsq6beqt0jh foreign key (task_id) references t_task
2019-07-03 08:22:14.786 DEBUG 2916 --- [           main] org.hibernate.SQL                        : alter table t_task_valiable_answer add constraint FK54y8v5a7ijwore959mtlkq44v foreign key (task_id) references t_task
2019-07-03 08:22:14.786 DEBUG 2916 --- [           main] org.hibernate.SQL                        : alter table t_user_class add constraint FKq93wm54euun6e584hup5kon7i foreign key (class_id) references t_class
2019-07-03 08:22:14.786 DEBUG 2916 --- [           main] org.hibernate.SQL                        : alter table t_user_class add constraint FKkyn2s946l9bqe2eyec4j6lslg foreign key (user_id) references t_user
2019-07-03 08:22:14.786 DEBUG 2916 --- [           main] org.hibernate.SQL                        : alter table t_user_course add constraint FK90imtv1278n7ixjhs8g84xdog foreign key (course_id) references t_course
2019-07-03 08:22:14.786 DEBUG 2916 --- [           main] org.hibernate.SQL                        : alter table t_user_course add constraint FKjj7ru3iy9xc1qyfumnwyxxbm3 foreign key (user_id) references t_user
2019-07-03 08:22:14.802 DEBUG 2916 --- [           main] org.hibernate.SQL                        : alter table t_user_task_code add constraint FKkjdatkav4agfmq8933ha2kt1i foreign key (course_id) references t_course
2019-07-03 08:22:14.802 DEBUG 2916 --- [           main] org.hibernate.SQL                        : alter table t_user_task_code add constraint FK74583k377nsqjo2mtkwl3hs9s foreign key (task_id) references t_task
2019-07-03 08:22:14.802 DEBUG 2916 --- [           main] org.hibernate.SQL                        : alter table t_user_task_code add constraint FK3xlknejdp3ry80bkx5j3gky5r foreign key (user_id) references t_user
2019-07-03 08:22:14.817  INFO 2916 --- [           main] o.h.t.schema.internal.SchemaCreatorImpl  : HHH000476: Executing import script 'org.hibernate.tool.schema.internal.exec.ScriptSourceInputNonExistentImpl@2a5c6b76'
2019-07-03 08:22:14.817  INFO 2916 --- [           main] j.LocalContainerEntityManagerFactoryBean : Initialized JPA EntityManagerFactory for persistence unit 'default'
2019-07-03 08:22:15.478  INFO 2916 --- [           main] o.s.s.concurrent.ThreadPoolTaskExecutor  : Initializing ExecutorService 'applicationTaskExecutor'
2019-07-03 08:22:15.509  WARN 2916 --- [           main] aWebConfiguration$JpaWebMvcConfiguration : spring.jpa.open-in-view is enabled by default. Therefore, database queries may be performed during view rendering. Explicitly configure spring.jpa.open-in-view to disable this warning
2019-07-03 08:22:16.134  INFO 2916 --- [           main] o.a.c.c.C.[Tomcat].[localhost].[/]       : Initializing Spring TestDispatcherServlet ''
2019-07-03 08:22:16.134  INFO 2916 --- [           main] o.s.t.web.servlet.TestDispatcherServlet  : Initializing Servlet ''
2019-07-03 08:22:16.149  INFO 2916 --- [           main] o.s.t.web.servlet.TestDispatcherServlet  : Completed initialization in 15 ms
2019-07-03 08:22:16.180  INFO 2916 --- [           main] o.s.b.w.embedded.tomcat.TomcatWebServer  : Tomcat started on port(s): 52932 (http) with context path ''
2019-07-03 08:22:16.180  INFO 2916 --- [           main] j.s.b.a.c.teacher.CourseControllerTest   : Started CourseControllerTest in 2.943 seconds (JVM running for 82.494)
2019-07-03 08:22:16.180  INFO 2916 --- [           main] o.a.c.c.C.[Tomcat].[localhost].[/]       : Initializing Spring TestDispatcherServlet ''
2019-07-03 08:22:16.180  INFO 2916 --- [           main] o.s.t.web.servlet.TestDispatcherServlet  : Initializing Servlet ''
2019-07-03 08:22:16.196  INFO 2916 --- [           main] o.s.t.web.servlet.TestDispatcherServlet  : Completed initialization in 16 ms
2019-07-03 08:22:16.196 DEBUG 2916 --- [           main] org.hibernate.SQL                        : select classbean0_.id as id1_0_0_, classbean0_.name as name2_0_0_ from t_class classbean0_ where classbean0_.id=?
2019-07-03 08:22:16.196 TRACE 2916 --- [           main] o.h.type.descriptor.sql.BasicBinder      : binding parameter [1] as [INTEGER] - [1]
2019-07-03 08:22:16.196 DEBUG 2916 --- [           main] org.hibernate.SQL                        : select userclassb0_.class_id as class_id1_10_0_, userclassb0_.user_id as user_id2_10_0_, userclassb0_.class_id as class_id1_10_1_, userclassb0_.user_id as user_id2_10_1_, userbean1_.id as id1_9_2_, userbean1_.name as name2_9_2_, userbean1_.password as password3_9_2_, userbean1_.role_id as role_id4_9_2_ from t_user_class userclassb0_ inner join t_user userbean1_ on userclassb0_.user_id=userbean1_.id where userclassb0_.class_id=?
2019-07-03 08:22:16.196 TRACE 2916 --- [           main] o.h.type.descriptor.sql.BasicBinder      : binding parameter [1] as [INTEGER] - [1]
2019-07-03 08:22:16.212 DEBUG 2916 --- [           main] org.hibernate.SQL                        : select usertaskco0_.user_id as user_id3_12_0_, usertaskco0_.course_id as course_i1_12_0_, usertaskco0_.task_id as task_id2_12_0_, usertaskco0_.course_id as course_i1_12_1_, usertaskco0_.task_id as task_id2_12_1_, usertaskco0_.user_id as user_id3_12_1_, usertaskco0_.additional_code as addition4_12_1_, usertaskco0_.check_code as check_co5_12_1_, usertaskco0_.code as code6_12_1_, usertaskco0_.status as status7_12_1_, coursebean1_.id as id1_2_2_, coursebean1_.name as name2_2_2_, taskbean2_.id as id1_4_3_, taskbean2_.description as descript2_4_3_, taskbean2_.language_id as language3_4_3_, taskbean2_.question_id as question4_4_3_, taskbean2_.title as title5_4_3_ from t_user_task_code usertaskco0_ inner join t_course coursebean1_ on usertaskco0_.course_id=coursebean1_.id inner join t_task taskbean2_ on usertaskco0_.task_id=taskbean2_.id where usertaskco0_.user_id=?
2019-07-03 08:22:16.212 TRACE 2916 --- [           main] o.h.type.descriptor.sql.BasicBinder      : binding parameter [1] as [VARCHAR] - [userid01]
2019-07-03 08:22:16.212 DEBUG 2916 --- [           main] org.hibernate.SQL                        : select usercourse0_.user_id as user_id2_11_0_, usercourse0_.course_id as course_i1_11_0_, usercourse0_.course_id as course_i1_11_1_, usercourse0_.user_id as user_id2_11_1_, coursebean1_.id as id1_2_2_, coursebean1_.name as name2_2_2_ from t_user_course usercourse0_ inner join t_course coursebean1_ on usercourse0_.course_id=coursebean1_.id where usercourse0_.user_id=?
2019-07-03 08:22:16.212 TRACE 2916 --- [           main] o.h.type.descriptor.sql.BasicBinder      : binding parameter [1] as [VARCHAR] - [userid01]
2019-07-03 08:22:16.212 DEBUG 2916 --- [           main] org.hibernate.SQL                        : select userclassb0_.user_id as user_id2_10_0_, userclassb0_.class_id as class_id1_10_0_, userclassb0_.class_id as class_id1_10_1_, userclassb0_.user_id as user_id2_10_1_, classbean1_.id as id1_0_2_, classbean1_.name as name2_0_2_ from t_user_class userclassb0_ inner join t_class classbean1_ on userclassb0_.class_id=classbean1_.id where userclassb0_.user_id=?
2019-07-03 08:22:16.212 TRACE 2916 --- [           main] o.h.type.descriptor.sql.BasicBinder      : binding parameter [1] as [VARCHAR] - [userid01]
2019-07-03 08:22:16.212 DEBUG 2916 --- [           main] org.hibernate.SQL                        : select userbean0_.id as id1_9_0_, userbean0_.name as name2_9_0_, userbean0_.password as password3_9_0_, userbean0_.role_id as role_id4_9_0_, userclassb1_.user_id as user_id2_10_1_, userclassb1_.class_id as class_id1_10_1_, userclassb1_.class_id as class_id1_10_2_, userclassb1_.user_id as user_id2_10_2_, classbean2_.id as id1_0_3_, classbean2_.name as name2_0_3_, usercourse3_.user_id as user_id2_11_4_, usercourse3_.course_id as course_i1_11_4_, usercourse3_.course_id as course_i1_11_5_, usercourse3_.user_id as user_id2_11_5_, coursebean4_.id as id1_2_6_, coursebean4_.name as name2_2_6_, classcours5_.course_id as course_i2_1_7_, classcours5_.class_id as class_id1_1_7_, classcours5_.class_id as class_id1_1_8_, classcours5_.course_id as course_i2_1_8_, classbean6_.id as id1_0_9_, classbean6_.name as name2_0_9_, usertaskco7_.course_id as course_i1_12_10_, usertaskco7_.task_id as task_id2_12_10_, usertaskco7_.user_id as user_id3_12_10_, usertaskco7_.course_id as course_i1_12_11_, usertaskco7_.task_id as task_id2_12_11_, usertaskco7_.user_id as user_id3_12_11_, usertaskco7_.additional_code as addition4_12_11_, usertaskco7_.check_code as check_co5_12_11_, usertaskco7_.code as code6_12_11_, usertaskco7_.status as status7_12_11_, taskbean8_.id as id1_4_12_, taskbean8_.description as descript2_4_12_, taskbean8_.language_id as language3_4_12_, taskbean8_.question_id as question4_4_12_, taskbean8_.title as title5_4_12_, taskcourse9_.task_id as task_id2_5_13_, taskcourse9_.course_id as course_i1_5_13_, taskcourse9_.course_id as course_i1_5_14_, taskcourse9_.task_id as task_id2_5_14_, taskcourse9_.number as number3_5_14_, coursebean10_.id as id1_2_15_, coursebean10_.name as name2_2_15_, taskquesti11_.task_id as task_id2_6_16_, taskquesti11_.course_id as course_i1_6_16_, taskquesti11_.course_id as course_i1_6_17_, taskquesti11_.task_id as task_id2_6_17_, taskquesti11_.question_id as question3_6_17_, questionbe12_.id as id1_3_18_, questionbe12_.description as descript2_3_18_, questionbe12_.input_num as input_nu3_3_18_, questionbe12_.public_flg as public_f4_3_18_, questionbe12_.title as title5_3_18_, userbean13_.id as id1_9_19_, userbean13_.name as name2_9_19_, userbean13_.password as password3_9_19_, userbean13_.role_id as role_id4_9_19_ from t_user userbean0_ left outer join t_user_class userclassb1_ on userbean0_.id=userclassb1_.user_id left outer join t_class classbean2_ on userclassb1_.class_id=classbean2_.id left outer join t_user_course usercourse3_ on userbean0_.id=usercourse3_.user_id left outer join t_course coursebean4_ on usercourse3_.course_id=coursebean4_.id left outer join t_class_course classcours5_ on coursebean4_.id=classcours5_.course_id left outer join t_class classbean6_ on classcours5_.class_id=classbean6_.id left outer join t_user_task_code usertaskco7_ on coursebean4_.id=usertaskco7_.course_id left outer join t_task taskbean8_ on usertaskco7_.task_id=taskbean8_.id left outer join t_task_course taskcourse9_ on taskbean8_.id=taskcourse9_.task_id left outer join t_course coursebean10_ on taskcourse9_.course_id=coursebean10_.id left outer join t_task_question taskquesti11_ on taskbean8_.id=taskquesti11_.task_id left outer join t_question questionbe12_ on taskquesti11_.question_id=questionbe12_.id left outer join t_user userbean13_ on usertaskco7_.user_id=userbean13_.id where userbean0_.id=?
2019-07-03 08:22:16.227 TRACE 2916 --- [           main] o.h.type.descriptor.sql.BasicBinder      : binding parameter [1] as [VARCHAR] - [userid02]
2019-07-03 08:22:16.243 DEBUG 2916 --- [           main] org.hibernate.SQL                        : select usertaskco0_.user_id as user_id3_12_0_, usertaskco0_.course_id as course_i1_12_0_, usertaskco0_.task_id as task_id2_12_0_, usertaskco0_.course_id as course_i1_12_1_, usertaskco0_.task_id as task_id2_12_1_, usertaskco0_.user_id as user_id3_12_1_, usertaskco0_.additional_code as addition4_12_1_, usertaskco0_.check_code as check_co5_12_1_, usertaskco0_.code as code6_12_1_, usertaskco0_.status as status7_12_1_, coursebean1_.id as id1_2_2_, coursebean1_.name as name2_2_2_, taskbean2_.id as id1_4_3_, taskbean2_.description as descript2_4_3_, taskbean2_.language_id as language3_4_3_, taskbean2_.question_id as question4_4_3_, taskbean2_.title as title5_4_3_ from t_user_task_code usertaskco0_ inner join t_course coursebean1_ on usertaskco0_.course_id=coursebean1_.id inner join t_task taskbean2_ on usertaskco0_.task_id=taskbean2_.id where usertaskco0_.user_id=?
2019-07-03 08:22:16.243 TRACE 2916 --- [           main] o.h.type.descriptor.sql.BasicBinder      : binding parameter [1] as [VARCHAR] - [userid02]
2019-07-03 08:22:16.243 DEBUG 2916 --- [           main] org.hibernate.SQL                        : insert into t_course (id, name) values (null, ?)
2019-07-03 08:22:16.243 TRACE 2916 --- [           main] o.h.type.descriptor.sql.BasicBinder      : binding parameter [1] as [VARCHAR] - [コース１]
2019-07-03 08:22:16.259 DEBUG 2916 --- [           main] org.hibernate.SQL                        : select coursebean0_.id as id1_2_0_, coursebean0_.name as name2_2_0_, classcours1_.course_id as course_i2_1_1_, classcours1_.class_id as class_id1_1_1_, classcours1_.class_id as class_id1_1_2_, classcours1_.course_id as course_i2_1_2_, classbean2_.id as id1_0_3_, classbean2_.name as name2_0_3_, usercourse3_.course_id as course_i1_11_4_, usercourse3_.user_id as user_id2_11_4_, usercourse3_.course_id as course_i1_11_5_, usercourse3_.user_id as user_id2_11_5_, userbean4_.id as id1_9_6_, userbean4_.name as name2_9_6_, userbean4_.password as password3_9_6_, userbean4_.role_id as role_id4_9_6_, userclassb5_.user_id as user_id2_10_7_, userclassb5_.class_id as class_id1_10_7_, userclassb5_.class_id as class_id1_10_8_, userclassb5_.user_id as user_id2_10_8_, classbean6_.id as id1_0_9_, classbean6_.name as name2_0_9_, usertaskco7_.user_id as user_id3_12_10_, usertaskco7_.course_id as course_i1_12_10_, usertaskco7_.task_id as task_id2_12_10_, usertaskco7_.course_id as course_i1_12_11_, usertaskco7_.task_id as task_id2_12_11_, usertaskco7_.user_id as user_id3_12_11_, usertaskco7_.additional_code as addition4_12_11_, usertaskco7_.check_code as check_co5_12_11_, usertaskco7_.code as code6_12_11_, usertaskco7_.status as status7_12_11_, coursebean8_.id as id1_2_12_, coursebean8_.name as name2_2_12_, taskbean9_.id as id1_4_13_, taskbean9_.description as descript2_4_13_, taskbean9_.language_id as language3_4_13_, taskbean9_.question_id as question4_4_13_, taskbean9_.title as title5_4_13_, taskcourse10_.task_id as task_id2_5_14_, taskcourse10_.course_id as course_i1_5_14_, taskcourse10_.course_id as course_i1_5_15_, taskcourse10_.task_id as task_id2_5_15_, taskcourse10_.number as number3_5_15_, coursebean11_.id as id1_2_16_, coursebean11_.name as name2_2_16_, taskquesti12_.task_id as task_id2_6_17_, taskquesti12_.course_id as course_i1_6_17_, taskquesti12_.course_id as course_i1_6_18_, taskquesti12_.task_id as task_id2_6_18_, taskquesti12_.question_id as question3_6_18_, questionbe13_.id as id1_3_19_, questionbe13_.description as descript2_3_19_, questionbe13_.input_num as input_nu3_3_19_, questionbe13_.public_flg as public_f4_3_19_, questionbe13_.title as title5_3_19_ from t_course coursebean0_ left outer join t_class_course classcours1_ on coursebean0_.id=classcours1_.course_id left outer join t_class classbean2_ on classcours1_.class_id=classbean2_.id left outer join t_user_course usercourse3_ on coursebean0_.id=usercourse3_.course_id left outer join t_user userbean4_ on usercourse3_.user_id=userbean4_.id left outer join t_user_class userclassb5_ on userbean4_.id=userclassb5_.user_id left outer join t_class classbean6_ on userclassb5_.class_id=classbean6_.id left outer join t_user_task_code usertaskco7_ on userbean4_.id=usertaskco7_.user_id left outer join t_course coursebean8_ on usertaskco7_.course_id=coursebean8_.id left outer join t_task taskbean9_ on usertaskco7_.task_id=taskbean9_.id left outer join t_task_course taskcourse10_ on taskbean9_.id=taskcourse10_.task_id left outer join t_course coursebean11_ on taskcourse10_.course_id=coursebean11_.id left outer join t_task_question taskquesti12_ on taskbean9_.id=taskquesti12_.task_id left outer join t_question questionbe13_ on taskquesti12_.question_id=questionbe13_.id where coursebean0_.id=?
2019-07-03 08:22:16.259 TRACE 2916 --- [           main] o.h.type.descriptor.sql.BasicBinder      : binding parameter [1] as [INTEGER] - [1]
2019-07-03 08:22:16.259 DEBUG 2916 --- [           main] org.hibernate.SQL                        : select usertaskco0_.course_id as course_i1_12_0_, usertaskco0_.task_id as task_id2_12_0_, usertaskco0_.user_id as user_id3_12_0_, usertaskco0_.course_id as course_i1_12_1_, usertaskco0_.task_id as task_id2_12_1_, usertaskco0_.user_id as user_id3_12_1_, usertaskco0_.additional_code as addition4_12_1_, usertaskco0_.check_code as check_co5_12_1_, usertaskco0_.code as code6_12_1_, usertaskco0_.status as status7_12_1_, taskbean1_.id as id1_4_2_, taskbean1_.description as descript2_4_2_, taskbean1_.language_id as language3_4_2_, taskbean1_.question_id as question4_4_2_, taskbean1_.title as title5_4_2_, userbean2_.id as id1_9_3_, userbean2_.name as name2_9_3_, userbean2_.password as password3_9_3_, userbean2_.role_id as role_id4_9_3_ from t_user_task_code usertaskco0_ inner join t_task taskbean1_ on usertaskco0_.task_id=taskbean1_.id inner join t_user userbean2_ on usertaskco0_.user_id=userbean2_.id where usertaskco0_.course_id=?
2019-07-03 08:22:16.259 TRACE 2916 --- [           main] o.h.type.descriptor.sql.BasicBinder      : binding parameter [1] as [INTEGER] - [1]
]]></system-out>
  </testcase>
  <testcase name="先生用コース一覧ページ表示_コースあり" classname="jp.spring.boot.algolearn.controller.teacher.CourseControllerTest" time="3.632"/>
  <testcase name="先生用コース一覧ページ表示_コースなし" classname="jp.spring.boot.algolearn.controller.teacher.CourseControllerTest" time="3.453"/>
</testsuite>