<?xml version="1.0" encoding="UTF-8"?>
<testsuite xmlns:xsi="http://www.w3.org/2001/XMLSchema-instance" xsi:noNamespaceSchemaLocation="https://maven.apache.org/surefire/maven-surefire-plugin/xsd/surefire-test-report.xsd" name="jp.spring.boot.algolearn.controller.teacher.StudentControllerTest" time="9.453" tests="6" errors="5" skipped="0" failures="0">
  <properties>
    <property name="sun.desktop" value="windows"/>
    <property name="awt.toolkit" value="sun.awt.windows.WToolkit"/>
    <property name="file.encoding.pkg" value="sun.io"/>
    <property name="java.specification.version" value="1.8"/>
    <property name="sun.cpu.isalist" value="amd64"/>
    <property name="sun.jnu.encoding" value="MS932"/>
    <property name="java.class.path" value="F:\dev\workspace_sts\algolearn_20190622\target\test-classes;F:\dev\workspace_sts\algolearn_20190622\target\classes;C:\Users\user01-m\.m2\repository\org\springframework\boot\spring-boot-starter\2.0.0.RELEASE\spring-boot-starter-2.0.0.RELEASE.jar;C:\Users\user01-m\.m2\repository\org\springframework\boot\spring-boot\2.0.0.RELEASE\spring-boot-2.0.0.RELEASE.jar;C:\Users\user01-m\.m2\repository\org\springframework\spring-context\5.0.4.RELEASE\spring-context-5.0.4.RELEASE.jar;C:\Users\user01-m\.m2\repository\org\springframework\boot\spring-boot-autoconfigure\2.0.0.RELEASE\spring-boot-autoconfigure-2.0.0.RELEASE.jar;C:\Users\user01-m\.m2\repository\org\springframework\boot\spring-boot-starter-logging\2.0.0.RELEASE\spring-boot-starter-logging-2.0.0.RELEASE.jar;C:\Users\user01-m\.m2\repository\ch\qos\logback\logback-classic\1.2.3\logback-classic-1.2.3.jar;C:\Users\user01-m\.m2\repository\ch\qos\logback\logback-core\1.2.3\logback-core-1.2.3.jar;C:\Users\user01-m\.m2\repository\org\apache\logging\log4j\log4j-to-slf4j\2.10.0\log4j-to-slf4j-2.10.0.jar;C:\Users\user01-m\.m2\repository\org\apache\logging\log4j\log4j-api\2.10.0\log4j-api-2.10.0.jar;C:\Users\user01-m\.m2\repository\org\slf4j\jul-to-slf4j\1.7.25\jul-to-slf4j-1.7.25.jar;C:\Users\user01-m\.m2\repository\javax\annotation\javax.annotation-api\1.3.2\javax.annotation-api-1.3.2.jar;C:\Users\user01-m\.m2\repository\org\springframework\spring-core\5.0.4.RELEASE\spring-core-5.0.4.RELEASE.jar;C:\Users\user01-m\.m2\repository\org\springframework\spring-jcl\5.0.4.RELEASE\spring-jcl-5.0.4.RELEASE.jar;C:\Users\user01-m\.m2\repository\org\yaml\snakeyaml\1.19\snakeyaml-1.19.jar;C:\Users\user01-m\.m2\repository\org\springframework\boot\spring-boot-starter-web\2.0.0.RELEASE\spring-boot-starter-web-2.0.0.RELEASE.jar;C:\Users\user01-m\.m2\repository\org\springframework\boot\spring-boot-starter-json\2.0.0.RELEASE\spring-boot-starter-json-2.0.0.RELEASE.jar;C:\Users\user01-m\.m2\repository\com\fasterxml\jackson\core\jackson-databind\2.9.4\jackson-databind-2.9.4.jar;C:\Users\user01-m\.m2\repository\com\fasterxml\jackson\core\jackson-annotations\2.9.0\jackson-annotations-2.9.0.jar;C:\Users\user01-m\.m2\repository\com\fasterxml\jackson\core\jackson-core\2.9.4\jackson-core-2.9.4.jar;C:\Users\user01-m\.m2\repository\com\fasterxml\jackson\datatype\jackson-datatype-jdk8\2.9.4\jackson-datatype-jdk8-2.9.4.jar;C:\Users\user01-m\.m2\repository\com\fasterxml\jackson\datatype\jackson-datatype-jsr310\2.9.4\jackson-datatype-jsr310-2.9.4.jar;C:\Users\user01-m\.m2\repository\com\fasterxml\jackson\module\jackson-module-parameter-names\2.9.4\jackson-module-parameter-names-2.9.4.jar;C:\Users\user01-m\.m2\repository\org\springframework\boot\spring-boot-starter-tomcat\2.0.0.RELEASE\spring-boot-starter-tomcat-2.0.0.RELEASE.jar;C:\Users\user01-m\.m2\repository\org\apache\tomcat\embed\tomcat-embed-core\8.5.28\tomcat-embed-core-8.5.28.jar;C:\Users\user01-m\.m2\repository\org\apache\tomcat\embed\tomcat-embed-websocket\8.5.28\tomcat-embed-websocket-8.5.28.jar;C:\Users\user01-m\.m2\repository\org\hibernate\validator\hibernate-validator\6.0.7.Final\hibernate-validator-6.0.7.Final.jar;C:\Users\user01-m\.m2\repository\javax\validation\validation-api\2.0.1.Final\validation-api-2.0.1.Final.jar;C:\Users\user01-m\.m2\repository\org\jboss\logging\jboss-logging\3.3.2.Final\jboss-logging-3.3.2.Final.jar;C:\Users\user01-m\.m2\repository\com\fasterxml\classmate\1.3.4\classmate-1.3.4.jar;C:\Users\user01-m\.m2\repository\org\springframework\spring-web\5.0.4.RELEASE\spring-web-5.0.4.RELEASE.jar;C:\Users\user01-m\.m2\repository\org\springframework\spring-beans\5.0.4.RELEASE\spring-beans-5.0.4.RELEASE.jar;C:\Users\user01-m\.m2\repository\org\springframework\spring-webmvc\5.0.4.RELEASE\spring-webmvc-5.0.4.RELEASE.jar;C:\Users\user01-m\.m2\repository\org\springframework\spring-aop\5.0.4.RELEASE\spring-aop-5.0.4.RELEASE.jar;C:\Users\user01-m\.m2\repository\org\springframework\spring-expression\5.0.4.RELEASE\spring-expression-5.0.4.RELEASE.jar;C:\Users\user01-m\.m2\repository\org\springframework\boot\spring-boot-starter-data-jpa\2.0.0.RELEASE\spring-boot-starter-data-jpa-2.0.0.RELEASE.jar;C:\Users\user01-m\.m2\repository\org\springframework\boot\spring-boot-starter-aop\2.0.0.RELEASE\spring-boot-starter-aop-2.0.0.RELEASE.jar;C:\Users\user01-m\.m2\repository\org\aspectj\aspectjweaver\1.8.13\aspectjweaver-1.8.13.jar;C:\Users\user01-m\.m2\repository\org\springframework\boot\spring-boot-starter-jdbc\2.0.0.RELEASE\spring-boot-starter-jdbc-2.0.0.RELEASE.jar;C:\Users\user01-m\.m2\repository\com\zaxxer\HikariCP\2.7.8\HikariCP-2.7.8.jar;C:\Users\user01-m\.m2\repository\org\springframework\spring-jdbc\5.0.4.RELEASE\spring-jdbc-5.0.4.RELEASE.jar;C:\Users\user01-m\.m2\repository\org\hibernate\hibernate-core\5.2.14.Final\hibernate-core-5.2.14.Final.jar;C:\Users\user01-m\.m2\repository\org\hibernate\javax\persistence\hibernate-jpa-2.1-api\1.0.0.Final\hibernate-jpa-2.1-api-1.0.0.Final.jar;C:\Users\user01-m\.m2\repository\org\javassist\javassist\3.22.0-GA\javassist-3.22.0-GA.jar;C:\Users\user01-m\.m2\repository\antlr\antlr\2.7.7\antlr-2.7.7.jar;C:\Users\user01-m\.m2\repository\org\jboss\jandex\2.0.3.Final\jandex-2.0.3.Final.jar;C:\Users\user01-m\.m2\repository\dom4j\dom4j\1.6.1\dom4j-1.6.1.jar;C:\Users\user01-m\.m2\repository\org\hibernate\common\hibernate-commons-annotations\5.0.1.Final\hibernate-commons-annotations-5.0.1.Final.jar;C:\Users\user01-m\.m2\repository\javax\transaction\javax.transaction-api\1.2\javax.transaction-api-1.2.jar;C:\Users\user01-m\.m2\repository\org\springframework\data\spring-data-jpa\2.0.5.RELEASE\spring-data-jpa-2.0.5.RELEASE.jar;C:\Users\user01-m\.m2\repository\org\springframework\data\spring-data-commons\2.0.5.RELEASE\spring-data-commons-2.0.5.RELEASE.jar;C:\Users\user01-m\.m2\repository\org\springframework\spring-orm\5.0.4.RELEASE\spring-orm-5.0.4.RELEASE.jar;C:\Users\user01-m\.m2\repository\org\springframework\spring-tx\5.0.4.RELEASE\spring-tx-5.0.4.RELEASE.jar;C:\Users\user01-m\.m2\repository\org\springframework\spring-aspects\5.0.4.RELEASE\spring-aspects-5.0.4.RELEASE.jar;C:\Users\user01-m\.m2\repository\org\springframework\boot\spring-boot-starter-validation\2.0.0.RELEASE\spring-boot-starter-validation-2.0.0.RELEASE.jar;C:\Users\user01-m\.m2\repository\org\apache\tomcat\embed\tomcat-embed-el\8.5.28\tomcat-embed-el-8.5.28.jar;C:\Users\user01-m\.m2\repository\org\projectlombok\lombok\1.16.20\lombok-1.16.20.jar;C:\Users\user01-m\.m2\repository\org\springframework\boot\spring-boot-starter-thymeleaf\2.0.0.RELEASE\spring-boot-starter-thymeleaf-2.0.0.RELEASE.jar;C:\Users\user01-m\.m2\repository\org\thymeleaf\thymeleaf-spring5\3.0.9.RELEASE\thymeleaf-spring5-3.0.9.RELEASE.jar;C:\Users\user01-m\.m2\repository\org\thymeleaf\thymeleaf\3.0.9.RELEASE\thymeleaf-3.0.9.RELEASE.jar;C:\Users\user01-m\.m2\repository\org\attoparser\attoparser\2.0.4.RELEASE\attoparser-2.0.4.RELEASE.jar;C:\Users\user01-m\.m2\repository\org\unbescape\unbescape\1.1.5.RELEASE\unbescape-1.1.5.RELEASE.jar;C:\Users\user01-m\.m2\repository\org\thymeleaf\extras\thymeleaf-extras-java8time\3.0.1.RELEASE\thymeleaf-extras-java8time-3.0.1.RELEASE.jar;C:\Users\user01-m\.m2\repository\org\thymeleaf\extras\thymeleaf-extras-springsecurity4\3.0.2.RELEASE\thymeleaf-extras-springsecurity4-3.0.2.RELEASE.jar;C:\Users\user01-m\.m2\repository\org\slf4j\slf4j-api\1.7.25\slf4j-api-1.7.25.jar;C:\Users\user01-m\.m2\repository\com\h2database\h2\1.4.196\h2-1.4.196.jar;C:\Users\user01-m\.m2\repository\mysql\mysql-connector-java\5.1.45\mysql-connector-java-5.1.45.jar;C:\Users\user01-m\.m2\repository\org\webjars\bootstrap\4.3.0\bootstrap-4.3.0.jar;C:\Users\user01-m\.m2\repository\org\webjars\popper.js\1.14.3\popper.js-1.14.3.jar;C:\Users\user01-m\.m2\repository\org\webjars\jquery\3.4.0\jquery-3.4.0.jar;C:\Users\user01-m\.m2\repository\org\webjars\ace\1.3.3\ace-1.3.3.jar;C:\Users\user01-m\.m2\repository\org\springframework\boot\spring-boot-starter-test\2.0.0.RELEASE\spring-boot-starter-test-2.0.0.RELEASE.jar;C:\Users\user01-m\.m2\repository\org\springframework\boot\spring-boot-test\2.0.0.RELEASE\spring-boot-test-2.0.0.RELEASE.jar;C:\Users\user01-m\.m2\repository\org\springframework\boot\spring-boot-test-autoconfigure\2.0.0.RELEASE\spring-boot-test-autoconfigure-2.0.0.RELEASE.jar;C:\Users\user01-m\.m2\repository\com\jayway\jsonpath\json-path\2.4.0\json-path-2.4.0.jar;C:\Users\user01-m\.m2\repository\net\minidev\json-smart\2.3\json-smart-2.3.jar;C:\Users\user01-m\.m2\repository\net\minidev\accessors-smart\1.2\accessors-smart-1.2.jar;C:\Users\user01-m\.m2\repository\org\ow2\asm\asm\5.0.4\asm-5.0.4.jar;C:\Users\user01-m\.m2\repository\junit\junit\4.12\junit-4.12.jar;C:\Users\user01-m\.m2\repository\org\assertj\assertj-core\3.9.1\assertj-core-3.9.1.jar;C:\Users\user01-m\.m2\repository\org\hamcrest\hamcrest-core\1.3\hamcrest-core-1.3.jar;C:\Users\user01-m\.m2\repository\org\hamcrest\hamcrest-library\1.3\hamcrest-library-1.3.jar;C:\Users\user01-m\.m2\repository\org\skyscreamer\jsonassert\1.5.0\jsonassert-1.5.0.jar;C:\Users\user01-m\.m2\repository\com\vaadin\external\google\android-json\0.0.20131108.vaadin1\android-json-0.0.20131108.vaadin1.jar;C:\Users\user01-m\.m2\repository\org\springframework\spring-test\5.0.4.RELEASE\spring-test-5.0.4.RELEASE.jar;C:\Users\user01-m\.m2\repository\org\xmlunit\xmlunit-core\2.5.1\xmlunit-core-2.5.1.jar;C:\Users\user01-m\.m2\repository\org\mockito\mockito-core\2.15.0\mockito-core-2.15.0.jar;C:\Users\user01-m\.m2\repository\net\bytebuddy\byte-buddy\1.7.10\byte-buddy-1.7.10.jar;C:\Users\user01-m\.m2\repository\net\bytebuddy\byte-buddy-agent\1.7.10\byte-buddy-agent-1.7.10.jar;C:\Users\user01-m\.m2\repository\org\objenesis\objenesis\2.6\objenesis-2.6.jar;C:\Users\user01-m\.m2\repository\com\ninja-squad\DbSetup\2.1.0\DbSetup-2.1.0.jar;"/>
    <property name="java.vm.vendor" value="Oracle Corporation"/>
    <property name="sun.arch.data.model" value="64"/>
    <property name="user.variant" value=""/>
    <property name="java.vendor.url" value="https://adoptopenjdk.net/"/>
    <property name="user.timezone" value=""/>
    <property name="java.vm.specification.version" value="1.8"/>
    <property name="os.name" value="Windows 10"/>
    <property name="user.country" value="JP"/>
    <property name="sun.java.launcher" value="SUN_STANDARD"/>
    <property name="sun.boot.library.path" value="F:\dev\AdoptOpenJDK\jdk-8.0.202.08\jre\bin"/>
    <property name="sun.java.command" value="C:\Users\user01-m\AppData\Local\Temp\surefire330407040825335992\surefirebooter7022018368852160284.jar C:\Users\user01-m\AppData\Local\Temp\surefire330407040825335992 2019-06-25T02-24-38_902-jvmRun1 surefire659139685141421624tmp surefire_05230796735336158912tmp"/>
    <property name="surefire.test.class.path" value="F:\dev\workspace_sts\algolearn_20190622\target\test-classes;F:\dev\workspace_sts\algolearn_20190622\target\classes;C:\Users\user01-m\.m2\repository\org\springframework\boot\spring-boot-starter\2.0.0.RELEASE\spring-boot-starter-2.0.0.RELEASE.jar;C:\Users\user01-m\.m2\repository\org\springframework\boot\spring-boot\2.0.0.RELEASE\spring-boot-2.0.0.RELEASE.jar;C:\Users\user01-m\.m2\repository\org\springframework\spring-context\5.0.4.RELEASE\spring-context-5.0.4.RELEASE.jar;C:\Users\user01-m\.m2\repository\org\springframework\boot\spring-boot-autoconfigure\2.0.0.RELEASE\spring-boot-autoconfigure-2.0.0.RELEASE.jar;C:\Users\user01-m\.m2\repository\org\springframework\boot\spring-boot-starter-logging\2.0.0.RELEASE\spring-boot-starter-logging-2.0.0.RELEASE.jar;C:\Users\user01-m\.m2\repository\ch\qos\logback\logback-classic\1.2.3\logback-classic-1.2.3.jar;C:\Users\user01-m\.m2\repository\ch\qos\logback\logback-core\1.2.3\logback-core-1.2.3.jar;C:\Users\user01-m\.m2\repository\org\apache\logging\log4j\log4j-to-slf4j\2.10.0\log4j-to-slf4j-2.10.0.jar;C:\Users\user01-m\.m2\repository\org\apache\logging\log4j\log4j-api\2.10.0\log4j-api-2.10.0.jar;C:\Users\user01-m\.m2\repository\org\slf4j\jul-to-slf4j\1.7.25\jul-to-slf4j-1.7.25.jar;C:\Users\user01-m\.m2\repository\javax\annotation\javax.annotation-api\1.3.2\javax.annotation-api-1.3.2.jar;C:\Users\user01-m\.m2\repository\org\springframework\spring-core\5.0.4.RELEASE\spring-core-5.0.4.RELEASE.jar;C:\Users\user01-m\.m2\repository\org\springframework\spring-jcl\5.0.4.RELEASE\spring-jcl-5.0.4.RELEASE.jar;C:\Users\user01-m\.m2\repository\org\yaml\snakeyaml\1.19\snakeyaml-1.19.jar;C:\Users\user01-m\.m2\repository\org\springframework\boot\spring-boot-starter-web\2.0.0.RELEASE\spring-boot-starter-web-2.0.0.RELEASE.jar;C:\Users\user01-m\.m2\repository\org\springframework\boot\spring-boot-starter-json\2.0.0.RELEASE\spring-boot-starter-json-2.0.0.RELEASE.jar;C:\Users\user01-m\.m2\repository\com\fasterxml\jackson\core\jackson-databind\2.9.4\jackson-databind-2.9.4.jar;C:\Users\user01-m\.m2\repository\com\fasterxml\jackson\core\jackson-annotations\2.9.0\jackson-annotations-2.9.0.jar;C:\Users\user01-m\.m2\repository\com\fasterxml\jackson\core\jackson-core\2.9.4\jackson-core-2.9.4.jar;C:\Users\user01-m\.m2\repository\com\fasterxml\jackson\datatype\jackson-datatype-jdk8\2.9.4\jackson-datatype-jdk8-2.9.4.jar;C:\Users\user01-m\.m2\repository\com\fasterxml\jackson\datatype\jackson-datatype-jsr310\2.9.4\jackson-datatype-jsr310-2.9.4.jar;C:\Users\user01-m\.m2\repository\com\fasterxml\jackson\module\jackson-module-parameter-names\2.9.4\jackson-module-parameter-names-2.9.4.jar;C:\Users\user01-m\.m2\repository\org\springframework\boot\spring-boot-starter-tomcat\2.0.0.RELEASE\spring-boot-starter-tomcat-2.0.0.RELEASE.jar;C:\Users\user01-m\.m2\repository\org\apache\tomcat\embed\tomcat-embed-core\8.5.28\tomcat-embed-core-8.5.28.jar;C:\Users\user01-m\.m2\repository\org\apache\tomcat\embed\tomcat-embed-websocket\8.5.28\tomcat-embed-websocket-8.5.28.jar;C:\Users\user01-m\.m2\repository\org\hibernate\validator\hibernate-validator\6.0.7.Final\hibernate-validator-6.0.7.Final.jar;C:\Users\user01-m\.m2\repository\javax\validation\validation-api\2.0.1.Final\validation-api-2.0.1.Final.jar;C:\Users\user01-m\.m2\repository\org\jboss\logging\jboss-logging\3.3.2.Final\jboss-logging-3.3.2.Final.jar;C:\Users\user01-m\.m2\repository\com\fasterxml\classmate\1.3.4\classmate-1.3.4.jar;C:\Users\user01-m\.m2\repository\org\springframework\spring-web\5.0.4.RELEASE\spring-web-5.0.4.RELEASE.jar;C:\Users\user01-m\.m2\repository\org\springframework\spring-beans\5.0.4.RELEASE\spring-beans-5.0.4.RELEASE.jar;C:\Users\user01-m\.m2\repository\org\springframework\spring-webmvc\5.0.4.RELEASE\spring-webmvc-5.0.4.RELEASE.jar;C:\Users\user01-m\.m2\repository\org\springframework\spring-aop\5.0.4.RELEASE\spring-aop-5.0.4.RELEASE.jar;C:\Users\user01-m\.m2\repository\org\springframework\spring-expression\5.0.4.RELEASE\spring-expression-5.0.4.RELEASE.jar;C:\Users\user01-m\.m2\repository\org\springframework\boot\spring-boot-starter-data-jpa\2.0.0.RELEASE\spring-boot-starter-data-jpa-2.0.0.RELEASE.jar;C:\Users\user01-m\.m2\repository\org\springframework\boot\spring-boot-starter-aop\2.0.0.RELEASE\spring-boot-starter-aop-2.0.0.RELEASE.jar;C:\Users\user01-m\.m2\repository\org\aspectj\aspectjweaver\1.8.13\aspectjweaver-1.8.13.jar;C:\Users\user01-m\.m2\repository\org\springframework\boot\spring-boot-starter-jdbc\2.0.0.RELEASE\spring-boot-starter-jdbc-2.0.0.RELEASE.jar;C:\Users\user01-m\.m2\repository\com\zaxxer\HikariCP\2.7.8\HikariCP-2.7.8.jar;C:\Users\user01-m\.m2\repository\org\springframework\spring-jdbc\5.0.4.RELEASE\spring-jdbc-5.0.4.RELEASE.jar;C:\Users\user01-m\.m2\repository\org\hibernate\hibernate-core\5.2.14.Final\hibernate-core-5.2.14.Final.jar;C:\Users\user01-m\.m2\repository\org\hibernate\javax\persistence\hibernate-jpa-2.1-api\1.0.0.Final\hibernate-jpa-2.1-api-1.0.0.Final.jar;C:\Users\user01-m\.m2\repository\org\javassist\javassist\3.22.0-GA\javassist-3.22.0-GA.jar;C:\Users\user01-m\.m2\repository\antlr\antlr\2.7.7\antlr-2.7.7.jar;C:\Users\user01-m\.m2\repository\org\jboss\jandex\2.0.3.Final\jandex-2.0.3.Final.jar;C:\Users\user01-m\.m2\repository\dom4j\dom4j\1.6.1\dom4j-1.6.1.jar;C:\Users\user01-m\.m2\repository\org\hibernate\common\hibernate-commons-annotations\5.0.1.Final\hibernate-commons-annotations-5.0.1.Final.jar;C:\Users\user01-m\.m2\repository\javax\transaction\javax.transaction-api\1.2\javax.transaction-api-1.2.jar;C:\Users\user01-m\.m2\repository\org\springframework\data\spring-data-jpa\2.0.5.RELEASE\spring-data-jpa-2.0.5.RELEASE.jar;C:\Users\user01-m\.m2\repository\org\springframework\data\spring-data-commons\2.0.5.RELEASE\spring-data-commons-2.0.5.RELEASE.jar;C:\Users\user01-m\.m2\repository\org\springframework\spring-orm\5.0.4.RELEASE\spring-orm-5.0.4.RELEASE.jar;C:\Users\user01-m\.m2\repository\org\springframework\spring-tx\5.0.4.RELEASE\spring-tx-5.0.4.RELEASE.jar;C:\Users\user01-m\.m2\repository\org\springframework\spring-aspects\5.0.4.RELEASE\spring-aspects-5.0.4.RELEASE.jar;C:\Users\user01-m\.m2\repository\org\springframework\boot\spring-boot-starter-validation\2.0.0.RELEASE\spring-boot-starter-validation-2.0.0.RELEASE.jar;C:\Users\user01-m\.m2\repository\org\apache\tomcat\embed\tomcat-embed-el\8.5.28\tomcat-embed-el-8.5.28.jar;C:\Users\user01-m\.m2\repository\org\projectlombok\lombok\1.16.20\lombok-1.16.20.jar;C:\Users\user01-m\.m2\repository\org\springframework\boot\spring-boot-starter-thymeleaf\2.0.0.RELEASE\spring-boot-starter-thymeleaf-2.0.0.RELEASE.jar;C:\Users\user01-m\.m2\repository\org\thymeleaf\thymeleaf-spring5\3.0.9.RELEASE\thymeleaf-spring5-3.0.9.RELEASE.jar;C:\Users\user01-m\.m2\repository\org\thymeleaf\thymeleaf\3.0.9.RELEASE\thymeleaf-3.0.9.RELEASE.jar;C:\Users\user01-m\.m2\repository\org\attoparser\attoparser\2.0.4.RELEASE\attoparser-2.0.4.RELEASE.jar;C:\Users\user01-m\.m2\repository\org\unbescape\unbescape\1.1.5.RELEASE\unbescape-1.1.5.RELEASE.jar;C:\Users\user01-m\.m2\repository\org\thymeleaf\extras\thymeleaf-extras-java8time\3.0.1.RELEASE\thymeleaf-extras-java8time-3.0.1.RELEASE.jar;C:\Users\user01-m\.m2\repository\org\thymeleaf\extras\thymeleaf-extras-springsecurity4\3.0.2.RELEASE\thymeleaf-extras-springsecurity4-3.0.2.RELEASE.jar;C:\Users\user01-m\.m2\repository\org\slf4j\slf4j-api\1.7.25\slf4j-api-1.7.25.jar;C:\Users\user01-m\.m2\repository\com\h2database\h2\1.4.196\h2-1.4.196.jar;C:\Users\user01-m\.m2\repository\mysql\mysql-connector-java\5.1.45\mysql-connector-java-5.1.45.jar;C:\Users\user01-m\.m2\repository\org\webjars\bootstrap\4.3.0\bootstrap-4.3.0.jar;C:\Users\user01-m\.m2\repository\org\webjars\popper.js\1.14.3\popper.js-1.14.3.jar;C:\Users\user01-m\.m2\repository\org\webjars\jquery\3.4.0\jquery-3.4.0.jar;C:\Users\user01-m\.m2\repository\org\webjars\ace\1.3.3\ace-1.3.3.jar;C:\Users\user01-m\.m2\repository\org\springframework\boot\spring-boot-starter-test\2.0.0.RELEASE\spring-boot-starter-test-2.0.0.RELEASE.jar;C:\Users\user01-m\.m2\repository\org\springframework\boot\spring-boot-test\2.0.0.RELEASE\spring-boot-test-2.0.0.RELEASE.jar;C:\Users\user01-m\.m2\repository\org\springframework\boot\spring-boot-test-autoconfigure\2.0.0.RELEASE\spring-boot-test-autoconfigure-2.0.0.RELEASE.jar;C:\Users\user01-m\.m2\repository\com\jayway\jsonpath\json-path\2.4.0\json-path-2.4.0.jar;C:\Users\user01-m\.m2\repository\net\minidev\json-smart\2.3\json-smart-2.3.jar;C:\Users\user01-m\.m2\repository\net\minidev\accessors-smart\1.2\accessors-smart-1.2.jar;C:\Users\user01-m\.m2\repository\org\ow2\asm\asm\5.0.4\asm-5.0.4.jar;C:\Users\user01-m\.m2\repository\junit\junit\4.12\junit-4.12.jar;C:\Users\user01-m\.m2\repository\org\assertj\assertj-core\3.9.1\assertj-core-3.9.1.jar;C:\Users\user01-m\.m2\repository\org\hamcrest\hamcrest-core\1.3\hamcrest-core-1.3.jar;C:\Users\user01-m\.m2\repository\org\hamcrest\hamcrest-library\1.3\hamcrest-library-1.3.jar;C:\Users\user01-m\.m2\repository\org\skyscreamer\jsonassert\1.5.0\jsonassert-1.5.0.jar;C:\Users\user01-m\.m2\repository\com\vaadin\external\google\android-json\0.0.20131108.vaadin1\android-json-0.0.20131108.vaadin1.jar;C:\Users\user01-m\.m2\repository\org\springframework\spring-test\5.0.4.RELEASE\spring-test-5.0.4.RELEASE.jar;C:\Users\user01-m\.m2\repository\org\xmlunit\xmlunit-core\2.5.1\xmlunit-core-2.5.1.jar;C:\Users\user01-m\.m2\repository\org\mockito\mockito-core\2.15.0\mockito-core-2.15.0.jar;C:\Users\user01-m\.m2\repository\net\bytebuddy\byte-buddy\1.7.10\byte-buddy-1.7.10.jar;C:\Users\user01-m\.m2\repository\net\bytebuddy\byte-buddy-agent\1.7.10\byte-buddy-agent-1.7.10.jar;C:\Users\user01-m\.m2\repository\org\objenesis\objenesis\2.6\objenesis-2.6.jar;C:\Users\user01-m\.m2\repository\com\ninja-squad\DbSetup\2.1.0\DbSetup-2.1.0.jar;"/>
    <property name="sun.cpu.endian" value="little"/>
    <property name="user.home" value="C:\Users\user01-m"/>
    <property name="user.language" value="ja"/>
    <property name="java.specification.vendor" value="Oracle Corporation"/>
    <property name="java.home" value="F:\dev\AdoptOpenJDK\jdk-8.0.202.08\jre"/>
    <property name="basedir" value="F:\dev\workspace_sts\algolearn_20190622"/>
    <property name="file.separator" value="\"/>
    <property name="line.separator" value="&#10;"/>
    <property name="java.vm.specification.vendor" value="Oracle Corporation"/>
    <property name="java.specification.name" value="Java Platform API Specification"/>
    <property name="java.awt.graphicsenv" value="sun.awt.Win32GraphicsEnvironment"/>
    <property name="surefire.real.class.path" value="C:\Users\user01-m\AppData\Local\Temp\surefire330407040825335992\surefirebooter7022018368852160284.jar"/>
    <property name="sun.boot.class.path" value="F:\dev\AdoptOpenJDK\jdk-8.0.202.08\jre\lib\resources.jar;F:\dev\AdoptOpenJDK\jdk-8.0.202.08\jre\lib\rt.jar;F:\dev\AdoptOpenJDK\jdk-8.0.202.08\jre\lib\sunrsasign.jar;F:\dev\AdoptOpenJDK\jdk-8.0.202.08\jre\lib\jsse.jar;F:\dev\AdoptOpenJDK\jdk-8.0.202.08\jre\lib\jce.jar;F:\dev\AdoptOpenJDK\jdk-8.0.202.08\jre\lib\charsets.jar;F:\dev\AdoptOpenJDK\jdk-8.0.202.08\jre\lib\jfr.jar;F:\dev\AdoptOpenJDK\jdk-8.0.202.08\jre\classes"/>
    <property name="user.script" value=""/>
    <property name="sun.management.compiler" value="HotSpot 64-Bit Tiered Compilers"/>
    <property name="java.runtime.version" value="1.8.0_202-b08"/>
    <property name="user.name" value="user01-m"/>
    <property name="path.separator" value=";"/>
    <property name="os.version" value="10.0"/>
    <property name="java.endorsed.dirs" value="F:\dev\AdoptOpenJDK\jdk-8.0.202.08\jre\lib\endorsed"/>
    <property name="java.runtime.name" value="OpenJDK Runtime Environment"/>
    <property name="file.encoding" value="MS932"/>
    <property name="java.vm.name" value="OpenJDK 64-Bit Server VM"/>
    <property name="localRepository" value="C:\Users\user01-m\.m2\repository"/>
    <property name="java.vendor.url.bug" value="https://github.com/AdoptOpenJDK/openjdk-build/issues"/>
    <property name="java.io.tmpdir" value="C:\Users\user01-m\AppData\Local\Temp\"/>
    <property name="java.version" value="1.8.0_202"/>
    <property name="user.dir" value="F:\dev\workspace_sts\algolearn_20190622"/>
    <property name="os.arch" value="amd64"/>
    <property name="java.vm.specification.name" value="Java Virtual Machine Specification"/>
    <property name="java.awt.printerjob" value="sun.awt.windows.WPrinterJob"/>
    <property name="sun.os.patch.level" value=""/>
    <property name="java.library.path" value="F:\dev\AdoptOpenJDK\jdk-8.0.202.08\jre\bin;C:\WINDOWS\Sun\Java\bin;C:\WINDOWS\system32;C:\WINDOWS;F:/dev/AdoptOpenJDK/jdk-8.0.202.08/bin/../jre/bin/server;F:/dev/AdoptOpenJDK/jdk-8.0.202.08/bin/../jre/bin;F:/dev/AdoptOpenJDK/jdk-8.0.202.08/bin/../jre/lib/amd64;F:\dev\AdoptOpenJDK\jdk-8.0.202.08\bin;apache-maven-3.6.1\bin;C:\ProgramData\Oracle\Java\javapath;C:\Windows\system32;C:\Windows;C:\Windows\System32\Wbem;C:\Windows\System32\WindowsPowerShell\v1.0\;C:\Program Files (x86)\NVIDIA Corporation\PhysX\Common;C:\Python27;C:\Python27\Scripts;C:\Program Files\TortoiseSVN\bin;C:\Program Files (x86)\GtkSharp\2.12\bin;C:\WINDOWS\system32;C:\WINDOWS;C:\WINDOWS\System32\Wbem;C:\WINDOWS\System32\WindowsPowerShell\v1.0\;C:\Program Files\Git\cmd;C:\Program Files\Cloud Foundry;C:\WINDOWS\System32\OpenSSH\;C:\Program Files (x86)\Windows Kits\8.1\Windows Performance Toolkit\;C:\Program Files (x86)\Brackets\command;C:\Program Files\Microsoft VS Code\bin;C:\Program Files\IBM\Cloud\bin;C:\Users\user01-m\Anaconda3;C:\Users\user01-m\Anaconda3\Library\mingw-w64\bin;C:\Users\user01-m\Anaconda3\Library\usr\bin;C:\Users\user01-m\Anaconda3\Library\bin;C:\Users\user01-m\Anaconda3\Scripts;C:\Ruby22-x64\bin;C:\Users\user01-m\AppData\Local\Microsoft\WindowsApps;C:\Program Files\Docker Toolbox;C:\Users\user01-m\Desktop\soft\exe\apache-maven-3.5.2\bin;C:\Program Files\Heroku\bin;;C:\Program Files\Microsoft VS Code\bin;F:\dev\sts-bundle\sts-3.9.8.RELEASE;;."/>
    <property name="java.vm.info" value="mixed mode"/>
    <property name="java.vendor" value="AdoptOpenJdk"/>
    <property name="java.vm.version" value="25.202-b08"/>
    <property name="java.ext.dirs" value="F:\dev\AdoptOpenJDK\jdk-8.0.202.08\jre\lib\ext;C:\WINDOWS\Sun\Java\lib\ext"/>
    <property name="sun.io.unicode.encoding" value="UnicodeLittle"/>
    <property name="java.class.version" value="52.0"/>
  </properties>
  <testcase name="先生用学生削除処理" classname="jp.spring.boot.algolearn.controller.teacher.StudentControllerTest" time="1.776">
    <error message="org.h2.jdbc.JdbcSQLException: 列 &quot;USER_ID&quot; が見つかりません&#10;Column &quot;USER_ID&quot; not found; SQL statement:&#10;insert into t_user (user_id, password, name, role_id) values (?, ?, ?, ?) [42122-196]" type="com.ninja_squad.dbsetup.DbSetupRuntimeException">com.ninja_squad.dbsetup.DbSetupRuntimeException: 
org.h2.jdbc.JdbcSQLException: 列 "USER_ID" が見つかりません
Column "USER_ID" not found; SQL statement:
insert into t_user (user_id, password, name, role_id) values (?, ?, ?, ?) [42122-196]
	at jp.spring.boot.algolearn.controller.teacher.StudentControllerTest.先生用学生削除処理(StudentControllerTest.java:215)
Caused by: org.h2.jdbc.JdbcSQLException: 
列 "USER_ID" が見つかりません
Column "USER_ID" not found; SQL statement:
insert into t_user (user_id, password, name, role_id) values (?, ?, ?, ?) [42122-196]
	at jp.spring.boot.algolearn.controller.teacher.StudentControllerTest.先生用学生削除処理(StudentControllerTest.java:215)
</error>
    <system-out><![CDATA[2019-06-25 02:24:59.933  INFO 11200 --- [           main] .b.t.c.SpringBootTestContextBootstrapper : Neither @ContextConfiguration nor @ContextHierarchy found for test class [jp.spring.boot.algolearn.controller.teacher.StudentControllerTest], using SpringBootContextLoader
2019-06-25 02:25:01.322  INFO 11200 --- [           main] o.s.t.c.support.AbstractContextLoader    : Could not detect default resource locations for test class [jp.spring.boot.algolearn.controller.teacher.StudentControllerTest]: no resource found for suffixes {-context.xml, Context.groovy}.
2019-06-25 02:25:01.322  INFO 11200 --- [           main] t.c.s.AnnotationConfigContextLoaderUtils : Could not detect default configuration classes for test class [jp.spring.boot.algolearn.controller.teacher.StudentControllerTest]: StudentControllerTest does not declare any static, non-private, non-final, nested classes annotated with @Configuration.
2019-06-25 02:25:01.337  INFO 11200 --- [           main] .b.t.c.SpringBootTestContextBootstrapper : Found @SpringBootConfiguration jp.spring.boot.algolearn.AlgoLearnApplication for test class jp.spring.boot.algolearn.controller.teacher.StudentControllerTest
2019-06-25 02:25:01.337  INFO 11200 --- [           main] .b.t.c.SpringBootTestContextBootstrapper : Loaded default TestExecutionListener class names from location [META-INF/spring.factories]: [org.springframework.boot.test.mock.mockito.MockitoTestExecutionListener, org.springframework.boot.test.mock.mockito.ResetMocksTestExecutionListener, org.springframework.boot.test.autoconfigure.restdocs.RestDocsTestExecutionListener, org.springframework.boot.test.autoconfigure.web.client.MockRestServiceServerResetTestExecutionListener, org.springframework.boot.test.autoconfigure.web.servlet.MockMvcPrintOnlyOnFailureTestExecutionListener, org.springframework.boot.test.autoconfigure.web.servlet.WebDriverTestExecutionListener, org.springframework.test.context.web.ServletTestExecutionListener, org.springframework.test.context.support.DirtiesContextBeforeModesTestExecutionListener, org.springframework.test.context.support.DependencyInjectionTestExecutionListener, org.springframework.test.context.support.DirtiesContextTestExecutionListener, org.springframework.test.context.transaction.TransactionalTestExecutionListener, org.springframework.test.context.jdbc.SqlScriptsTestExecutionListener]
2019-06-25 02:25:01.337  INFO 11200 --- [           main] .b.t.c.SpringBootTestContextBootstrapper : Using TestExecutionListeners: [org.springframework.test.context.web.ServletTestExecutionListener@1ee2e363, org.springframework.test.context.support.DirtiesContextBeforeModesTestExecutionListener@60e83cb9, org.springframework.boot.test.mock.mockito.MockitoTestExecutionListener@612e1c6e, org.springframework.boot.test.autoconfigure.SpringBootDependencyInjectionTestExecutionListener@1cf45f46, org.springframework.test.context.support.DirtiesContextTestExecutionListener@15045e40, org.springframework.test.context.transaction.TransactionalTestExecutionListener@34a8a5ad, org.springframework.test.context.jdbc.SqlScriptsTestExecutionListener@2574123a, org.springframework.boot.test.mock.mockito.ResetMocksTestExecutionListener@1bc467bd, org.springframework.boot.test.autoconfigure.restdocs.RestDocsTestExecutionListener@2c05ccdb, org.springframework.boot.test.autoconfigure.web.client.MockRestServiceServerResetTestExecutionListener@5d71813b, org.springframework.boot.test.autoconfigure.web.servlet.MockMvcPrintOnlyOnFailureTestExecutionListener@5891bd6d, org.springframework.boot.test.autoconfigure.web.servlet.WebDriverTestExecutionListener@6050d04d]
2019-06-25 02:25:01.438  INFO 11200 --- [           main] ConfigServletWebServerApplicationContext : Closing org.springframework.boot.web.servlet.context.AnnotationConfigServletWebServerApplicationContext@570f96b7: startup date [Tue Jun 25 02:24:58 JST 2019]; root of context hierarchy
2019-06-25 02:25:01.438  INFO 11200 --- [           main] j.LocalContainerEntityManagerFactoryBean : Closing JPA EntityManagerFactory for persistence unit 'default'
2019-06-25 02:25:01.438  INFO 11200 --- [           main] .SchemaDropperImpl$DelayedDropActionImpl : HHH000477: Starting delayed drop of schema as part of SessionFactory shut-down'
2019-06-25 02:25:01.438 DEBUG 11200 --- [           main] org.hibernate.SQL                        : drop table employee if exists
2019-06-25 02:25:01.438 DEBUG 11200 --- [           main] org.hibernate.SQL                        : drop table employee_project if exists
2019-06-25 02:25:01.438 DEBUG 11200 --- [           main] org.hibernate.SQL                        : drop table project if exists
2019-06-25 02:25:01.438 DEBUG 11200 --- [           main] org.hibernate.SQL                        : drop table t_class if exists
2019-06-25 02:25:01.438 DEBUG 11200 --- [           main] org.hibernate.SQL                        : drop table t_question if exists
2019-06-25 02:25:01.454 DEBUG 11200 --- [           main] org.hibernate.SQL                        : drop table t_task if exists
2019-06-25 02:25:01.454 DEBUG 11200 --- [           main] org.hibernate.SQL                        : drop table t_task_valiable if exists
2019-06-25 02:25:01.454 DEBUG 11200 --- [           main] org.hibernate.SQL                        : drop table t_task_valiable_answer if exists
2019-06-25 02:25:01.454 DEBUG 11200 --- [           main] org.hibernate.SQL                        : drop table t_user if exists
2019-06-25 02:25:01.454 DEBUG 11200 --- [           main] org.hibernate.SQL                        : drop table t_user_class if exists
2019-06-25 02:25:01.454  INFO 11200 --- [           main] com.zaxxer.hikari.HikariDataSource       : HikariPool-7 - Shutdown initiated...
2019-06-25 02:25:01.460  INFO 11200 --- [           main] com.zaxxer.hikari.HikariDataSource       : HikariPool-7 - Shutdown completed.

  .   ____          _            __ _ _
 /\\ / ___'_ __ _ _(_)_ __  __ _ \ \ \ \
( ( )\___ | '_ | '_| | '_ \/ _` | \ \ \ \
 \\/  ___)| |_)| | | | | || (_| |  ) ) ) )
  '  |____| .__|_| |_|_| |_\__, | / / / /
 =========|_|==============|___/=/_/_/_/
 :: Spring Boot ::        (v2.0.0.RELEASE)

2019-06-25 02:25:01.823  INFO 11200 --- [           main] j.s.b.a.c.teacher.StudentControllerTest  : Starting StudentControllerTest on MyComputer with PID 11200 (started by user01-m in F:\dev\workspace_sts\algolearn_20190622)
2019-06-25 02:25:01.823  INFO 11200 --- [           main] j.s.b.a.c.teacher.StudentControllerTest  : The following profiles are active: test
2019-06-25 02:25:01.823  INFO 11200 --- [           main] ConfigServletWebServerApplicationContext : Refreshing org.springframework.boot.web.servlet.context.AnnotationConfigServletWebServerApplicationContext@70edffdb: startup date [Tue Jun 25 02:25:01 JST 2019]; root of context hierarchy
2019-06-25 02:25:02.183  INFO 11200 --- [           main] trationDelegate$BeanPostProcessorChecker : Bean 'org.springframework.transaction.annotation.ProxyTransactionManagementConfiguration' of type [org.springframework.transaction.annotation.ProxyTransactionManagementConfiguration$$EnhancerBySpringCGLIB$$31723b68] is not eligible for getting processed by all BeanPostProcessors (for example: not eligible for auto-proxying)
2019-06-25 02:25:02.250  INFO 11200 --- [           main] o.s.b.w.embedded.tomcat.TomcatWebServer  : Tomcat initialized with port(s): 0 (http)
2019-06-25 02:25:02.251  INFO 11200 --- [           main] o.apache.catalina.core.StandardService   : Starting service [Tomcat]
2019-06-25 02:25:02.251  INFO 11200 --- [           main] org.apache.catalina.core.StandardEngine  : Starting Servlet Engine: Apache Tomcat/8.5.28
2019-06-25 02:25:02.258  INFO 11200 --- [ost-startStop-1] o.a.c.c.C.[Tomcat].[localhost].[/]       : Initializing Spring embedded WebApplicationContext
2019-06-25 02:25:02.259  INFO 11200 --- [ost-startStop-1] o.s.web.context.ContextLoader            : Root WebApplicationContext: initialization completed in 436 ms
2019-06-25 02:25:02.332  INFO 11200 --- [ost-startStop-1] o.s.b.w.servlet.ServletRegistrationBean  : Servlet dispatcherServlet mapped to [/]
2019-06-25 02:25:02.332  INFO 11200 --- [ost-startStop-1] o.s.b.w.servlet.FilterRegistrationBean   : Mapping filter: 'characterEncodingFilter' to: [/*]
2019-06-25 02:25:02.332  INFO 11200 --- [ost-startStop-1] o.s.b.w.servlet.FilterRegistrationBean   : Mapping filter: 'hiddenHttpMethodFilter' to: [/*]
2019-06-25 02:25:02.332  INFO 11200 --- [ost-startStop-1] o.s.b.w.servlet.FilterRegistrationBean   : Mapping filter: 'httpPutFormContentFilter' to: [/*]
2019-06-25 02:25:02.332  INFO 11200 --- [ost-startStop-1] o.s.b.w.servlet.FilterRegistrationBean   : Mapping filter: 'requestContextFilter' to: [/*]
2019-06-25 02:25:02.383  INFO 11200 --- [           main] com.zaxxer.hikari.HikariDataSource       : HikariPool-8 - Starting...
2019-06-25 02:25:02.385  INFO 11200 --- [           main] com.zaxxer.hikari.HikariDataSource       : HikariPool-8 - Start completed.
2019-06-25 02:25:02.454  INFO 11200 --- [           main] j.LocalContainerEntityManagerFactoryBean : Building JPA container EntityManagerFactory for persistence unit 'default'
2019-06-25 02:25:02.454  INFO 11200 --- [           main] o.hibernate.jpa.internal.util.LogHelper  : HHH000204: Processing PersistenceUnitInfo [
	name: default
	...]
2019-06-25 02:25:02.479  INFO 11200 --- [           main] org.hibernate.dialect.Dialect            : HHH000400: Using dialect: org.hibernate.dialect.H2Dialect
2019-06-25 02:25:02.528 DEBUG 11200 --- [           main] org.hibernate.SQL                        : drop table employee if exists
2019-06-25 02:25:02.528 DEBUG 11200 --- [           main] org.hibernate.SQL                        : drop table employee_project if exists
2019-06-25 02:25:02.528 DEBUG 11200 --- [           main] org.hibernate.SQL                        : drop table project if exists
2019-06-25 02:25:02.528 DEBUG 11200 --- [           main] org.hibernate.SQL                        : drop table t_class if exists
2019-06-25 02:25:02.528 DEBUG 11200 --- [           main] org.hibernate.SQL                        : drop table t_question if exists
2019-06-25 02:25:02.541 DEBUG 11200 --- [           main] org.hibernate.SQL                        : drop table t_task if exists
2019-06-25 02:25:02.541 DEBUG 11200 --- [           main] org.hibernate.SQL                        : drop table t_task_valiable if exists
2019-06-25 02:25:02.541 DEBUG 11200 --- [           main] org.hibernate.SQL                        : drop table t_task_valiable_answer if exists
2019-06-25 02:25:02.541 DEBUG 11200 --- [           main] org.hibernate.SQL                        : drop table t_user if exists
2019-06-25 02:25:02.541 DEBUG 11200 --- [           main] org.hibernate.SQL                        : drop table t_user_class if exists
2019-06-25 02:25:02.541 DEBUG 11200 --- [           main] org.hibernate.SQL                        : create table employee (employee_id integer not null, first_name varchar(255), last_name varchar(255), primary key (employee_id))
2019-06-25 02:25:02.542 DEBUG 11200 --- [           main] org.hibernate.SQL                        : create table employee_project (employee_id integer not null, project_id integer not null)
2019-06-25 02:25:02.542 DEBUG 11200 --- [           main] org.hibernate.SQL                        : create table project (project_id integer not null, title varchar(255), primary key (project_id))
2019-06-25 02:25:02.543 DEBUG 11200 --- [           main] org.hibernate.SQL                        : create table t_class (id integer generated by default as identity, name varchar(255), primary key (id))
2019-06-25 02:25:02.544 DEBUG 11200 --- [           main] org.hibernate.SQL                        : create table t_question (id integer generated by default as identity, description varchar(255), input_num integer, public_flg boolean not null, title varchar(255), primary key (id))
2019-06-25 02:25:02.545 DEBUG 11200 --- [           main] org.hibernate.SQL                        : create table t_task (id integer generated by default as identity, description varchar(255), language_id varchar(255), question_id integer, self_made_check_code varchar(255), title varchar(255), primary key (id))
2019-06-25 02:25:02.546 DEBUG 11200 --- [           main] org.hibernate.SQL                        : create table t_task_valiable (task_id integer not null, val_number integer not null, date_type varchar(255), primary key (task_id, val_number))
2019-06-25 02:25:02.546 DEBUG 11200 --- [           main] org.hibernate.SQL                        : create table t_task_valiable_answer (task_id integer not null, val_number integer not null, parametor varchar(255), public_flg boolean, primary key (task_id, val_number))
2019-06-25 02:25:02.547 DEBUG 11200 --- [           main] org.hibernate.SQL                        : create table t_user (id varchar(255) not null, name varchar(255), password varchar(255) not null, role_id varchar(3) not null, primary key (id))
2019-06-25 02:25:02.548 DEBUG 11200 --- [           main] org.hibernate.SQL                        : create table t_user_class (class_id integer not null, user_id varchar(255) not null)
2019-06-25 02:25:02.548 DEBUG 11200 --- [           main] org.hibernate.SQL                        : alter table employee_project add constraint FK4yddvnm7283a40plkcti66wv9 foreign key (project_id) references project
2019-06-25 02:25:02.549 DEBUG 11200 --- [           main] org.hibernate.SQL                        : alter table employee_project add constraint FKb25s5hgggo6k4au4sye7teb3a foreign key (employee_id) references employee
2019-06-25 02:25:02.551 DEBUG 11200 --- [           main] org.hibernate.SQL                        : alter table t_task add constraint FK5ce17d1lxfbtk8jcg4js93rr6 foreign key (question_id) references t_question
2019-06-25 02:25:02.552 DEBUG 11200 --- [           main] org.hibernate.SQL                        : alter table t_task_valiable add constraint FK6n6hm5nvxgem4ypsq6beqt0jh foreign key (task_id) references t_task
2019-06-25 02:25:02.553 DEBUG 11200 --- [           main] org.hibernate.SQL                        : alter table t_task_valiable_answer add constraint FK54y8v5a7ijwore959mtlkq44v foreign key (task_id) references t_task
2019-06-25 02:25:02.554 DEBUG 11200 --- [           main] org.hibernate.SQL                        : alter table t_user_class add constraint FKkyn2s946l9bqe2eyec4j6lslg foreign key (user_id) references t_user
2019-06-25 02:25:02.555 DEBUG 11200 --- [           main] org.hibernate.SQL                        : alter table t_user_class add constraint FKq93wm54euun6e584hup5kon7i foreign key (class_id) references t_class
2019-06-25 02:25:02.557  INFO 11200 --- [           main] o.h.t.schema.internal.SchemaCreatorImpl  : HHH000476: Executing import script 'org.hibernate.tool.schema.internal.exec.ScriptSourceInputNonExistentImpl@afde064'
2019-06-25 02:25:02.557  INFO 11200 --- [           main] j.LocalContainerEntityManagerFactoryBean : Initialized JPA EntityManagerFactory for persistence unit 'default'
2019-06-25 02:25:02.712  INFO 11200 --- [           main] o.a.c.c.C.[Tomcat].[localhost].[/]       : Initializing Spring FrameworkServlet ''
2019-06-25 02:25:02.713  INFO 11200 --- [           main] o.s.t.web.servlet.TestDispatcherServlet  : FrameworkServlet '': initialization started
2019-06-25 02:25:02.759  WARN 11200 --- [           main] aWebConfiguration$JpaWebMvcConfiguration : spring.jpa.open-in-view is enabled by default. Therefore, database queries may be performed during view rendering. Explicitly configure spring.jpa.open-in-view to disable this warning
2019-06-25 02:25:02.786  INFO 11200 --- [           main] s.w.s.m.m.a.RequestMappingHandlerMapping : Mapped "{[/login],methods=[GET]}" onto java.lang.String jp.spring.boot.algolearn.controller.LoginController.loginForm()
2019-06-25 02:25:02.787  INFO 11200 --- [           main] s.w.s.m.m.a.RequestMappingHandlerMapping : Mapped "{[/student/learn],methods=[GET]}" onto public java.lang.String jp.spring.boot.algolearn.controller.student.LearnController.learn(org.springframework.ui.Model)
2019-06-25 02:25:02.787  INFO 11200 --- [           main] s.w.s.m.m.a.RequestMappingHandlerMapping : Mapped "{[/student/learn],methods=[POST]}" onto public java.lang.String jp.spring.boot.algolearn.controller.student.LearnController.learnExecute(jp.spring.boot.algolearn.form.LearnForm,org.springframework.ui.Model)
2019-06-25 02:25:02.787  INFO 11200 --- [           main] s.w.s.m.m.a.RequestMappingHandlerMapping : Mapped "{[/teacher/class/add],methods=[GET]}" onto public java.lang.String jp.spring.boot.algolearn.controller.teacher.ClassController.add(org.springframework.ui.Model)
2019-06-25 02:25:02.787  INFO 11200 --- [           main] s.w.s.m.m.a.RequestMappingHandlerMapping : Mapped "{[/teacher/class/delete],methods=[POST]}" onto public java.lang.String jp.spring.boot.algolearn.controller.teacher.ClassController.delete(java.lang.String,org.springframework.ui.Model)
2019-06-25 02:25:02.787  INFO 11200 --- [           main] s.w.s.m.m.a.RequestMappingHandlerMapping : Mapped "{[/teacher/class],methods=[GET]}" onto java.lang.String jp.spring.boot.algolearn.controller.teacher.ClassController.list(jp.spring.boot.algolearn.form.ClassForm,org.springframework.ui.Model)
2019-06-25 02:25:02.787  INFO 11200 --- [           main] s.w.s.m.m.a.RequestMappingHandlerMapping : Mapped "{[/teacher/class/edit],methods=[POST]}" onto public java.lang.String jp.spring.boot.algolearn.controller.teacher.ClassController.edit(java.lang.String,org.springframework.ui.Model)
2019-06-25 02:25:02.787  INFO 11200 --- [           main] s.w.s.m.m.a.RequestMappingHandlerMapping : Mapped "{[/teacher/class/editprocess],methods=[POST]}" onto public java.lang.String jp.spring.boot.algolearn.controller.teacher.ClassController.editProcess(jp.spring.boot.algolearn.form.ClassForm,org.springframework.ui.Model)
2019-06-25 02:25:02.787  INFO 11200 --- [           main] s.w.s.m.m.a.RequestMappingHandlerMapping : Mapped "{[/teacher/class/add],methods=[POST]}" onto public java.lang.String jp.spring.boot.algolearn.controller.teacher.ClassController.addProcess(jp.spring.boot.algolearn.form.ClassForm,org.springframework.validation.BindingResult,org.springframework.ui.Model)
2019-06-25 02:25:02.788  INFO 11200 --- [           main] s.w.s.m.m.a.RequestMappingHandlerMapping : Mapped "{[/teacher/question/add],methods=[GET]}" onto public java.lang.String jp.spring.boot.algolearn.controller.teacher.QuestionController.add(org.springframework.ui.Model)
2019-06-25 02:25:02.788  INFO 11200 --- [           main] s.w.s.m.m.a.RequestMappingHandlerMapping : Mapped "{[/teacher/question/delete],methods=[POST]}" onto public java.lang.String jp.spring.boot.algolearn.controller.teacher.QuestionController.delete(java.lang.String,org.springframework.ui.Model)
2019-06-25 02:25:02.788  INFO 11200 --- [           main] s.w.s.m.m.a.RequestMappingHandlerMapping : Mapped "{[/teacher/question],methods=[GET]}" onto java.lang.String jp.spring.boot.algolearn.controller.teacher.QuestionController.list(org.springframework.ui.Model)
2019-06-25 02:25:02.788  INFO 11200 --- [           main] s.w.s.m.m.a.RequestMappingHandlerMapping : Mapped "{[/teacher/question/edit],methods=[POST]}" onto public java.lang.String jp.spring.boot.algolearn.controller.teacher.QuestionController.edit(java.lang.String,org.springframework.ui.Model)
2019-06-25 02:25:02.788  INFO 11200 --- [           main] s.w.s.m.m.a.RequestMappingHandlerMapping : Mapped "{[/teacher/question/editprocess],methods=[POST]}" onto public java.lang.String jp.spring.boot.algolearn.controller.teacher.QuestionController.editProcess(jp.spring.boot.algolearn.form.QuestionForm,org.springframework.ui.Model)
2019-06-25 02:25:02.788  INFO 11200 --- [           main] s.w.s.m.m.a.RequestMappingHandlerMapping : Mapped "{[/teacher/question/add],methods=[POST]}" onto public java.lang.String jp.spring.boot.algolearn.controller.teacher.QuestionController.addProcess(jp.spring.boot.algolearn.form.QuestionForm,org.springframework.validation.BindingResult,org.springframework.ui.Model)
2019-06-25 02:25:02.789  INFO 11200 --- [           main] s.w.s.m.m.a.RequestMappingHandlerMapping : Mapped "{[/teacher/student/add],methods=[GET]}" onto public java.lang.String jp.spring.boot.algolearn.controller.teacher.StudentController.add(org.springframework.ui.Model)
2019-06-25 02:25:02.789  INFO 11200 --- [           main] s.w.s.m.m.a.RequestMappingHandlerMapping : Mapped "{[/teacher/student/delete],methods=[POST]}" onto public java.lang.String jp.spring.boot.algolearn.controller.teacher.StudentController.delete(java.lang.String,org.springframework.ui.Model)
2019-06-25 02:25:02.789  INFO 11200 --- [           main] s.w.s.m.m.a.RequestMappingHandlerMapping : Mapped "{[/teacher/student],methods=[GET]}" onto java.lang.String jp.spring.boot.algolearn.controller.teacher.StudentController.list(org.springframework.ui.Model)
2019-06-25 02:25:02.789  INFO 11200 --- [           main] s.w.s.m.m.a.RequestMappingHandlerMapping : Mapped "{[/teacher/student/edit],methods=[POST]}" onto public java.lang.String jp.spring.boot.algolearn.controller.teacher.StudentController.edit(java.lang.String,org.springframework.ui.Model)
2019-06-25 02:25:02.789  INFO 11200 --- [           main] s.w.s.m.m.a.RequestMappingHandlerMapping : Mapped "{[/teacher/student/editprocess],methods=[POST]}" onto public java.lang.String jp.spring.boot.algolearn.controller.teacher.StudentController.editProcess(jp.spring.boot.algolearn.form.StudentForm,org.springframework.ui.Model)
2019-06-25 02:25:02.789  INFO 11200 --- [           main] s.w.s.m.m.a.RequestMappingHandlerMapping : Mapped "{[/teacher/student/add],methods=[POST]}" onto public java.lang.String jp.spring.boot.algolearn.controller.teacher.StudentController.addProcess(jp.spring.boot.algolearn.form.StudentForm,org.springframework.validation.BindingResult,org.springframework.ui.Model)
2019-06-25 02:25:02.790  INFO 11200 --- [           main] s.w.s.m.m.a.RequestMappingHandlerMapping : Mapped "{[/teacher/task/add],methods=[GET]}" onto public java.lang.String jp.spring.boot.algolearn.controller.teacher.TaskController.add(org.springframework.ui.Model)
2019-06-25 02:25:02.790  INFO 11200 --- [           main] s.w.s.m.m.a.RequestMappingHandlerMapping : Mapped "{[/teacher/task/delete],methods=[POST]}" onto public java.lang.String jp.spring.boot.algolearn.controller.teacher.TaskController.delete(java.lang.String,org.springframework.ui.Model)
2019-06-25 02:25:02.790  INFO 11200 --- [           main] s.w.s.m.m.a.RequestMappingHandlerMapping : Mapped "{[/teacher/task],methods=[GET]}" onto java.lang.String jp.spring.boot.algolearn.controller.teacher.TaskController.list(org.springframework.ui.Model)
2019-06-25 02:25:02.790  INFO 11200 --- [           main] s.w.s.m.m.a.RequestMappingHandlerMapping : Mapped "{[/teacher/task/edit],methods=[POST]}" onto public java.lang.String jp.spring.boot.algolearn.controller.teacher.TaskController.edit(java.lang.String,org.springframework.ui.Model)
2019-06-25 02:25:02.790  INFO 11200 --- [           main] s.w.s.m.m.a.RequestMappingHandlerMapping : Mapped "{[/teacher/task/editprocess],methods=[POST]}" onto public java.lang.String jp.spring.boot.algolearn.controller.teacher.TaskController.editProcess(jp.spring.boot.algolearn.form.StudentForm,org.springframework.ui.Model)
2019-06-25 02:25:02.790  INFO 11200 --- [           main] s.w.s.m.m.a.RequestMappingHandlerMapping : Mapped "{[/teacher/task/add],methods=[POST]}" onto public java.lang.String jp.spring.boot.algolearn.controller.teacher.TaskController.addProcess(jp.spring.boot.algolearn.form.StudentForm,org.springframework.validation.BindingResult,org.springframework.ui.Model)
2019-06-25 02:25:02.792  INFO 11200 --- [           main] s.w.s.m.m.a.RequestMappingHandlerMapping : Mapped "{[/error]}" onto public org.springframework.http.ResponseEntity<java.util.Map<java.lang.String, java.lang.Object>> org.springframework.boot.autoconfigure.web.servlet.error.BasicErrorController.error(javax.servlet.http.HttpServletRequest)
2019-06-25 02:25:02.792  INFO 11200 --- [           main] s.w.s.m.m.a.RequestMappingHandlerMapping : Mapped "{[/error],produces=[text/html]}" onto public org.springframework.web.servlet.ModelAndView org.springframework.boot.autoconfigure.web.servlet.error.BasicErrorController.errorHtml(javax.servlet.http.HttpServletRequest,javax.servlet.http.HttpServletResponse)
2019-06-25 02:25:02.827  INFO 11200 --- [           main] o.s.w.s.handler.SimpleUrlHandlerMapping  : Mapped URL path [/webjars/**] onto handler of type [class org.springframework.web.servlet.resource.ResourceHttpRequestHandler]
2019-06-25 02:25:02.828  INFO 11200 --- [           main] o.s.w.s.handler.SimpleUrlHandlerMapping  : Mapped URL path [/**] onto handler of type [class org.springframework.web.servlet.resource.ResourceHttpRequestHandler]
2019-06-25 02:25:02.845  INFO 11200 --- [           main] o.s.w.s.handler.SimpleUrlHandlerMapping  : Mapped URL path [/**/favicon.ico] onto handler of type [class org.springframework.web.servlet.resource.ResourceHttpRequestHandler]
2019-06-25 02:25:03.003  INFO 11200 --- [           main] s.w.s.m.m.a.RequestMappingHandlerAdapter : Looking for @ControllerAdvice: org.springframework.boot.web.servlet.context.AnnotationConfigServletWebServerApplicationContext@70edffdb: startup date [Tue Jun 25 02:25:01 JST 2019]; root of context hierarchy
2019-06-25 02:25:03.084  INFO 11200 --- [           main] o.s.t.web.servlet.TestDispatcherServlet  : FrameworkServlet '': initialization completed in 371 ms
2019-06-25 02:25:03.259  INFO 11200 --- [           main] o.s.b.w.embedded.tomcat.TomcatWebServer  : Tomcat started on port(s): 54796 (http) with context path ''
2019-06-25 02:25:03.260  INFO 11200 --- [           main] j.s.b.a.c.teacher.StudentControllerTest  : Started StudentControllerTest in 1.499 seconds (JVM running for 23.435)
2019-06-25 02:25:03.267  INFO 11200 --- [           main] o.a.c.c.C.[Tomcat].[localhost].[/]       : Initializing Spring FrameworkServlet ''
2019-06-25 02:25:03.267  INFO 11200 --- [           main] o.s.t.web.servlet.TestDispatcherServlet  : FrameworkServlet '': initialization started
2019-06-25 02:25:03.269  INFO 11200 --- [           main] o.s.t.web.servlet.TestDispatcherServlet  : FrameworkServlet '': initialization completed in 2 ms
]]></system-out>
  </testcase>
  <testcase name="先生用学生登録処理" classname="jp.spring.boot.algolearn.controller.teacher.StudentControllerTest" time="1.644">
    <error message="Request processing failed; nested exception is org.springframework.orm.jpa.JpaSystemException: ids for this class must be manually assigned before calling save(): jp.spring.boot.algolearn.bean.UserBean; nested exception is org.hibernate.id.IdentifierGenerationException: ids for this class must be manually assigned before calling save(): jp.spring.boot.algolearn.bean.UserBean" type="org.springframework.web.util.NestedServletException">org.springframework.web.util.NestedServletException: Request processing failed; nested exception is org.springframework.orm.jpa.JpaSystemException: ids for this class must be manually assigned before calling save(): jp.spring.boot.algolearn.bean.UserBean; nested exception is org.hibernate.id.IdentifierGenerationException: ids for this class must be manually assigned before calling save(): jp.spring.boot.algolearn.bean.UserBean
	at jp.spring.boot.algolearn.controller.teacher.StudentControllerTest.先生用学生登録処理(StudentControllerTest.java:140)
Caused by: org.springframework.orm.jpa.JpaSystemException: ids for this class must be manually assigned before calling save(): jp.spring.boot.algolearn.bean.UserBean; nested exception is org.hibernate.id.IdentifierGenerationException: ids for this class must be manually assigned before calling save(): jp.spring.boot.algolearn.bean.UserBean
	at jp.spring.boot.algolearn.controller.teacher.StudentControllerTest.先生用学生登録処理(StudentControllerTest.java:140)
Caused by: org.hibernate.id.IdentifierGenerationException: ids for this class must be manually assigned before calling save(): jp.spring.boot.algolearn.bean.UserBean
	at jp.spring.boot.algolearn.controller.teacher.StudentControllerTest.先生用学生登録処理(StudentControllerTest.java:140)
</error>
    <system-out><![CDATA[2019-06-25 02:25:03.278  INFO 11200 --- [           main] ConfigServletWebServerApplicationContext : Closing org.springframework.boot.web.servlet.context.AnnotationConfigServletWebServerApplicationContext@70edffdb: startup date [Tue Jun 25 02:25:01 JST 2019]; root of context hierarchy
2019-06-25 02:25:03.279  INFO 11200 --- [           main] j.LocalContainerEntityManagerFactoryBean : Closing JPA EntityManagerFactory for persistence unit 'default'
2019-06-25 02:25:03.280  INFO 11200 --- [           main] .SchemaDropperImpl$DelayedDropActionImpl : HHH000477: Starting delayed drop of schema as part of SessionFactory shut-down'
2019-06-25 02:25:03.280 DEBUG 11200 --- [           main] org.hibernate.SQL                        : drop table employee if exists
2019-06-25 02:25:03.281 DEBUG 11200 --- [           main] org.hibernate.SQL                        : drop table employee_project if exists
2019-06-25 02:25:03.282 DEBUG 11200 --- [           main] org.hibernate.SQL                        : drop table project if exists
2019-06-25 02:25:03.282 DEBUG 11200 --- [           main] org.hibernate.SQL                        : drop table t_class if exists
2019-06-25 02:25:03.283 DEBUG 11200 --- [           main] org.hibernate.SQL                        : drop table t_question if exists
2019-06-25 02:25:03.283 DEBUG 11200 --- [           main] org.hibernate.SQL                        : drop table t_task if exists
2019-06-25 02:25:03.284 DEBUG 11200 --- [           main] org.hibernate.SQL                        : drop table t_task_valiable if exists
2019-06-25 02:25:03.284 DEBUG 11200 --- [           main] org.hibernate.SQL                        : drop table t_task_valiable_answer if exists
2019-06-25 02:25:03.284 DEBUG 11200 --- [           main] org.hibernate.SQL                        : drop table t_user if exists
2019-06-25 02:25:03.285 DEBUG 11200 --- [           main] org.hibernate.SQL                        : drop table t_user_class if exists
2019-06-25 02:25:03.285  INFO 11200 --- [           main] com.zaxxer.hikari.HikariDataSource       : HikariPool-8 - Shutdown initiated...
2019-06-25 02:25:03.288  INFO 11200 --- [           main] com.zaxxer.hikari.HikariDataSource       : HikariPool-8 - Shutdown completed.

  .   ____          _            __ _ _
 /\\ / ___'_ __ _ _(_)_ __  __ _ \ \ \ \
( ( )\___ | '_ | '_| | '_ \/ _` | \ \ \ \
 \\/  ___)| |_)| | | | | || (_| |  ) ) ) )
  '  |____| .__|_| |_|_| |_\__, | / / / /
 =========|_|==============|___/=/_/_/_/
 :: Spring Boot ::        (v2.0.0.RELEASE)

2019-06-25 02:25:03.634  INFO 11200 --- [           main] j.s.b.a.c.teacher.StudentControllerTest  : Starting StudentControllerTest on MyComputer with PID 11200 (started by user01-m in F:\dev\workspace_sts\algolearn_20190622)
2019-06-25 02:25:03.634  INFO 11200 --- [           main] j.s.b.a.c.teacher.StudentControllerTest  : The following profiles are active: test
2019-06-25 02:25:03.634  INFO 11200 --- [           main] ConfigServletWebServerApplicationContext : Refreshing org.springframework.boot.web.servlet.context.AnnotationConfigServletWebServerApplicationContext@2033fd39: startup date [Tue Jun 25 02:25:03 JST 2019]; root of context hierarchy
2019-06-25 02:25:04.006  INFO 11200 --- [           main] trationDelegate$BeanPostProcessorChecker : Bean 'org.springframework.transaction.annotation.ProxyTransactionManagementConfiguration' of type [org.springframework.transaction.annotation.ProxyTransactionManagementConfiguration$$EnhancerBySpringCGLIB$$31723b68] is not eligible for getting processed by all BeanPostProcessors (for example: not eligible for auto-proxying)
2019-06-25 02:25:04.062  INFO 11200 --- [           main] o.s.b.w.embedded.tomcat.TomcatWebServer  : Tomcat initialized with port(s): 0 (http)
2019-06-25 02:25:04.062  INFO 11200 --- [           main] o.apache.catalina.core.StandardService   : Starting service [Tomcat]
2019-06-25 02:25:04.062  INFO 11200 --- [           main] org.apache.catalina.core.StandardEngine  : Starting Servlet Engine: Apache Tomcat/8.5.28
2019-06-25 02:25:04.073  INFO 11200 --- [ost-startStop-1] o.a.c.c.C.[Tomcat].[localhost].[/]       : Initializing Spring embedded WebApplicationContext
2019-06-25 02:25:04.073  INFO 11200 --- [ost-startStop-1] o.s.web.context.ContextLoader            : Root WebApplicationContext: initialization completed in 439 ms
2019-06-25 02:25:04.163  INFO 11200 --- [ost-startStop-1] o.s.b.w.servlet.ServletRegistrationBean  : Servlet dispatcherServlet mapped to [/]
2019-06-25 02:25:04.163  INFO 11200 --- [ost-startStop-1] o.s.b.w.servlet.FilterRegistrationBean   : Mapping filter: 'characterEncodingFilter' to: [/*]
2019-06-25 02:25:04.163  INFO 11200 --- [ost-startStop-1] o.s.b.w.servlet.FilterRegistrationBean   : Mapping filter: 'hiddenHttpMethodFilter' to: [/*]
2019-06-25 02:25:04.163  INFO 11200 --- [ost-startStop-1] o.s.b.w.servlet.FilterRegistrationBean   : Mapping filter: 'httpPutFormContentFilter' to: [/*]
2019-06-25 02:25:04.163  INFO 11200 --- [ost-startStop-1] o.s.b.w.servlet.FilterRegistrationBean   : Mapping filter: 'requestContextFilter' to: [/*]
2019-06-25 02:25:04.219  INFO 11200 --- [           main] com.zaxxer.hikari.HikariDataSource       : HikariPool-9 - Starting...
2019-06-25 02:25:04.221  INFO 11200 --- [           main] com.zaxxer.hikari.HikariDataSource       : HikariPool-9 - Start completed.
2019-06-25 02:25:04.283  INFO 11200 --- [           main] j.LocalContainerEntityManagerFactoryBean : Building JPA container EntityManagerFactory for persistence unit 'default'
2019-06-25 02:25:04.283  INFO 11200 --- [           main] o.hibernate.jpa.internal.util.LogHelper  : HHH000204: Processing PersistenceUnitInfo [
	name: default
	...]
2019-06-25 02:25:04.307  INFO 11200 --- [           main] org.hibernate.dialect.Dialect            : HHH000400: Using dialect: org.hibernate.dialect.H2Dialect
2019-06-25 02:25:04.353 DEBUG 11200 --- [           main] org.hibernate.SQL                        : drop table employee if exists
2019-06-25 02:25:04.353 DEBUG 11200 --- [           main] org.hibernate.SQL                        : drop table employee_project if exists
2019-06-25 02:25:04.353 DEBUG 11200 --- [           main] org.hibernate.SQL                        : drop table project if exists
2019-06-25 02:25:04.353 DEBUG 11200 --- [           main] org.hibernate.SQL                        : drop table t_class if exists
2019-06-25 02:25:04.353 DEBUG 11200 --- [           main] org.hibernate.SQL                        : drop table t_question if exists
2019-06-25 02:25:04.353 DEBUG 11200 --- [           main] org.hibernate.SQL                        : drop table t_task if exists
2019-06-25 02:25:04.353 DEBUG 11200 --- [           main] org.hibernate.SQL                        : drop table t_task_valiable if exists
2019-06-25 02:25:04.353 DEBUG 11200 --- [           main] org.hibernate.SQL                        : drop table t_task_valiable_answer if exists
2019-06-25 02:25:04.353 DEBUG 11200 --- [           main] org.hibernate.SQL                        : drop table t_user if exists
2019-06-25 02:25:04.353 DEBUG 11200 --- [           main] org.hibernate.SQL                        : drop table t_user_class if exists
2019-06-25 02:25:04.353 DEBUG 11200 --- [           main] org.hibernate.SQL                        : create table employee (employee_id integer not null, first_name varchar(255), last_name varchar(255), primary key (employee_id))
2019-06-25 02:25:04.353 DEBUG 11200 --- [           main] org.hibernate.SQL                        : create table employee_project (employee_id integer not null, project_id integer not null)
2019-06-25 02:25:04.353 DEBUG 11200 --- [           main] org.hibernate.SQL                        : create table project (project_id integer not null, title varchar(255), primary key (project_id))
2019-06-25 02:25:04.353 DEBUG 11200 --- [           main] org.hibernate.SQL                        : create table t_class (id integer generated by default as identity, name varchar(255), primary key (id))
2019-06-25 02:25:04.363 DEBUG 11200 --- [           main] org.hibernate.SQL                        : create table t_question (id integer generated by default as identity, description varchar(255), input_num integer, public_flg boolean not null, title varchar(255), primary key (id))
2019-06-25 02:25:04.363 DEBUG 11200 --- [           main] org.hibernate.SQL                        : create table t_task (id integer generated by default as identity, description varchar(255), language_id varchar(255), question_id integer, self_made_check_code varchar(255), title varchar(255), primary key (id))
2019-06-25 02:25:04.363 DEBUG 11200 --- [           main] org.hibernate.SQL                        : create table t_task_valiable (task_id integer not null, val_number integer not null, date_type varchar(255), primary key (task_id, val_number))
2019-06-25 02:25:04.363 DEBUG 11200 --- [           main] org.hibernate.SQL                        : create table t_task_valiable_answer (task_id integer not null, val_number integer not null, parametor varchar(255), public_flg boolean, primary key (task_id, val_number))
2019-06-25 02:25:04.363 DEBUG 11200 --- [           main] org.hibernate.SQL                        : create table t_user (id varchar(255) not null, name varchar(255), password varchar(255) not null, role_id varchar(3) not null, primary key (id))
2019-06-25 02:25:04.363 DEBUG 11200 --- [           main] org.hibernate.SQL                        : create table t_user_class (class_id integer not null, user_id varchar(255) not null)
2019-06-25 02:25:04.363 DEBUG 11200 --- [           main] org.hibernate.SQL                        : alter table employee_project add constraint FK4yddvnm7283a40plkcti66wv9 foreign key (project_id) references project
2019-06-25 02:25:04.363 DEBUG 11200 --- [           main] org.hibernate.SQL                        : alter table employee_project add constraint FKb25s5hgggo6k4au4sye7teb3a foreign key (employee_id) references employee
2019-06-25 02:25:04.367 DEBUG 11200 --- [           main] org.hibernate.SQL                        : alter table t_task add constraint FK5ce17d1lxfbtk8jcg4js93rr6 foreign key (question_id) references t_question
2019-06-25 02:25:04.367 DEBUG 11200 --- [           main] org.hibernate.SQL                        : alter table t_task_valiable add constraint FK6n6hm5nvxgem4ypsq6beqt0jh foreign key (task_id) references t_task
2019-06-25 02:25:04.367 DEBUG 11200 --- [           main] org.hibernate.SQL                        : alter table t_task_valiable_answer add constraint FK54y8v5a7ijwore959mtlkq44v foreign key (task_id) references t_task
2019-06-25 02:25:04.367 DEBUG 11200 --- [           main] org.hibernate.SQL                        : alter table t_user_class add constraint FKkyn2s946l9bqe2eyec4j6lslg foreign key (user_id) references t_user
2019-06-25 02:25:04.367 DEBUG 11200 --- [           main] org.hibernate.SQL                        : alter table t_user_class add constraint FKq93wm54euun6e584hup5kon7i foreign key (class_id) references t_class
2019-06-25 02:25:04.367  INFO 11200 --- [           main] o.h.t.schema.internal.SchemaCreatorImpl  : HHH000476: Executing import script 'org.hibernate.tool.schema.internal.exec.ScriptSourceInputNonExistentImpl@afde064'
2019-06-25 02:25:04.367  INFO 11200 --- [           main] j.LocalContainerEntityManagerFactoryBean : Initialized JPA EntityManagerFactory for persistence unit 'default'
2019-06-25 02:25:04.457  INFO 11200 --- [           main] o.a.c.c.C.[Tomcat].[localhost].[/]       : Initializing Spring FrameworkServlet ''
2019-06-25 02:25:04.457  INFO 11200 --- [           main] o.s.t.web.servlet.TestDispatcherServlet  : FrameworkServlet '': initialization started
2019-06-25 02:25:04.483  WARN 11200 --- [           main] aWebConfiguration$JpaWebMvcConfiguration : spring.jpa.open-in-view is enabled by default. Therefore, database queries may be performed during view rendering. Explicitly configure spring.jpa.open-in-view to disable this warning
2019-06-25 02:25:04.503  INFO 11200 --- [           main] s.w.s.m.m.a.RequestMappingHandlerMapping : Mapped "{[/login],methods=[GET]}" onto java.lang.String jp.spring.boot.algolearn.controller.LoginController.loginForm()
2019-06-25 02:25:04.503  INFO 11200 --- [           main] s.w.s.m.m.a.RequestMappingHandlerMapping : Mapped "{[/student/learn],methods=[GET]}" onto public java.lang.String jp.spring.boot.algolearn.controller.student.LearnController.learn(org.springframework.ui.Model)
2019-06-25 02:25:04.503  INFO 11200 --- [           main] s.w.s.m.m.a.RequestMappingHandlerMapping : Mapped "{[/student/learn],methods=[POST]}" onto public java.lang.String jp.spring.boot.algolearn.controller.student.LearnController.learnExecute(jp.spring.boot.algolearn.form.LearnForm,org.springframework.ui.Model)
2019-06-25 02:25:04.503  INFO 11200 --- [           main] s.w.s.m.m.a.RequestMappingHandlerMapping : Mapped "{[/teacher/class/add],methods=[GET]}" onto public java.lang.String jp.spring.boot.algolearn.controller.teacher.ClassController.add(org.springframework.ui.Model)
2019-06-25 02:25:04.503  INFO 11200 --- [           main] s.w.s.m.m.a.RequestMappingHandlerMapping : Mapped "{[/teacher/class/delete],methods=[POST]}" onto public java.lang.String jp.spring.boot.algolearn.controller.teacher.ClassController.delete(java.lang.String,org.springframework.ui.Model)
2019-06-25 02:25:04.503  INFO 11200 --- [           main] s.w.s.m.m.a.RequestMappingHandlerMapping : Mapped "{[/teacher/class],methods=[GET]}" onto java.lang.String jp.spring.boot.algolearn.controller.teacher.ClassController.list(jp.spring.boot.algolearn.form.ClassForm,org.springframework.ui.Model)
2019-06-25 02:25:04.503  INFO 11200 --- [           main] s.w.s.m.m.a.RequestMappingHandlerMapping : Mapped "{[/teacher/class/edit],methods=[POST]}" onto public java.lang.String jp.spring.boot.algolearn.controller.teacher.ClassController.edit(java.lang.String,org.springframework.ui.Model)
2019-06-25 02:25:04.503  INFO 11200 --- [           main] s.w.s.m.m.a.RequestMappingHandlerMapping : Mapped "{[/teacher/class/editprocess],methods=[POST]}" onto public java.lang.String jp.spring.boot.algolearn.controller.teacher.ClassController.editProcess(jp.spring.boot.algolearn.form.ClassForm,org.springframework.ui.Model)
2019-06-25 02:25:04.503  INFO 11200 --- [           main] s.w.s.m.m.a.RequestMappingHandlerMapping : Mapped "{[/teacher/class/add],methods=[POST]}" onto public java.lang.String jp.spring.boot.algolearn.controller.teacher.ClassController.addProcess(jp.spring.boot.algolearn.form.ClassForm,org.springframework.validation.BindingResult,org.springframework.ui.Model)
2019-06-25 02:25:04.513  INFO 11200 --- [           main] s.w.s.m.m.a.RequestMappingHandlerMapping : Mapped "{[/teacher/question/add],methods=[GET]}" onto public java.lang.String jp.spring.boot.algolearn.controller.teacher.QuestionController.add(org.springframework.ui.Model)
2019-06-25 02:25:04.513  INFO 11200 --- [           main] s.w.s.m.m.a.RequestMappingHandlerMapping : Mapped "{[/teacher/question/delete],methods=[POST]}" onto public java.lang.String jp.spring.boot.algolearn.controller.teacher.QuestionController.delete(java.lang.String,org.springframework.ui.Model)
2019-06-25 02:25:04.513  INFO 11200 --- [           main] s.w.s.m.m.a.RequestMappingHandlerMapping : Mapped "{[/teacher/question],methods=[GET]}" onto java.lang.String jp.spring.boot.algolearn.controller.teacher.QuestionController.list(org.springframework.ui.Model)
2019-06-25 02:25:04.513  INFO 11200 --- [           main] s.w.s.m.m.a.RequestMappingHandlerMapping : Mapped "{[/teacher/question/edit],methods=[POST]}" onto public java.lang.String jp.spring.boot.algolearn.controller.teacher.QuestionController.edit(java.lang.String,org.springframework.ui.Model)
2019-06-25 02:25:04.513  INFO 11200 --- [           main] s.w.s.m.m.a.RequestMappingHandlerMapping : Mapped "{[/teacher/question/editprocess],methods=[POST]}" onto public java.lang.String jp.spring.boot.algolearn.controller.teacher.QuestionController.editProcess(jp.spring.boot.algolearn.form.QuestionForm,org.springframework.ui.Model)
2019-06-25 02:25:04.513  INFO 11200 --- [           main] s.w.s.m.m.a.RequestMappingHandlerMapping : Mapped "{[/teacher/question/add],methods=[POST]}" onto public java.lang.String jp.spring.boot.algolearn.controller.teacher.QuestionController.addProcess(jp.spring.boot.algolearn.form.QuestionForm,org.springframework.validation.BindingResult,org.springframework.ui.Model)
2019-06-25 02:25:04.513  INFO 11200 --- [           main] s.w.s.m.m.a.RequestMappingHandlerMapping : Mapped "{[/teacher/student/add],methods=[GET]}" onto public java.lang.String jp.spring.boot.algolearn.controller.teacher.StudentController.add(org.springframework.ui.Model)
2019-06-25 02:25:04.513  INFO 11200 --- [           main] s.w.s.m.m.a.RequestMappingHandlerMapping : Mapped "{[/teacher/student/delete],methods=[POST]}" onto public java.lang.String jp.spring.boot.algolearn.controller.teacher.StudentController.delete(java.lang.String,org.springframework.ui.Model)
2019-06-25 02:25:04.513  INFO 11200 --- [           main] s.w.s.m.m.a.RequestMappingHandlerMapping : Mapped "{[/teacher/student],methods=[GET]}" onto java.lang.String jp.spring.boot.algolearn.controller.teacher.StudentController.list(org.springframework.ui.Model)
2019-06-25 02:25:04.513  INFO 11200 --- [           main] s.w.s.m.m.a.RequestMappingHandlerMapping : Mapped "{[/teacher/student/edit],methods=[POST]}" onto public java.lang.String jp.spring.boot.algolearn.controller.teacher.StudentController.edit(java.lang.String,org.springframework.ui.Model)
2019-06-25 02:25:04.513  INFO 11200 --- [           main] s.w.s.m.m.a.RequestMappingHandlerMapping : Mapped "{[/teacher/student/editprocess],methods=[POST]}" onto public java.lang.String jp.spring.boot.algolearn.controller.teacher.StudentController.editProcess(jp.spring.boot.algolearn.form.StudentForm,org.springframework.ui.Model)
2019-06-25 02:25:04.513  INFO 11200 --- [           main] s.w.s.m.m.a.RequestMappingHandlerMapping : Mapped "{[/teacher/student/add],methods=[POST]}" onto public java.lang.String jp.spring.boot.algolearn.controller.teacher.StudentController.addProcess(jp.spring.boot.algolearn.form.StudentForm,org.springframework.validation.BindingResult,org.springframework.ui.Model)
2019-06-25 02:25:04.513  INFO 11200 --- [           main] s.w.s.m.m.a.RequestMappingHandlerMapping : Mapped "{[/teacher/task/add],methods=[GET]}" onto public java.lang.String jp.spring.boot.algolearn.controller.teacher.TaskController.add(org.springframework.ui.Model)
2019-06-25 02:25:04.513  INFO 11200 --- [           main] s.w.s.m.m.a.RequestMappingHandlerMapping : Mapped "{[/teacher/task/delete],methods=[POST]}" onto public java.lang.String jp.spring.boot.algolearn.controller.teacher.TaskController.delete(java.lang.String,org.springframework.ui.Model)
2019-06-25 02:25:04.513  INFO 11200 --- [           main] s.w.s.m.m.a.RequestMappingHandlerMapping : Mapped "{[/teacher/task],methods=[GET]}" onto java.lang.String jp.spring.boot.algolearn.controller.teacher.TaskController.list(org.springframework.ui.Model)
2019-06-25 02:25:04.513  INFO 11200 --- [           main] s.w.s.m.m.a.RequestMappingHandlerMapping : Mapped "{[/teacher/task/edit],methods=[POST]}" onto public java.lang.String jp.spring.boot.algolearn.controller.teacher.TaskController.edit(java.lang.String,org.springframework.ui.Model)
2019-06-25 02:25:04.513  INFO 11200 --- [           main] s.w.s.m.m.a.RequestMappingHandlerMapping : Mapped "{[/teacher/task/editprocess],methods=[POST]}" onto public java.lang.String jp.spring.boot.algolearn.controller.teacher.TaskController.editProcess(jp.spring.boot.algolearn.form.StudentForm,org.springframework.ui.Model)
2019-06-25 02:25:04.513  INFO 11200 --- [           main] s.w.s.m.m.a.RequestMappingHandlerMapping : Mapped "{[/teacher/task/add],methods=[POST]}" onto public java.lang.String jp.spring.boot.algolearn.controller.teacher.TaskController.addProcess(jp.spring.boot.algolearn.form.StudentForm,org.springframework.validation.BindingResult,org.springframework.ui.Model)
2019-06-25 02:25:04.515  INFO 11200 --- [           main] s.w.s.m.m.a.RequestMappingHandlerMapping : Mapped "{[/error]}" onto public org.springframework.http.ResponseEntity<java.util.Map<java.lang.String, java.lang.Object>> org.springframework.boot.autoconfigure.web.servlet.error.BasicErrorController.error(javax.servlet.http.HttpServletRequest)
2019-06-25 02:25:04.515  INFO 11200 --- [           main] s.w.s.m.m.a.RequestMappingHandlerMapping : Mapped "{[/error],produces=[text/html]}" onto public org.springframework.web.servlet.ModelAndView org.springframework.boot.autoconfigure.web.servlet.error.BasicErrorController.errorHtml(javax.servlet.http.HttpServletRequest,javax.servlet.http.HttpServletResponse)
2019-06-25 02:25:04.535  INFO 11200 --- [           main] o.s.w.s.handler.SimpleUrlHandlerMapping  : Mapped URL path [/webjars/**] onto handler of type [class org.springframework.web.servlet.resource.ResourceHttpRequestHandler]
2019-06-25 02:25:04.535  INFO 11200 --- [           main] o.s.w.s.handler.SimpleUrlHandlerMapping  : Mapped URL path [/**] onto handler of type [class org.springframework.web.servlet.resource.ResourceHttpRequestHandler]
2019-06-25 02:25:04.553  INFO 11200 --- [           main] o.s.w.s.handler.SimpleUrlHandlerMapping  : Mapped URL path [/**/favicon.ico] onto handler of type [class org.springframework.web.servlet.resource.ResourceHttpRequestHandler]
2019-06-25 02:25:04.653  INFO 11200 --- [           main] s.w.s.m.m.a.RequestMappingHandlerAdapter : Looking for @ControllerAdvice: org.springframework.boot.web.servlet.context.AnnotationConfigServletWebServerApplicationContext@2033fd39: startup date [Tue Jun 25 02:25:03 JST 2019]; root of context hierarchy
2019-06-25 02:25:04.745  INFO 11200 --- [           main] o.s.t.web.servlet.TestDispatcherServlet  : FrameworkServlet '': initialization completed in 288 ms
2019-06-25 02:25:04.903  INFO 11200 --- [           main] o.s.b.w.embedded.tomcat.TomcatWebServer  : Tomcat started on port(s): 54804 (http) with context path ''
2019-06-25 02:25:04.903  INFO 11200 --- [           main] j.s.b.a.c.teacher.StudentControllerTest  : Started StudentControllerTest in 1.32 seconds (JVM running for 25.081)
2019-06-25 02:25:04.903  INFO 11200 --- [           main] o.a.c.c.C.[Tomcat].[localhost].[/]       : Initializing Spring FrameworkServlet ''
2019-06-25 02:25:04.903  INFO 11200 --- [           main] o.s.t.web.servlet.TestDispatcherServlet  : FrameworkServlet '': initialization started
2019-06-25 02:25:04.913  INFO 11200 --- [           main] o.s.t.web.servlet.TestDispatcherServlet  : FrameworkServlet '': initialization completed in 10 ms
]]></system-out>
  </testcase>
  <testcase name="先生用学生編集ページ表示" classname="jp.spring.boot.algolearn.controller.teacher.StudentControllerTest" time="1.514">
    <error message="org.h2.jdbc.JdbcSQLException: 列 &quot;USER_ID&quot; が見つかりません&#10;Column &quot;USER_ID&quot; not found; SQL statement:&#10;insert into t_user (user_id, password, name, role_id) values (?, ?, ?, ?) [42122-196]" type="com.ninja_squad.dbsetup.DbSetupRuntimeException">com.ninja_squad.dbsetup.DbSetupRuntimeException: 
org.h2.jdbc.JdbcSQLException: 列 "USER_ID" が見つかりません
Column "USER_ID" not found; SQL statement:
insert into t_user (user_id, password, name, role_id) values (?, ?, ?, ?) [42122-196]
	at jp.spring.boot.algolearn.controller.teacher.StudentControllerTest.先生用学生編集ページ表示(StudentControllerTest.java:163)
Caused by: org.h2.jdbc.JdbcSQLException: 
列 "USER_ID" が見つかりません
Column "USER_ID" not found; SQL statement:
insert into t_user (user_id, password, name, role_id) values (?, ?, ?, ?) [42122-196]
	at jp.spring.boot.algolearn.controller.teacher.StudentControllerTest.先生用学生編集ページ表示(StudentControllerTest.java:163)
</error>
    <system-out><![CDATA[2019-06-25 02:25:04.922  INFO 11200 --- [           main] ConfigServletWebServerApplicationContext : Closing org.springframework.boot.web.servlet.context.AnnotationConfigServletWebServerApplicationContext@2033fd39: startup date [Tue Jun 25 02:25:03 JST 2019]; root of context hierarchy
2019-06-25 02:25:04.922  INFO 11200 --- [           main] j.LocalContainerEntityManagerFactoryBean : Closing JPA EntityManagerFactory for persistence unit 'default'
2019-06-25 02:25:04.922  INFO 11200 --- [           main] .SchemaDropperImpl$DelayedDropActionImpl : HHH000477: Starting delayed drop of schema as part of SessionFactory shut-down'
2019-06-25 02:25:04.922 DEBUG 11200 --- [           main] org.hibernate.SQL                        : drop table employee if exists
2019-06-25 02:25:04.922 DEBUG 11200 --- [           main] org.hibernate.SQL                        : drop table employee_project if exists
2019-06-25 02:25:04.922 DEBUG 11200 --- [           main] org.hibernate.SQL                        : drop table project if exists
2019-06-25 02:25:04.922 DEBUG 11200 --- [           main] org.hibernate.SQL                        : drop table t_class if exists
2019-06-25 02:25:04.922 DEBUG 11200 --- [           main] org.hibernate.SQL                        : drop table t_question if exists
2019-06-25 02:25:04.922 DEBUG 11200 --- [           main] org.hibernate.SQL                        : drop table t_task if exists
2019-06-25 02:25:04.922 DEBUG 11200 --- [           main] org.hibernate.SQL                        : drop table t_task_valiable if exists
2019-06-25 02:25:04.922 DEBUG 11200 --- [           main] org.hibernate.SQL                        : drop table t_task_valiable_answer if exists
2019-06-25 02:25:04.922 DEBUG 11200 --- [           main] org.hibernate.SQL                        : drop table t_user if exists
2019-06-25 02:25:04.922 DEBUG 11200 --- [           main] org.hibernate.SQL                        : drop table t_user_class if exists
2019-06-25 02:25:04.933  INFO 11200 --- [           main] com.zaxxer.hikari.HikariDataSource       : HikariPool-9 - Shutdown initiated...
2019-06-25 02:25:04.933  INFO 11200 --- [           main] com.zaxxer.hikari.HikariDataSource       : HikariPool-9 - Shutdown completed.

  .   ____          _            __ _ _
 /\\ / ___'_ __ _ _(_)_ __  __ _ \ \ \ \
( ( )\___ | '_ | '_| | '_ \/ _` | \ \ \ \
 \\/  ___)| |_)| | | | | || (_| |  ) ) ) )
  '  |____| .__|_| |_|_| |_\__, | / / / /
 =========|_|==============|___/=/_/_/_/
 :: Spring Boot ::        (v2.0.0.RELEASE)

2019-06-25 02:25:05.283  INFO 11200 --- [           main] j.s.b.a.c.teacher.StudentControllerTest  : Starting StudentControllerTest on MyComputer with PID 11200 (started by user01-m in F:\dev\workspace_sts\algolearn_20190622)
2019-06-25 02:25:05.283  INFO 11200 --- [           main] j.s.b.a.c.teacher.StudentControllerTest  : The following profiles are active: test
2019-06-25 02:25:05.283  INFO 11200 --- [           main] ConfigServletWebServerApplicationContext : Refreshing org.springframework.boot.web.servlet.context.AnnotationConfigServletWebServerApplicationContext@6d548d27: startup date [Tue Jun 25 02:25:05 JST 2019]; root of context hierarchy
2019-06-25 02:25:05.603  INFO 11200 --- [           main] trationDelegate$BeanPostProcessorChecker : Bean 'org.springframework.transaction.annotation.ProxyTransactionManagementConfiguration' of type [org.springframework.transaction.annotation.ProxyTransactionManagementConfiguration$$EnhancerBySpringCGLIB$$31723b68] is not eligible for getting processed by all BeanPostProcessors (for example: not eligible for auto-proxying)
2019-06-25 02:25:05.653  INFO 11200 --- [           main] o.s.b.w.embedded.tomcat.TomcatWebServer  : Tomcat initialized with port(s): 0 (http)
2019-06-25 02:25:05.657  INFO 11200 --- [           main] o.apache.catalina.core.StandardService   : Starting service [Tomcat]
2019-06-25 02:25:05.657  INFO 11200 --- [           main] org.apache.catalina.core.StandardEngine  : Starting Servlet Engine: Apache Tomcat/8.5.28
2019-06-25 02:25:05.663  INFO 11200 --- [ost-startStop-1] o.a.c.c.C.[Tomcat].[localhost].[/]       : Initializing Spring embedded WebApplicationContext
2019-06-25 02:25:05.663  INFO 11200 --- [ost-startStop-1] o.s.web.context.ContextLoader            : Root WebApplicationContext: initialization completed in 380 ms
2019-06-25 02:25:05.727  INFO 11200 --- [ost-startStop-1] o.s.b.w.servlet.ServletRegistrationBean  : Servlet dispatcherServlet mapped to [/]
2019-06-25 02:25:05.727  INFO 11200 --- [ost-startStop-1] o.s.b.w.servlet.FilterRegistrationBean   : Mapping filter: 'characterEncodingFilter' to: [/*]
2019-06-25 02:25:05.727  INFO 11200 --- [ost-startStop-1] o.s.b.w.servlet.FilterRegistrationBean   : Mapping filter: 'hiddenHttpMethodFilter' to: [/*]
2019-06-25 02:25:05.727  INFO 11200 --- [ost-startStop-1] o.s.b.w.servlet.FilterRegistrationBean   : Mapping filter: 'httpPutFormContentFilter' to: [/*]
2019-06-25 02:25:05.727  INFO 11200 --- [ost-startStop-1] o.s.b.w.servlet.FilterRegistrationBean   : Mapping filter: 'requestContextFilter' to: [/*]
2019-06-25 02:25:05.763  INFO 11200 --- [           main] com.zaxxer.hikari.HikariDataSource       : HikariPool-10 - Starting...
2019-06-25 02:25:05.767  INFO 11200 --- [           main] com.zaxxer.hikari.HikariDataSource       : HikariPool-10 - Start completed.
2019-06-25 02:25:05.832  INFO 11200 --- [           main] j.LocalContainerEntityManagerFactoryBean : Building JPA container EntityManagerFactory for persistence unit 'default'
2019-06-25 02:25:05.832  INFO 11200 --- [           main] o.hibernate.jpa.internal.util.LogHelper  : HHH000204: Processing PersistenceUnitInfo [
	name: default
	...]
2019-06-25 02:25:05.853  INFO 11200 --- [           main] org.hibernate.dialect.Dialect            : HHH000400: Using dialect: org.hibernate.dialect.H2Dialect
2019-06-25 02:25:05.903 DEBUG 11200 --- [           main] org.hibernate.SQL                        : drop table employee if exists
2019-06-25 02:25:05.903 DEBUG 11200 --- [           main] org.hibernate.SQL                        : drop table employee_project if exists
2019-06-25 02:25:05.903 DEBUG 11200 --- [           main] org.hibernate.SQL                        : drop table project if exists
2019-06-25 02:25:05.903 DEBUG 11200 --- [           main] org.hibernate.SQL                        : drop table t_class if exists
2019-06-25 02:25:05.903 DEBUG 11200 --- [           main] org.hibernate.SQL                        : drop table t_question if exists
2019-06-25 02:25:05.903 DEBUG 11200 --- [           main] org.hibernate.SQL                        : drop table t_task if exists
2019-06-25 02:25:05.903 DEBUG 11200 --- [           main] org.hibernate.SQL                        : drop table t_task_valiable if exists
2019-06-25 02:25:05.903 DEBUG 11200 --- [           main] org.hibernate.SQL                        : drop table t_task_valiable_answer if exists
2019-06-25 02:25:05.903 DEBUG 11200 --- [           main] org.hibernate.SQL                        : drop table t_user if exists
2019-06-25 02:25:05.903 DEBUG 11200 --- [           main] org.hibernate.SQL                        : drop table t_user_class if exists
2019-06-25 02:25:05.903 DEBUG 11200 --- [           main] org.hibernate.SQL                        : create table employee (employee_id integer not null, first_name varchar(255), last_name varchar(255), primary key (employee_id))
2019-06-25 02:25:05.903 DEBUG 11200 --- [           main] org.hibernate.SQL                        : create table employee_project (employee_id integer not null, project_id integer not null)
2019-06-25 02:25:05.903 DEBUG 11200 --- [           main] org.hibernate.SQL                        : create table project (project_id integer not null, title varchar(255), primary key (project_id))
2019-06-25 02:25:05.903 DEBUG 11200 --- [           main] org.hibernate.SQL                        : create table t_class (id integer generated by default as identity, name varchar(255), primary key (id))
2019-06-25 02:25:05.903 DEBUG 11200 --- [           main] org.hibernate.SQL                        : create table t_question (id integer generated by default as identity, description varchar(255), input_num integer, public_flg boolean not null, title varchar(255), primary key (id))
2019-06-25 02:25:05.903 DEBUG 11200 --- [           main] org.hibernate.SQL                        : create table t_task (id integer generated by default as identity, description varchar(255), language_id varchar(255), question_id integer, self_made_check_code varchar(255), title varchar(255), primary key (id))
2019-06-25 02:25:05.903 DEBUG 11200 --- [           main] org.hibernate.SQL                        : create table t_task_valiable (task_id integer not null, val_number integer not null, date_type varchar(255), primary key (task_id, val_number))
2019-06-25 02:25:05.903 DEBUG 11200 --- [           main] org.hibernate.SQL                        : create table t_task_valiable_answer (task_id integer not null, val_number integer not null, parametor varchar(255), public_flg boolean, primary key (task_id, val_number))
2019-06-25 02:25:05.903 DEBUG 11200 --- [           main] org.hibernate.SQL                        : create table t_user (id varchar(255) not null, name varchar(255), password varchar(255) not null, role_id varchar(3) not null, primary key (id))
2019-06-25 02:25:05.903 DEBUG 11200 --- [           main] org.hibernate.SQL                        : create table t_user_class (class_id integer not null, user_id varchar(255) not null)
2019-06-25 02:25:05.903 DEBUG 11200 --- [           main] org.hibernate.SQL                        : alter table employee_project add constraint FK4yddvnm7283a40plkcti66wv9 foreign key (project_id) references project
2019-06-25 02:25:05.903 DEBUG 11200 --- [           main] org.hibernate.SQL                        : alter table employee_project add constraint FKb25s5hgggo6k4au4sye7teb3a foreign key (employee_id) references employee
2019-06-25 02:25:05.903 DEBUG 11200 --- [           main] org.hibernate.SQL                        : alter table t_task add constraint FK5ce17d1lxfbtk8jcg4js93rr6 foreign key (question_id) references t_question
2019-06-25 02:25:05.903 DEBUG 11200 --- [           main] org.hibernate.SQL                        : alter table t_task_valiable add constraint FK6n6hm5nvxgem4ypsq6beqt0jh foreign key (task_id) references t_task
2019-06-25 02:25:05.913 DEBUG 11200 --- [           main] org.hibernate.SQL                        : alter table t_task_valiable_answer add constraint FK54y8v5a7ijwore959mtlkq44v foreign key (task_id) references t_task
2019-06-25 02:25:05.913 DEBUG 11200 --- [           main] org.hibernate.SQL                        : alter table t_user_class add constraint FKkyn2s946l9bqe2eyec4j6lslg foreign key (user_id) references t_user
2019-06-25 02:25:05.916 DEBUG 11200 --- [           main] org.hibernate.SQL                        : alter table t_user_class add constraint FKq93wm54euun6e584hup5kon7i foreign key (class_id) references t_class
2019-06-25 02:25:05.916  INFO 11200 --- [           main] o.h.t.schema.internal.SchemaCreatorImpl  : HHH000476: Executing import script 'org.hibernate.tool.schema.internal.exec.ScriptSourceInputNonExistentImpl@afde064'
2019-06-25 02:25:05.916  INFO 11200 --- [           main] j.LocalContainerEntityManagerFactoryBean : Initialized JPA EntityManagerFactory for persistence unit 'default'
2019-06-25 02:25:06.022  INFO 11200 --- [           main] o.a.c.c.C.[Tomcat].[localhost].[/]       : Initializing Spring FrameworkServlet ''
2019-06-25 02:25:06.022  INFO 11200 --- [           main] o.s.t.web.servlet.TestDispatcherServlet  : FrameworkServlet '': initialization started
2019-06-25 02:25:06.057  WARN 11200 --- [           main] aWebConfiguration$JpaWebMvcConfiguration : spring.jpa.open-in-view is enabled by default. Therefore, database queries may be performed during view rendering. Explicitly configure spring.jpa.open-in-view to disable this warning
2019-06-25 02:25:06.073  INFO 11200 --- [           main] s.w.s.m.m.a.RequestMappingHandlerMapping : Mapped "{[/login],methods=[GET]}" onto java.lang.String jp.spring.boot.algolearn.controller.LoginController.loginForm()
2019-06-25 02:25:06.073  INFO 11200 --- [           main] s.w.s.m.m.a.RequestMappingHandlerMapping : Mapped "{[/student/learn],methods=[GET]}" onto public java.lang.String jp.spring.boot.algolearn.controller.student.LearnController.learn(org.springframework.ui.Model)
2019-06-25 02:25:06.073  INFO 11200 --- [           main] s.w.s.m.m.a.RequestMappingHandlerMapping : Mapped "{[/student/learn],methods=[POST]}" onto public java.lang.String jp.spring.boot.algolearn.controller.student.LearnController.learnExecute(jp.spring.boot.algolearn.form.LearnForm,org.springframework.ui.Model)
2019-06-25 02:25:06.083  INFO 11200 --- [           main] s.w.s.m.m.a.RequestMappingHandlerMapping : Mapped "{[/teacher/class/add],methods=[GET]}" onto public java.lang.String jp.spring.boot.algolearn.controller.teacher.ClassController.add(org.springframework.ui.Model)
2019-06-25 02:25:06.083  INFO 11200 --- [           main] s.w.s.m.m.a.RequestMappingHandlerMapping : Mapped "{[/teacher/class/delete],methods=[POST]}" onto public java.lang.String jp.spring.boot.algolearn.controller.teacher.ClassController.delete(java.lang.String,org.springframework.ui.Model)
2019-06-25 02:25:06.083  INFO 11200 --- [           main] s.w.s.m.m.a.RequestMappingHandlerMapping : Mapped "{[/teacher/class],methods=[GET]}" onto java.lang.String jp.spring.boot.algolearn.controller.teacher.ClassController.list(jp.spring.boot.algolearn.form.ClassForm,org.springframework.ui.Model)
2019-06-25 02:25:06.083  INFO 11200 --- [           main] s.w.s.m.m.a.RequestMappingHandlerMapping : Mapped "{[/teacher/class/edit],methods=[POST]}" onto public java.lang.String jp.spring.boot.algolearn.controller.teacher.ClassController.edit(java.lang.String,org.springframework.ui.Model)
2019-06-25 02:25:06.083  INFO 11200 --- [           main] s.w.s.m.m.a.RequestMappingHandlerMapping : Mapped "{[/teacher/class/editprocess],methods=[POST]}" onto public java.lang.String jp.spring.boot.algolearn.controller.teacher.ClassController.editProcess(jp.spring.boot.algolearn.form.ClassForm,org.springframework.ui.Model)
2019-06-25 02:25:06.083  INFO 11200 --- [           main] s.w.s.m.m.a.RequestMappingHandlerMapping : Mapped "{[/teacher/class/add],methods=[POST]}" onto public java.lang.String jp.spring.boot.algolearn.controller.teacher.ClassController.addProcess(jp.spring.boot.algolearn.form.ClassForm,org.springframework.validation.BindingResult,org.springframework.ui.Model)
2019-06-25 02:25:06.083  INFO 11200 --- [           main] s.w.s.m.m.a.RequestMappingHandlerMapping : Mapped "{[/teacher/question/add],methods=[GET]}" onto public java.lang.String jp.spring.boot.algolearn.controller.teacher.QuestionController.add(org.springframework.ui.Model)
2019-06-25 02:25:06.083  INFO 11200 --- [           main] s.w.s.m.m.a.RequestMappingHandlerMapping : Mapped "{[/teacher/question/delete],methods=[POST]}" onto public java.lang.String jp.spring.boot.algolearn.controller.teacher.QuestionController.delete(java.lang.String,org.springframework.ui.Model)
2019-06-25 02:25:06.083  INFO 11200 --- [           main] s.w.s.m.m.a.RequestMappingHandlerMapping : Mapped "{[/teacher/question],methods=[GET]}" onto java.lang.String jp.spring.boot.algolearn.controller.teacher.QuestionController.list(org.springframework.ui.Model)
2019-06-25 02:25:06.083  INFO 11200 --- [           main] s.w.s.m.m.a.RequestMappingHandlerMapping : Mapped "{[/teacher/question/edit],methods=[POST]}" onto public java.lang.String jp.spring.boot.algolearn.controller.teacher.QuestionController.edit(java.lang.String,org.springframework.ui.Model)
2019-06-25 02:25:06.083  INFO 11200 --- [           main] s.w.s.m.m.a.RequestMappingHandlerMapping : Mapped "{[/teacher/question/editprocess],methods=[POST]}" onto public java.lang.String jp.spring.boot.algolearn.controller.teacher.QuestionController.editProcess(jp.spring.boot.algolearn.form.QuestionForm,org.springframework.ui.Model)
2019-06-25 02:25:06.083  INFO 11200 --- [           main] s.w.s.m.m.a.RequestMappingHandlerMapping : Mapped "{[/teacher/question/add],methods=[POST]}" onto public java.lang.String jp.spring.boot.algolearn.controller.teacher.QuestionController.addProcess(jp.spring.boot.algolearn.form.QuestionForm,org.springframework.validation.BindingResult,org.springframework.ui.Model)
2019-06-25 02:25:06.083  INFO 11200 --- [           main] s.w.s.m.m.a.RequestMappingHandlerMapping : Mapped "{[/teacher/student/add],methods=[GET]}" onto public java.lang.String jp.spring.boot.algolearn.controller.teacher.StudentController.add(org.springframework.ui.Model)
2019-06-25 02:25:06.083  INFO 11200 --- [           main] s.w.s.m.m.a.RequestMappingHandlerMapping : Mapped "{[/teacher/student/delete],methods=[POST]}" onto public java.lang.String jp.spring.boot.algolearn.controller.teacher.StudentController.delete(java.lang.String,org.springframework.ui.Model)
2019-06-25 02:25:06.083  INFO 11200 --- [           main] s.w.s.m.m.a.RequestMappingHandlerMapping : Mapped "{[/teacher/student],methods=[GET]}" onto java.lang.String jp.spring.boot.algolearn.controller.teacher.StudentController.list(org.springframework.ui.Model)
2019-06-25 02:25:06.083  INFO 11200 --- [           main] s.w.s.m.m.a.RequestMappingHandlerMapping : Mapped "{[/teacher/student/edit],methods=[POST]}" onto public java.lang.String jp.spring.boot.algolearn.controller.teacher.StudentController.edit(java.lang.String,org.springframework.ui.Model)
2019-06-25 02:25:06.083  INFO 11200 --- [           main] s.w.s.m.m.a.RequestMappingHandlerMapping : Mapped "{[/teacher/student/editprocess],methods=[POST]}" onto public java.lang.String jp.spring.boot.algolearn.controller.teacher.StudentController.editProcess(jp.spring.boot.algolearn.form.StudentForm,org.springframework.ui.Model)
2019-06-25 02:25:06.083  INFO 11200 --- [           main] s.w.s.m.m.a.RequestMappingHandlerMapping : Mapped "{[/teacher/student/add],methods=[POST]}" onto public java.lang.String jp.spring.boot.algolearn.controller.teacher.StudentController.addProcess(jp.spring.boot.algolearn.form.StudentForm,org.springframework.validation.BindingResult,org.springframework.ui.Model)
2019-06-25 02:25:06.083  INFO 11200 --- [           main] s.w.s.m.m.a.RequestMappingHandlerMapping : Mapped "{[/teacher/task/add],methods=[GET]}" onto public java.lang.String jp.spring.boot.algolearn.controller.teacher.TaskController.add(org.springframework.ui.Model)
2019-06-25 02:25:06.083  INFO 11200 --- [           main] s.w.s.m.m.a.RequestMappingHandlerMapping : Mapped "{[/teacher/task/delete],methods=[POST]}" onto public java.lang.String jp.spring.boot.algolearn.controller.teacher.TaskController.delete(java.lang.String,org.springframework.ui.Model)
2019-06-25 02:25:06.083  INFO 11200 --- [           main] s.w.s.m.m.a.RequestMappingHandlerMapping : Mapped "{[/teacher/task],methods=[GET]}" onto java.lang.String jp.spring.boot.algolearn.controller.teacher.TaskController.list(org.springframework.ui.Model)
2019-06-25 02:25:06.083  INFO 11200 --- [           main] s.w.s.m.m.a.RequestMappingHandlerMapping : Mapped "{[/teacher/task/edit],methods=[POST]}" onto public java.lang.String jp.spring.boot.algolearn.controller.teacher.TaskController.edit(java.lang.String,org.springframework.ui.Model)
2019-06-25 02:25:06.083  INFO 11200 --- [           main] s.w.s.m.m.a.RequestMappingHandlerMapping : Mapped "{[/teacher/task/editprocess],methods=[POST]}" onto public java.lang.String jp.spring.boot.algolearn.controller.teacher.TaskController.editProcess(jp.spring.boot.algolearn.form.StudentForm,org.springframework.ui.Model)
2019-06-25 02:25:06.083  INFO 11200 --- [           main] s.w.s.m.m.a.RequestMappingHandlerMapping : Mapped "{[/teacher/task/add],methods=[POST]}" onto public java.lang.String jp.spring.boot.algolearn.controller.teacher.TaskController.addProcess(jp.spring.boot.algolearn.form.StudentForm,org.springframework.validation.BindingResult,org.springframework.ui.Model)
2019-06-25 02:25:06.083  INFO 11200 --- [           main] s.w.s.m.m.a.RequestMappingHandlerMapping : Mapped "{[/error]}" onto public org.springframework.http.ResponseEntity<java.util.Map<java.lang.String, java.lang.Object>> org.springframework.boot.autoconfigure.web.servlet.error.BasicErrorController.error(javax.servlet.http.HttpServletRequest)
2019-06-25 02:25:06.083  INFO 11200 --- [           main] s.w.s.m.m.a.RequestMappingHandlerMapping : Mapped "{[/error],produces=[text/html]}" onto public org.springframework.web.servlet.ModelAndView org.springframework.boot.autoconfigure.web.servlet.error.BasicErrorController.errorHtml(javax.servlet.http.HttpServletRequest,javax.servlet.http.HttpServletResponse)
2019-06-25 02:25:06.116  INFO 11200 --- [           main] o.s.w.s.handler.SimpleUrlHandlerMapping  : Mapped URL path [/webjars/**] onto handler of type [class org.springframework.web.servlet.resource.ResourceHttpRequestHandler]
2019-06-25 02:25:06.116  INFO 11200 --- [           main] o.s.w.s.handler.SimpleUrlHandlerMapping  : Mapped URL path [/**] onto handler of type [class org.springframework.web.servlet.resource.ResourceHttpRequestHandler]
2019-06-25 02:25:06.133  INFO 11200 --- [           main] o.s.w.s.handler.SimpleUrlHandlerMapping  : Mapped URL path [/**/favicon.ico] onto handler of type [class org.springframework.web.servlet.resource.ResourceHttpRequestHandler]
2019-06-25 02:25:06.222  INFO 11200 --- [           main] s.w.s.m.m.a.RequestMappingHandlerAdapter : Looking for @ControllerAdvice: org.springframework.boot.web.servlet.context.AnnotationConfigServletWebServerApplicationContext@6d548d27: startup date [Tue Jun 25 02:25:05 JST 2019]; root of context hierarchy
2019-06-25 02:25:06.293  INFO 11200 --- [           main] o.s.t.web.servlet.TestDispatcherServlet  : FrameworkServlet '': initialization completed in 271 ms
2019-06-25 02:25:06.422  INFO 11200 --- [           main] o.s.b.w.embedded.tomcat.TomcatWebServer  : Tomcat started on port(s): 54812 (http) with context path ''
2019-06-25 02:25:06.422  INFO 11200 --- [           main] j.s.b.a.c.teacher.StudentControllerTest  : Started StudentControllerTest in 1.195 seconds (JVM running for 26.6)
2019-06-25 02:25:06.422  INFO 11200 --- [           main] o.a.c.c.C.[Tomcat].[localhost].[/]       : Initializing Spring FrameworkServlet ''
2019-06-25 02:25:06.422  INFO 11200 --- [           main] o.s.t.web.servlet.TestDispatcherServlet  : FrameworkServlet '': initialization started
2019-06-25 02:25:06.433  INFO 11200 --- [           main] o.s.t.web.servlet.TestDispatcherServlet  : FrameworkServlet '': initialization completed in 11 ms
]]></system-out>
  </testcase>
  <testcase name="先生用学生編集処理" classname="jp.spring.boot.algolearn.controller.teacher.StudentControllerTest" time="1.507">
    <error message="org.h2.jdbc.JdbcSQLException: 列 &quot;USER_ID&quot; が見つかりません&#10;Column &quot;USER_ID&quot; not found; SQL statement:&#10;insert into t_user (user_id, password, name, role_id) values (?, ?, ?, ?) [42122-196]" type="com.ninja_squad.dbsetup.DbSetupRuntimeException">com.ninja_squad.dbsetup.DbSetupRuntimeException: 
org.h2.jdbc.JdbcSQLException: 列 "USER_ID" が見つかりません
Column "USER_ID" not found; SQL statement:
insert into t_user (user_id, password, name, role_id) values (?, ?, ?, ?) [42122-196]
	at jp.spring.boot.algolearn.controller.teacher.StudentControllerTest.先生用学生編集処理(StudentControllerTest.java:185)
Caused by: org.h2.jdbc.JdbcSQLException: 
列 "USER_ID" が見つかりません
Column "USER_ID" not found; SQL statement:
insert into t_user (user_id, password, name, role_id) values (?, ?, ?, ?) [42122-196]
	at jp.spring.boot.algolearn.controller.teacher.StudentControllerTest.先生用学生編集処理(StudentControllerTest.java:185)
</error>
    <system-out><![CDATA[2019-06-25 02:25:06.436  INFO 11200 --- [           main] ConfigServletWebServerApplicationContext : Closing org.springframework.boot.web.servlet.context.AnnotationConfigServletWebServerApplicationContext@6d548d27: startup date [Tue Jun 25 02:25:05 JST 2019]; root of context hierarchy
2019-06-25 02:25:06.436  INFO 11200 --- [           main] j.LocalContainerEntityManagerFactoryBean : Closing JPA EntityManagerFactory for persistence unit 'default'
2019-06-25 02:25:06.436  INFO 11200 --- [           main] .SchemaDropperImpl$DelayedDropActionImpl : HHH000477: Starting delayed drop of schema as part of SessionFactory shut-down'
2019-06-25 02:25:06.436 DEBUG 11200 --- [           main] org.hibernate.SQL                        : drop table employee if exists
2019-06-25 02:25:06.436 DEBUG 11200 --- [           main] org.hibernate.SQL                        : drop table employee_project if exists
2019-06-25 02:25:06.436 DEBUG 11200 --- [           main] org.hibernate.SQL                        : drop table project if exists
2019-06-25 02:25:06.436 DEBUG 11200 --- [           main] org.hibernate.SQL                        : drop table t_class if exists
2019-06-25 02:25:06.436 DEBUG 11200 --- [           main] org.hibernate.SQL                        : drop table t_question if exists
2019-06-25 02:25:06.436 DEBUG 11200 --- [           main] org.hibernate.SQL                        : drop table t_task if exists
2019-06-25 02:25:06.436 DEBUG 11200 --- [           main] org.hibernate.SQL                        : drop table t_task_valiable if exists
2019-06-25 02:25:06.436 DEBUG 11200 --- [           main] org.hibernate.SQL                        : drop table t_task_valiable_answer if exists
2019-06-25 02:25:06.436 DEBUG 11200 --- [           main] org.hibernate.SQL                        : drop table t_user if exists
2019-06-25 02:25:06.436 DEBUG 11200 --- [           main] org.hibernate.SQL                        : drop table t_user_class if exists
2019-06-25 02:25:06.436  INFO 11200 --- [           main] com.zaxxer.hikari.HikariDataSource       : HikariPool-10 - Shutdown initiated...
2019-06-25 02:25:06.442  INFO 11200 --- [           main] com.zaxxer.hikari.HikariDataSource       : HikariPool-10 - Shutdown completed.

  .   ____          _            __ _ _
 /\\ / ___'_ __ _ _(_)_ __  __ _ \ \ \ \
( ( )\___ | '_ | '_| | '_ \/ _` | \ \ \ \
 \\/  ___)| |_)| | | | | || (_| |  ) ) ) )
  '  |____| .__|_| |_|_| |_\__, | / / / /
 =========|_|==============|___/=/_/_/_/
 :: Spring Boot ::        (v2.0.0.RELEASE)

2019-06-25 02:25:06.800  INFO 11200 --- [           main] j.s.b.a.c.teacher.StudentControllerTest  : Starting StudentControllerTest on MyComputer with PID 11200 (started by user01-m in F:\dev\workspace_sts\algolearn_20190622)
2019-06-25 02:25:06.800  INFO 11200 --- [           main] j.s.b.a.c.teacher.StudentControllerTest  : The following profiles are active: test
2019-06-25 02:25:06.801  INFO 11200 --- [           main] ConfigServletWebServerApplicationContext : Refreshing org.springframework.boot.web.servlet.context.AnnotationConfigServletWebServerApplicationContext@469f8de2: startup date [Tue Jun 25 02:25:06 JST 2019]; root of context hierarchy
2019-06-25 02:25:07.177  INFO 11200 --- [           main] trationDelegate$BeanPostProcessorChecker : Bean 'org.springframework.transaction.annotation.ProxyTransactionManagementConfiguration' of type [org.springframework.transaction.annotation.ProxyTransactionManagementConfiguration$$EnhancerBySpringCGLIB$$31723b68] is not eligible for getting processed by all BeanPostProcessors (for example: not eligible for auto-proxying)
2019-06-25 02:25:07.223  INFO 11200 --- [           main] o.s.b.w.embedded.tomcat.TomcatWebServer  : Tomcat initialized with port(s): 0 (http)
2019-06-25 02:25:07.223  INFO 11200 --- [           main] o.apache.catalina.core.StandardService   : Starting service [Tomcat]
2019-06-25 02:25:07.223  INFO 11200 --- [           main] org.apache.catalina.core.StandardEngine  : Starting Servlet Engine: Apache Tomcat/8.5.28
2019-06-25 02:25:07.237  INFO 11200 --- [ost-startStop-1] o.a.c.c.C.[Tomcat].[localhost].[/]       : Initializing Spring embedded WebApplicationContext
2019-06-25 02:25:07.237  INFO 11200 --- [ost-startStop-1] o.s.web.context.ContextLoader            : Root WebApplicationContext: initialization completed in 436 ms
2019-06-25 02:25:07.303  INFO 11200 --- [ost-startStop-1] o.s.b.w.servlet.ServletRegistrationBean  : Servlet dispatcherServlet mapped to [/]
2019-06-25 02:25:07.303  INFO 11200 --- [ost-startStop-1] o.s.b.w.servlet.FilterRegistrationBean   : Mapping filter: 'characterEncodingFilter' to: [/*]
2019-06-25 02:25:07.303  INFO 11200 --- [ost-startStop-1] o.s.b.w.servlet.FilterRegistrationBean   : Mapping filter: 'hiddenHttpMethodFilter' to: [/*]
2019-06-25 02:25:07.303  INFO 11200 --- [ost-startStop-1] o.s.b.w.servlet.FilterRegistrationBean   : Mapping filter: 'httpPutFormContentFilter' to: [/*]
2019-06-25 02:25:07.303  INFO 11200 --- [ost-startStop-1] o.s.b.w.servlet.FilterRegistrationBean   : Mapping filter: 'requestContextFilter' to: [/*]
2019-06-25 02:25:07.337  INFO 11200 --- [           main] com.zaxxer.hikari.HikariDataSource       : HikariPool-11 - Starting...
2019-06-25 02:25:07.337  INFO 11200 --- [           main] com.zaxxer.hikari.HikariDataSource       : HikariPool-11 - Start completed.
2019-06-25 02:25:07.393  INFO 11200 --- [           main] j.LocalContainerEntityManagerFactoryBean : Building JPA container EntityManagerFactory for persistence unit 'default'
2019-06-25 02:25:07.393  INFO 11200 --- [           main] o.hibernate.jpa.internal.util.LogHelper  : HHH000204: Processing PersistenceUnitInfo [
	name: default
	...]
2019-06-25 02:25:07.413  INFO 11200 --- [           main] org.hibernate.dialect.Dialect            : HHH000400: Using dialect: org.hibernate.dialect.H2Dialect
2019-06-25 02:25:07.453 DEBUG 11200 --- [           main] org.hibernate.SQL                        : drop table employee if exists
2019-06-25 02:25:07.457 DEBUG 11200 --- [           main] org.hibernate.SQL                        : drop table employee_project if exists
2019-06-25 02:25:07.457 DEBUG 11200 --- [           main] org.hibernate.SQL                        : drop table project if exists
2019-06-25 02:25:07.457 DEBUG 11200 --- [           main] org.hibernate.SQL                        : drop table t_class if exists
2019-06-25 02:25:07.457 DEBUG 11200 --- [           main] org.hibernate.SQL                        : drop table t_question if exists
2019-06-25 02:25:07.457 DEBUG 11200 --- [           main] org.hibernate.SQL                        : drop table t_task if exists
2019-06-25 02:25:07.457 DEBUG 11200 --- [           main] org.hibernate.SQL                        : drop table t_task_valiable if exists
2019-06-25 02:25:07.457 DEBUG 11200 --- [           main] org.hibernate.SQL                        : drop table t_task_valiable_answer if exists
2019-06-25 02:25:07.457 DEBUG 11200 --- [           main] org.hibernate.SQL                        : drop table t_user if exists
2019-06-25 02:25:07.457 DEBUG 11200 --- [           main] org.hibernate.SQL                        : drop table t_user_class if exists
2019-06-25 02:25:07.457 DEBUG 11200 --- [           main] org.hibernate.SQL                        : create table employee (employee_id integer not null, first_name varchar(255), last_name varchar(255), primary key (employee_id))
2019-06-25 02:25:07.457 DEBUG 11200 --- [           main] org.hibernate.SQL                        : create table employee_project (employee_id integer not null, project_id integer not null)
2019-06-25 02:25:07.457 DEBUG 11200 --- [           main] org.hibernate.SQL                        : create table project (project_id integer not null, title varchar(255), primary key (project_id))
2019-06-25 02:25:07.457 DEBUG 11200 --- [           main] org.hibernate.SQL                        : create table t_class (id integer generated by default as identity, name varchar(255), primary key (id))
2019-06-25 02:25:07.457 DEBUG 11200 --- [           main] org.hibernate.SQL                        : create table t_question (id integer generated by default as identity, description varchar(255), input_num integer, public_flg boolean not null, title varchar(255), primary key (id))
2019-06-25 02:25:07.457 DEBUG 11200 --- [           main] org.hibernate.SQL                        : create table t_task (id integer generated by default as identity, description varchar(255), language_id varchar(255), question_id integer, self_made_check_code varchar(255), title varchar(255), primary key (id))
2019-06-25 02:25:07.457 DEBUG 11200 --- [           main] org.hibernate.SQL                        : create table t_task_valiable (task_id integer not null, val_number integer not null, date_type varchar(255), primary key (task_id, val_number))
2019-06-25 02:25:07.457 DEBUG 11200 --- [           main] org.hibernate.SQL                        : create table t_task_valiable_answer (task_id integer not null, val_number integer not null, parametor varchar(255), public_flg boolean, primary key (task_id, val_number))
2019-06-25 02:25:07.457 DEBUG 11200 --- [           main] org.hibernate.SQL                        : create table t_user (id varchar(255) not null, name varchar(255), password varchar(255) not null, role_id varchar(3) not null, primary key (id))
2019-06-25 02:25:07.457 DEBUG 11200 --- [           main] org.hibernate.SQL                        : create table t_user_class (class_id integer not null, user_id varchar(255) not null)
2019-06-25 02:25:07.457 DEBUG 11200 --- [           main] org.hibernate.SQL                        : alter table employee_project add constraint FK4yddvnm7283a40plkcti66wv9 foreign key (project_id) references project
2019-06-25 02:25:07.463 DEBUG 11200 --- [           main] org.hibernate.SQL                        : alter table employee_project add constraint FKb25s5hgggo6k4au4sye7teb3a foreign key (employee_id) references employee
2019-06-25 02:25:07.463 DEBUG 11200 --- [           main] org.hibernate.SQL                        : alter table t_task add constraint FK5ce17d1lxfbtk8jcg4js93rr6 foreign key (question_id) references t_question
2019-06-25 02:25:07.463 DEBUG 11200 --- [           main] org.hibernate.SQL                        : alter table t_task_valiable add constraint FK6n6hm5nvxgem4ypsq6beqt0jh foreign key (task_id) references t_task
2019-06-25 02:25:07.463 DEBUG 11200 --- [           main] org.hibernate.SQL                        : alter table t_task_valiable_answer add constraint FK54y8v5a7ijwore959mtlkq44v foreign key (task_id) references t_task
2019-06-25 02:25:07.463 DEBUG 11200 --- [           main] org.hibernate.SQL                        : alter table t_user_class add constraint FKkyn2s946l9bqe2eyec4j6lslg foreign key (user_id) references t_user
2019-06-25 02:25:07.463 DEBUG 11200 --- [           main] org.hibernate.SQL                        : alter table t_user_class add constraint FKq93wm54euun6e584hup5kon7i foreign key (class_id) references t_class
2019-06-25 02:25:07.467  INFO 11200 --- [           main] o.h.t.schema.internal.SchemaCreatorImpl  : HHH000476: Executing import script 'org.hibernate.tool.schema.internal.exec.ScriptSourceInputNonExistentImpl@afde064'
2019-06-25 02:25:07.467  INFO 11200 --- [           main] j.LocalContainerEntityManagerFactoryBean : Initialized JPA EntityManagerFactory for persistence unit 'default'
2019-06-25 02:25:07.553  INFO 11200 --- [           main] o.a.c.c.C.[Tomcat].[localhost].[/]       : Initializing Spring FrameworkServlet ''
2019-06-25 02:25:07.553  INFO 11200 --- [           main] o.s.t.web.servlet.TestDispatcherServlet  : FrameworkServlet '': initialization started
2019-06-25 02:25:07.573  WARN 11200 --- [           main] aWebConfiguration$JpaWebMvcConfiguration : spring.jpa.open-in-view is enabled by default. Therefore, database queries may be performed during view rendering. Explicitly configure spring.jpa.open-in-view to disable this warning
2019-06-25 02:25:07.593  INFO 11200 --- [           main] s.w.s.m.m.a.RequestMappingHandlerMapping : Mapped "{[/login],methods=[GET]}" onto java.lang.String jp.spring.boot.algolearn.controller.LoginController.loginForm()
2019-06-25 02:25:07.593  INFO 11200 --- [           main] s.w.s.m.m.a.RequestMappingHandlerMapping : Mapped "{[/student/learn],methods=[GET]}" onto public java.lang.String jp.spring.boot.algolearn.controller.student.LearnController.learn(org.springframework.ui.Model)
2019-06-25 02:25:07.593  INFO 11200 --- [           main] s.w.s.m.m.a.RequestMappingHandlerMapping : Mapped "{[/student/learn],methods=[POST]}" onto public java.lang.String jp.spring.boot.algolearn.controller.student.LearnController.learnExecute(jp.spring.boot.algolearn.form.LearnForm,org.springframework.ui.Model)
2019-06-25 02:25:07.593  INFO 11200 --- [           main] s.w.s.m.m.a.RequestMappingHandlerMapping : Mapped "{[/teacher/class/add],methods=[GET]}" onto public java.lang.String jp.spring.boot.algolearn.controller.teacher.ClassController.add(org.springframework.ui.Model)
2019-06-25 02:25:07.593  INFO 11200 --- [           main] s.w.s.m.m.a.RequestMappingHandlerMapping : Mapped "{[/teacher/class/delete],methods=[POST]}" onto public java.lang.String jp.spring.boot.algolearn.controller.teacher.ClassController.delete(java.lang.String,org.springframework.ui.Model)
2019-06-25 02:25:07.593  INFO 11200 --- [           main] s.w.s.m.m.a.RequestMappingHandlerMapping : Mapped "{[/teacher/class],methods=[GET]}" onto java.lang.String jp.spring.boot.algolearn.controller.teacher.ClassController.list(jp.spring.boot.algolearn.form.ClassForm,org.springframework.ui.Model)
2019-06-25 02:25:07.593  INFO 11200 --- [           main] s.w.s.m.m.a.RequestMappingHandlerMapping : Mapped "{[/teacher/class/edit],methods=[POST]}" onto public java.lang.String jp.spring.boot.algolearn.controller.teacher.ClassController.edit(java.lang.String,org.springframework.ui.Model)
2019-06-25 02:25:07.593  INFO 11200 --- [           main] s.w.s.m.m.a.RequestMappingHandlerMapping : Mapped "{[/teacher/class/editprocess],methods=[POST]}" onto public java.lang.String jp.spring.boot.algolearn.controller.teacher.ClassController.editProcess(jp.spring.boot.algolearn.form.ClassForm,org.springframework.ui.Model)
2019-06-25 02:25:07.593  INFO 11200 --- [           main] s.w.s.m.m.a.RequestMappingHandlerMapping : Mapped "{[/teacher/class/add],methods=[POST]}" onto public java.lang.String jp.spring.boot.algolearn.controller.teacher.ClassController.addProcess(jp.spring.boot.algolearn.form.ClassForm,org.springframework.validation.BindingResult,org.springframework.ui.Model)
2019-06-25 02:25:07.593  INFO 11200 --- [           main] s.w.s.m.m.a.RequestMappingHandlerMapping : Mapped "{[/teacher/question/add],methods=[GET]}" onto public java.lang.String jp.spring.boot.algolearn.controller.teacher.QuestionController.add(org.springframework.ui.Model)
2019-06-25 02:25:07.593  INFO 11200 --- [           main] s.w.s.m.m.a.RequestMappingHandlerMapping : Mapped "{[/teacher/question/delete],methods=[POST]}" onto public java.lang.String jp.spring.boot.algolearn.controller.teacher.QuestionController.delete(java.lang.String,org.springframework.ui.Model)
2019-06-25 02:25:07.593  INFO 11200 --- [           main] s.w.s.m.m.a.RequestMappingHandlerMapping : Mapped "{[/teacher/question],methods=[GET]}" onto java.lang.String jp.spring.boot.algolearn.controller.teacher.QuestionController.list(org.springframework.ui.Model)
2019-06-25 02:25:07.593  INFO 11200 --- [           main] s.w.s.m.m.a.RequestMappingHandlerMapping : Mapped "{[/teacher/question/edit],methods=[POST]}" onto public java.lang.String jp.spring.boot.algolearn.controller.teacher.QuestionController.edit(java.lang.String,org.springframework.ui.Model)
2019-06-25 02:25:07.593  INFO 11200 --- [           main] s.w.s.m.m.a.RequestMappingHandlerMapping : Mapped "{[/teacher/question/editprocess],methods=[POST]}" onto public java.lang.String jp.spring.boot.algolearn.controller.teacher.QuestionController.editProcess(jp.spring.boot.algolearn.form.QuestionForm,org.springframework.ui.Model)
2019-06-25 02:25:07.593  INFO 11200 --- [           main] s.w.s.m.m.a.RequestMappingHandlerMapping : Mapped "{[/teacher/question/add],methods=[POST]}" onto public java.lang.String jp.spring.boot.algolearn.controller.teacher.QuestionController.addProcess(jp.spring.boot.algolearn.form.QuestionForm,org.springframework.validation.BindingResult,org.springframework.ui.Model)
2019-06-25 02:25:07.603  INFO 11200 --- [           main] s.w.s.m.m.a.RequestMappingHandlerMapping : Mapped "{[/teacher/student/add],methods=[GET]}" onto public java.lang.String jp.spring.boot.algolearn.controller.teacher.StudentController.add(org.springframework.ui.Model)
2019-06-25 02:25:07.603  INFO 11200 --- [           main] s.w.s.m.m.a.RequestMappingHandlerMapping : Mapped "{[/teacher/student/delete],methods=[POST]}" onto public java.lang.String jp.spring.boot.algolearn.controller.teacher.StudentController.delete(java.lang.String,org.springframework.ui.Model)
2019-06-25 02:25:07.603  INFO 11200 --- [           main] s.w.s.m.m.a.RequestMappingHandlerMapping : Mapped "{[/teacher/student],methods=[GET]}" onto java.lang.String jp.spring.boot.algolearn.controller.teacher.StudentController.list(org.springframework.ui.Model)
2019-06-25 02:25:07.603  INFO 11200 --- [           main] s.w.s.m.m.a.RequestMappingHandlerMapping : Mapped "{[/teacher/student/edit],methods=[POST]}" onto public java.lang.String jp.spring.boot.algolearn.controller.teacher.StudentController.edit(java.lang.String,org.springframework.ui.Model)
2019-06-25 02:25:07.603  INFO 11200 --- [           main] s.w.s.m.m.a.RequestMappingHandlerMapping : Mapped "{[/teacher/student/editprocess],methods=[POST]}" onto public java.lang.String jp.spring.boot.algolearn.controller.teacher.StudentController.editProcess(jp.spring.boot.algolearn.form.StudentForm,org.springframework.ui.Model)
2019-06-25 02:25:07.603  INFO 11200 --- [           main] s.w.s.m.m.a.RequestMappingHandlerMapping : Mapped "{[/teacher/student/add],methods=[POST]}" onto public java.lang.String jp.spring.boot.algolearn.controller.teacher.StudentController.addProcess(jp.spring.boot.algolearn.form.StudentForm,org.springframework.validation.BindingResult,org.springframework.ui.Model)
2019-06-25 02:25:07.603  INFO 11200 --- [           main] s.w.s.m.m.a.RequestMappingHandlerMapping : Mapped "{[/teacher/task/add],methods=[GET]}" onto public java.lang.String jp.spring.boot.algolearn.controller.teacher.TaskController.add(org.springframework.ui.Model)
2019-06-25 02:25:07.603  INFO 11200 --- [           main] s.w.s.m.m.a.RequestMappingHandlerMapping : Mapped "{[/teacher/task/delete],methods=[POST]}" onto public java.lang.String jp.spring.boot.algolearn.controller.teacher.TaskController.delete(java.lang.String,org.springframework.ui.Model)
2019-06-25 02:25:07.603  INFO 11200 --- [           main] s.w.s.m.m.a.RequestMappingHandlerMapping : Mapped "{[/teacher/task],methods=[GET]}" onto java.lang.String jp.spring.boot.algolearn.controller.teacher.TaskController.list(org.springframework.ui.Model)
2019-06-25 02:25:07.603  INFO 11200 --- [           main] s.w.s.m.m.a.RequestMappingHandlerMapping : Mapped "{[/teacher/task/edit],methods=[POST]}" onto public java.lang.String jp.spring.boot.algolearn.controller.teacher.TaskController.edit(java.lang.String,org.springframework.ui.Model)
2019-06-25 02:25:07.603  INFO 11200 --- [           main] s.w.s.m.m.a.RequestMappingHandlerMapping : Mapped "{[/teacher/task/editprocess],methods=[POST]}" onto public java.lang.String jp.spring.boot.algolearn.controller.teacher.TaskController.editProcess(jp.spring.boot.algolearn.form.StudentForm,org.springframework.ui.Model)
2019-06-25 02:25:07.603  INFO 11200 --- [           main] s.w.s.m.m.a.RequestMappingHandlerMapping : Mapped "{[/teacher/task/add],methods=[POST]}" onto public java.lang.String jp.spring.boot.algolearn.controller.teacher.TaskController.addProcess(jp.spring.boot.algolearn.form.StudentForm,org.springframework.validation.BindingResult,org.springframework.ui.Model)
2019-06-25 02:25:07.603  INFO 11200 --- [           main] s.w.s.m.m.a.RequestMappingHandlerMapping : Mapped "{[/error]}" onto public org.springframework.http.ResponseEntity<java.util.Map<java.lang.String, java.lang.Object>> org.springframework.boot.autoconfigure.web.servlet.error.BasicErrorController.error(javax.servlet.http.HttpServletRequest)
2019-06-25 02:25:07.603  INFO 11200 --- [           main] s.w.s.m.m.a.RequestMappingHandlerMapping : Mapped "{[/error],produces=[text/html]}" onto public org.springframework.web.servlet.ModelAndView org.springframework.boot.autoconfigure.web.servlet.error.BasicErrorController.errorHtml(javax.servlet.http.HttpServletRequest,javax.servlet.http.HttpServletResponse)
2019-06-25 02:25:07.633  INFO 11200 --- [           main] o.s.w.s.handler.SimpleUrlHandlerMapping  : Mapped URL path [/webjars/**] onto handler of type [class org.springframework.web.servlet.resource.ResourceHttpRequestHandler]
2019-06-25 02:25:07.633  INFO 11200 --- [           main] o.s.w.s.handler.SimpleUrlHandlerMapping  : Mapped URL path [/**] onto handler of type [class org.springframework.web.servlet.resource.ResourceHttpRequestHandler]
2019-06-25 02:25:07.647  INFO 11200 --- [           main] o.s.w.s.handler.SimpleUrlHandlerMapping  : Mapped URL path [/**/favicon.ico] onto handler of type [class org.springframework.web.servlet.resource.ResourceHttpRequestHandler]
2019-06-25 02:25:07.737  INFO 11200 --- [           main] s.w.s.m.m.a.RequestMappingHandlerAdapter : Looking for @ControllerAdvice: org.springframework.boot.web.servlet.context.AnnotationConfigServletWebServerApplicationContext@469f8de2: startup date [Tue Jun 25 02:25:06 JST 2019]; root of context hierarchy
2019-06-25 02:25:07.807  INFO 11200 --- [           main] o.s.t.web.servlet.TestDispatcherServlet  : FrameworkServlet '': initialization completed in 254 ms
2019-06-25 02:25:07.933  INFO 11200 --- [           main] o.s.b.w.embedded.tomcat.TomcatWebServer  : Tomcat started on port(s): 54820 (http) with context path ''
2019-06-25 02:25:07.933  INFO 11200 --- [           main] j.s.b.a.c.teacher.StudentControllerTest  : Started StudentControllerTest in 1.191 seconds (JVM running for 28.109)
2019-06-25 02:25:07.933  INFO 11200 --- [           main] o.a.c.c.C.[Tomcat].[localhost].[/]       : Initializing Spring FrameworkServlet ''
2019-06-25 02:25:07.933  INFO 11200 --- [           main] o.s.t.web.servlet.TestDispatcherServlet  : FrameworkServlet '': initialization started
2019-06-25 02:25:07.933  INFO 11200 --- [           main] o.s.t.web.servlet.TestDispatcherServlet  : FrameworkServlet '': initialization completed in 0 ms
]]></system-out>
  </testcase>
  <testcase name="先生用学生登録ページ表示" classname="jp.spring.boot.algolearn.controller.teacher.StudentControllerTest" time="1.509"/>
  <testcase name="先生用学生一覧ページ表示" classname="jp.spring.boot.algolearn.controller.teacher.StudentControllerTest" time="1.481">
    <error message="org.h2.jdbc.JdbcSQLException: 列 &quot;USER_ID&quot; が見つかりません&#10;Column &quot;USER_ID&quot; not found; SQL statement:&#10;insert into t_user (user_id, password, name, role_id) values (?, ?, ?, ?) [42122-196]" type="com.ninja_squad.dbsetup.DbSetupRuntimeException">com.ninja_squad.dbsetup.DbSetupRuntimeException: 
org.h2.jdbc.JdbcSQLException: 列 "USER_ID" が見つかりません
Column "USER_ID" not found; SQL statement:
insert into t_user (user_id, password, name, role_id) values (?, ?, ?, ?) [42122-196]
	at jp.spring.boot.algolearn.controller.teacher.StudentControllerTest.先生用学生一覧ページ表示(StudentControllerTest.java:102)
Caused by: org.h2.jdbc.JdbcSQLException: 
列 "USER_ID" が見つかりません
Column "USER_ID" not found; SQL statement:
insert into t_user (user_id, password, name, role_id) values (?, ?, ?, ?) [42122-196]
	at jp.spring.boot.algolearn.controller.teacher.StudentControllerTest.先生用学生一覧ページ表示(StudentControllerTest.java:102)
</error>
    <system-out><![CDATA[2019-06-25 02:25:09.457  INFO 11200 --- [           main] ConfigServletWebServerApplicationContext : Closing org.springframework.boot.web.servlet.context.AnnotationConfigServletWebServerApplicationContext@288c16a5: startup date [Tue Jun 25 02:25:08 JST 2019]; root of context hierarchy
2019-06-25 02:25:09.457  INFO 11200 --- [           main] j.LocalContainerEntityManagerFactoryBean : Closing JPA EntityManagerFactory for persistence unit 'default'
2019-06-25 02:25:09.457  INFO 11200 --- [           main] .SchemaDropperImpl$DelayedDropActionImpl : HHH000477: Starting delayed drop of schema as part of SessionFactory shut-down'
2019-06-25 02:25:09.457 DEBUG 11200 --- [           main] org.hibernate.SQL                        : drop table employee if exists
2019-06-25 02:25:09.457 DEBUG 11200 --- [           main] org.hibernate.SQL                        : drop table employee_project if exists
2019-06-25 02:25:09.457 DEBUG 11200 --- [           main] org.hibernate.SQL                        : drop table project if exists
2019-06-25 02:25:09.457 DEBUG 11200 --- [           main] org.hibernate.SQL                        : drop table t_class if exists
2019-06-25 02:25:09.457 DEBUG 11200 --- [           main] org.hibernate.SQL                        : drop table t_question if exists
2019-06-25 02:25:09.457 DEBUG 11200 --- [           main] org.hibernate.SQL                        : drop table t_task if exists
2019-06-25 02:25:09.457 DEBUG 11200 --- [           main] org.hibernate.SQL                        : drop table t_task_valiable if exists
2019-06-25 02:25:09.457 DEBUG 11200 --- [           main] org.hibernate.SQL                        : drop table t_task_valiable_answer if exists
2019-06-25 02:25:09.457 DEBUG 11200 --- [           main] org.hibernate.SQL                        : drop table t_user if exists
2019-06-25 02:25:09.457 DEBUG 11200 --- [           main] org.hibernate.SQL                        : drop table t_user_class if exists
2019-06-25 02:25:09.463  INFO 11200 --- [           main] com.zaxxer.hikari.HikariDataSource       : HikariPool-12 - Shutdown initiated...
2019-06-25 02:25:09.463  INFO 11200 --- [           main] com.zaxxer.hikari.HikariDataSource       : HikariPool-12 - Shutdown completed.

  .   ____          _            __ _ _
 /\\ / ___'_ __ _ _(_)_ __  __ _ \ \ \ \
( ( )\___ | '_ | '_| | '_ \/ _` | \ \ \ \
 \\/  ___)| |_)| | | | | || (_| |  ) ) ) )
  '  |____| .__|_| |_|_| |_\__, | / / / /
 =========|_|==============|___/=/_/_/_/
 :: Spring Boot ::        (v2.0.0.RELEASE)

2019-06-25 02:25:09.793  INFO 11200 --- [           main] j.s.b.a.c.teacher.StudentControllerTest  : Starting StudentControllerTest on MyComputer with PID 11200 (started by user01-m in F:\dev\workspace_sts\algolearn_20190622)
2019-06-25 02:25:09.793  INFO 11200 --- [           main] j.s.b.a.c.teacher.StudentControllerTest  : The following profiles are active: test
2019-06-25 02:25:09.802  INFO 11200 --- [           main] ConfigServletWebServerApplicationContext : Refreshing org.springframework.boot.web.servlet.context.AnnotationConfigServletWebServerApplicationContext@3c199e06: startup date [Tue Jun 25 02:25:09 JST 2019]; root of context hierarchy
2019-06-25 02:25:10.113  INFO 11200 --- [           main] trationDelegate$BeanPostProcessorChecker : Bean 'org.springframework.transaction.annotation.ProxyTransactionManagementConfiguration' of type [org.springframework.transaction.annotation.ProxyTransactionManagementConfiguration$$EnhancerBySpringCGLIB$$31723b68] is not eligible for getting processed by all BeanPostProcessors (for example: not eligible for auto-proxying)
2019-06-25 02:25:10.163  INFO 11200 --- [           main] o.s.b.w.embedded.tomcat.TomcatWebServer  : Tomcat initialized with port(s): 0 (http)
2019-06-25 02:25:10.163  INFO 11200 --- [           main] o.apache.catalina.core.StandardService   : Starting service [Tomcat]
2019-06-25 02:25:10.163  INFO 11200 --- [           main] org.apache.catalina.core.StandardEngine  : Starting Servlet Engine: Apache Tomcat/8.5.28
2019-06-25 02:25:10.173  INFO 11200 --- [ost-startStop-1] o.a.c.c.C.[Tomcat].[localhost].[/]       : Initializing Spring embedded WebApplicationContext
2019-06-25 02:25:10.173  INFO 11200 --- [ost-startStop-1] o.s.web.context.ContextLoader            : Root WebApplicationContext: initialization completed in 371 ms
2019-06-25 02:25:10.237  INFO 11200 --- [ost-startStop-1] o.s.b.w.servlet.ServletRegistrationBean  : Servlet dispatcherServlet mapped to [/]
2019-06-25 02:25:10.237  INFO 11200 --- [ost-startStop-1] o.s.b.w.servlet.FilterRegistrationBean   : Mapping filter: 'characterEncodingFilter' to: [/*]
2019-06-25 02:25:10.237  INFO 11200 --- [ost-startStop-1] o.s.b.w.servlet.FilterRegistrationBean   : Mapping filter: 'hiddenHttpMethodFilter' to: [/*]
2019-06-25 02:25:10.237  INFO 11200 --- [ost-startStop-1] o.s.b.w.servlet.FilterRegistrationBean   : Mapping filter: 'httpPutFormContentFilter' to: [/*]
2019-06-25 02:25:10.237  INFO 11200 --- [ost-startStop-1] o.s.b.w.servlet.FilterRegistrationBean   : Mapping filter: 'requestContextFilter' to: [/*]
2019-06-25 02:25:10.273  INFO 11200 --- [           main] com.zaxxer.hikari.HikariDataSource       : HikariPool-13 - Starting...
2019-06-25 02:25:10.273  INFO 11200 --- [           main] com.zaxxer.hikari.HikariDataSource       : HikariPool-13 - Start completed.
2019-06-25 02:25:10.331  INFO 11200 --- [           main] j.LocalContainerEntityManagerFactoryBean : Building JPA container EntityManagerFactory for persistence unit 'default'
2019-06-25 02:25:10.331  INFO 11200 --- [           main] o.hibernate.jpa.internal.util.LogHelper  : HHH000204: Processing PersistenceUnitInfo [
	name: default
	...]
2019-06-25 02:25:10.343  INFO 11200 --- [           main] org.hibernate.dialect.Dialect            : HHH000400: Using dialect: org.hibernate.dialect.H2Dialect
2019-06-25 02:25:10.393 DEBUG 11200 --- [           main] org.hibernate.SQL                        : drop table employee if exists
2019-06-25 02:25:10.393 DEBUG 11200 --- [           main] org.hibernate.SQL                        : drop table employee_project if exists
2019-06-25 02:25:10.393 DEBUG 11200 --- [           main] org.hibernate.SQL                        : drop table project if exists
2019-06-25 02:25:10.393 DEBUG 11200 --- [           main] org.hibernate.SQL                        : drop table t_class if exists
2019-06-25 02:25:10.393 DEBUG 11200 --- [           main] org.hibernate.SQL                        : drop table t_question if exists
2019-06-25 02:25:10.393 DEBUG 11200 --- [           main] org.hibernate.SQL                        : drop table t_task if exists
2019-06-25 02:25:10.393 DEBUG 11200 --- [           main] org.hibernate.SQL                        : drop table t_task_valiable if exists
2019-06-25 02:25:10.393 DEBUG 11200 --- [           main] org.hibernate.SQL                        : drop table t_task_valiable_answer if exists
2019-06-25 02:25:10.393 DEBUG 11200 --- [           main] org.hibernate.SQL                        : drop table t_user if exists
2019-06-25 02:25:10.393 DEBUG 11200 --- [           main] org.hibernate.SQL                        : drop table t_user_class if exists
2019-06-25 02:25:10.393 DEBUG 11200 --- [           main] org.hibernate.SQL                        : create table employee (employee_id integer not null, first_name varchar(255), last_name varchar(255), primary key (employee_id))
2019-06-25 02:25:10.393 DEBUG 11200 --- [           main] org.hibernate.SQL                        : create table employee_project (employee_id integer not null, project_id integer not null)
2019-06-25 02:25:10.393 DEBUG 11200 --- [           main] org.hibernate.SQL                        : create table project (project_id integer not null, title varchar(255), primary key (project_id))
2019-06-25 02:25:10.393 DEBUG 11200 --- [           main] org.hibernate.SQL                        : create table t_class (id integer generated by default as identity, name varchar(255), primary key (id))
2019-06-25 02:25:10.393 DEBUG 11200 --- [           main] org.hibernate.SQL                        : create table t_question (id integer generated by default as identity, description varchar(255), input_num integer, public_flg boolean not null, title varchar(255), primary key (id))
2019-06-25 02:25:10.397 DEBUG 11200 --- [           main] org.hibernate.SQL                        : create table t_task (id integer generated by default as identity, description varchar(255), language_id varchar(255), question_id integer, self_made_check_code varchar(255), title varchar(255), primary key (id))
2019-06-25 02:25:10.397 DEBUG 11200 --- [           main] org.hibernate.SQL                        : create table t_task_valiable (task_id integer not null, val_number integer not null, date_type varchar(255), primary key (task_id, val_number))
2019-06-25 02:25:10.397 DEBUG 11200 --- [           main] org.hibernate.SQL                        : create table t_task_valiable_answer (task_id integer not null, val_number integer not null, parametor varchar(255), public_flg boolean, primary key (task_id, val_number))
2019-06-25 02:25:10.397 DEBUG 11200 --- [           main] org.hibernate.SQL                        : create table t_user (id varchar(255) not null, name varchar(255), password varchar(255) not null, role_id varchar(3) not null, primary key (id))
2019-06-25 02:25:10.397 DEBUG 11200 --- [           main] org.hibernate.SQL                        : create table t_user_class (class_id integer not null, user_id varchar(255) not null)
2019-06-25 02:25:10.397 DEBUG 11200 --- [           main] org.hibernate.SQL                        : alter table employee_project add constraint FK4yddvnm7283a40plkcti66wv9 foreign key (project_id) references project
2019-06-25 02:25:10.397 DEBUG 11200 --- [           main] org.hibernate.SQL                        : alter table employee_project add constraint FKb25s5hgggo6k4au4sye7teb3a foreign key (employee_id) references employee
2019-06-25 02:25:10.397 DEBUG 11200 --- [           main] org.hibernate.SQL                        : alter table t_task add constraint FK5ce17d1lxfbtk8jcg4js93rr6 foreign key (question_id) references t_question
2019-06-25 02:25:10.397 DEBUG 11200 --- [           main] org.hibernate.SQL                        : alter table t_task_valiable add constraint FK6n6hm5nvxgem4ypsq6beqt0jh foreign key (task_id) references t_task
2019-06-25 02:25:10.397 DEBUG 11200 --- [           main] org.hibernate.SQL                        : alter table t_task_valiable_answer add constraint FK54y8v5a7ijwore959mtlkq44v foreign key (task_id) references t_task
2019-06-25 02:25:10.397 DEBUG 11200 --- [           main] org.hibernate.SQL                        : alter table t_user_class add constraint FKkyn2s946l9bqe2eyec4j6lslg foreign key (user_id) references t_user
2019-06-25 02:25:10.403 DEBUG 11200 --- [           main] org.hibernate.SQL                        : alter table t_user_class add constraint FKq93wm54euun6e584hup5kon7i foreign key (class_id) references t_class
2019-06-25 02:25:10.403  INFO 11200 --- [           main] o.h.t.schema.internal.SchemaCreatorImpl  : HHH000476: Executing import script 'org.hibernate.tool.schema.internal.exec.ScriptSourceInputNonExistentImpl@afde064'
2019-06-25 02:25:10.403  INFO 11200 --- [           main] j.LocalContainerEntityManagerFactoryBean : Initialized JPA EntityManagerFactory for persistence unit 'default'
2019-06-25 02:25:10.513  INFO 11200 --- [           main] o.a.c.c.C.[Tomcat].[localhost].[/]       : Initializing Spring FrameworkServlet ''
2019-06-25 02:25:10.513  INFO 11200 --- [           main] o.s.t.web.servlet.TestDispatcherServlet  : FrameworkServlet '': initialization started
2019-06-25 02:25:10.563  WARN 11200 --- [           main] aWebConfiguration$JpaWebMvcConfiguration : spring.jpa.open-in-view is enabled by default. Therefore, database queries may be performed during view rendering. Explicitly configure spring.jpa.open-in-view to disable this warning
2019-06-25 02:25:10.587  INFO 11200 --- [           main] s.w.s.m.m.a.RequestMappingHandlerMapping : Mapped "{[/login],methods=[GET]}" onto java.lang.String jp.spring.boot.algolearn.controller.LoginController.loginForm()
2019-06-25 02:25:10.593  INFO 11200 --- [           main] s.w.s.m.m.a.RequestMappingHandlerMapping : Mapped "{[/student/learn],methods=[GET]}" onto public java.lang.String jp.spring.boot.algolearn.controller.student.LearnController.learn(org.springframework.ui.Model)
2019-06-25 02:25:10.593  INFO 11200 --- [           main] s.w.s.m.m.a.RequestMappingHandlerMapping : Mapped "{[/student/learn],methods=[POST]}" onto public java.lang.String jp.spring.boot.algolearn.controller.student.LearnController.learnExecute(jp.spring.boot.algolearn.form.LearnForm,org.springframework.ui.Model)
2019-06-25 02:25:10.593  INFO 11200 --- [           main] s.w.s.m.m.a.RequestMappingHandlerMapping : Mapped "{[/teacher/class/add],methods=[GET]}" onto public java.lang.String jp.spring.boot.algolearn.controller.teacher.ClassController.add(org.springframework.ui.Model)
2019-06-25 02:25:10.593  INFO 11200 --- [           main] s.w.s.m.m.a.RequestMappingHandlerMapping : Mapped "{[/teacher/class/delete],methods=[POST]}" onto public java.lang.String jp.spring.boot.algolearn.controller.teacher.ClassController.delete(java.lang.String,org.springframework.ui.Model)
2019-06-25 02:25:10.593  INFO 11200 --- [           main] s.w.s.m.m.a.RequestMappingHandlerMapping : Mapped "{[/teacher/class],methods=[GET]}" onto java.lang.String jp.spring.boot.algolearn.controller.teacher.ClassController.list(jp.spring.boot.algolearn.form.ClassForm,org.springframework.ui.Model)
2019-06-25 02:25:10.593  INFO 11200 --- [           main] s.w.s.m.m.a.RequestMappingHandlerMapping : Mapped "{[/teacher/class/edit],methods=[POST]}" onto public java.lang.String jp.spring.boot.algolearn.controller.teacher.ClassController.edit(java.lang.String,org.springframework.ui.Model)
2019-06-25 02:25:10.593  INFO 11200 --- [           main] s.w.s.m.m.a.RequestMappingHandlerMapping : Mapped "{[/teacher/class/editprocess],methods=[POST]}" onto public java.lang.String jp.spring.boot.algolearn.controller.teacher.ClassController.editProcess(jp.spring.boot.algolearn.form.ClassForm,org.springframework.ui.Model)
2019-06-25 02:25:10.593  INFO 11200 --- [           main] s.w.s.m.m.a.RequestMappingHandlerMapping : Mapped "{[/teacher/class/add],methods=[POST]}" onto public java.lang.String jp.spring.boot.algolearn.controller.teacher.ClassController.addProcess(jp.spring.boot.algolearn.form.ClassForm,org.springframework.validation.BindingResult,org.springframework.ui.Model)
2019-06-25 02:25:10.593  INFO 11200 --- [           main] s.w.s.m.m.a.RequestMappingHandlerMapping : Mapped "{[/teacher/question/add],methods=[GET]}" onto public java.lang.String jp.spring.boot.algolearn.controller.teacher.QuestionController.add(org.springframework.ui.Model)
2019-06-25 02:25:10.593  INFO 11200 --- [           main] s.w.s.m.m.a.RequestMappingHandlerMapping : Mapped "{[/teacher/question/delete],methods=[POST]}" onto public java.lang.String jp.spring.boot.algolearn.controller.teacher.QuestionController.delete(java.lang.String,org.springframework.ui.Model)
2019-06-25 02:25:10.593  INFO 11200 --- [           main] s.w.s.m.m.a.RequestMappingHandlerMapping : Mapped "{[/teacher/question],methods=[GET]}" onto java.lang.String jp.spring.boot.algolearn.controller.teacher.QuestionController.list(org.springframework.ui.Model)
2019-06-25 02:25:10.593  INFO 11200 --- [           main] s.w.s.m.m.a.RequestMappingHandlerMapping : Mapped "{[/teacher/question/edit],methods=[POST]}" onto public java.lang.String jp.spring.boot.algolearn.controller.teacher.QuestionController.edit(java.lang.String,org.springframework.ui.Model)
2019-06-25 02:25:10.593  INFO 11200 --- [           main] s.w.s.m.m.a.RequestMappingHandlerMapping : Mapped "{[/teacher/question/editprocess],methods=[POST]}" onto public java.lang.String jp.spring.boot.algolearn.controller.teacher.QuestionController.editProcess(jp.spring.boot.algolearn.form.QuestionForm,org.springframework.ui.Model)
2019-06-25 02:25:10.593  INFO 11200 --- [           main] s.w.s.m.m.a.RequestMappingHandlerMapping : Mapped "{[/teacher/question/add],methods=[POST]}" onto public java.lang.String jp.spring.boot.algolearn.controller.teacher.QuestionController.addProcess(jp.spring.boot.algolearn.form.QuestionForm,org.springframework.validation.BindingResult,org.springframework.ui.Model)
2019-06-25 02:25:10.593  INFO 11200 --- [           main] s.w.s.m.m.a.RequestMappingHandlerMapping : Mapped "{[/teacher/student/add],methods=[GET]}" onto public java.lang.String jp.spring.boot.algolearn.controller.teacher.StudentController.add(org.springframework.ui.Model)
2019-06-25 02:25:10.593  INFO 11200 --- [           main] s.w.s.m.m.a.RequestMappingHandlerMapping : Mapped "{[/teacher/student/delete],methods=[POST]}" onto public java.lang.String jp.spring.boot.algolearn.controller.teacher.StudentController.delete(java.lang.String,org.springframework.ui.Model)
2019-06-25 02:25:10.593  INFO 11200 --- [           main] s.w.s.m.m.a.RequestMappingHandlerMapping : Mapped "{[/teacher/student],methods=[GET]}" onto java.lang.String jp.spring.boot.algolearn.controller.teacher.StudentController.list(org.springframework.ui.Model)
2019-06-25 02:25:10.593  INFO 11200 --- [           main] s.w.s.m.m.a.RequestMappingHandlerMapping : Mapped "{[/teacher/student/edit],methods=[POST]}" onto public java.lang.String jp.spring.boot.algolearn.controller.teacher.StudentController.edit(java.lang.String,org.springframework.ui.Model)
2019-06-25 02:25:10.593  INFO 11200 --- [           main] s.w.s.m.m.a.RequestMappingHandlerMapping : Mapped "{[/teacher/student/editprocess],methods=[POST]}" onto public java.lang.String jp.spring.boot.algolearn.controller.teacher.StudentController.editProcess(jp.spring.boot.algolearn.form.StudentForm,org.springframework.ui.Model)
2019-06-25 02:25:10.593  INFO 11200 --- [           main] s.w.s.m.m.a.RequestMappingHandlerMapping : Mapped "{[/teacher/student/add],methods=[POST]}" onto public java.lang.String jp.spring.boot.algolearn.controller.teacher.StudentController.addProcess(jp.spring.boot.algolearn.form.StudentForm,org.springframework.validation.BindingResult,org.springframework.ui.Model)
2019-06-25 02:25:10.593  INFO 11200 --- [           main] s.w.s.m.m.a.RequestMappingHandlerMapping : Mapped "{[/teacher/task/add],methods=[GET]}" onto public java.lang.String jp.spring.boot.algolearn.controller.teacher.TaskController.add(org.springframework.ui.Model)
2019-06-25 02:25:10.593  INFO 11200 --- [           main] s.w.s.m.m.a.RequestMappingHandlerMapping : Mapped "{[/teacher/task/delete],methods=[POST]}" onto public java.lang.String jp.spring.boot.algolearn.controller.teacher.TaskController.delete(java.lang.String,org.springframework.ui.Model)
2019-06-25 02:25:10.593  INFO 11200 --- [           main] s.w.s.m.m.a.RequestMappingHandlerMapping : Mapped "{[/teacher/task],methods=[GET]}" onto java.lang.String jp.spring.boot.algolearn.controller.teacher.TaskController.list(org.springframework.ui.Model)
2019-06-25 02:25:10.593  INFO 11200 --- [           main] s.w.s.m.m.a.RequestMappingHandlerMapping : Mapped "{[/teacher/task/edit],methods=[POST]}" onto public java.lang.String jp.spring.boot.algolearn.controller.teacher.TaskController.edit(java.lang.String,org.springframework.ui.Model)
2019-06-25 02:25:10.593  INFO 11200 --- [           main] s.w.s.m.m.a.RequestMappingHandlerMapping : Mapped "{[/teacher/task/editprocess],methods=[POST]}" onto public java.lang.String jp.spring.boot.algolearn.controller.teacher.TaskController.editProcess(jp.spring.boot.algolearn.form.StudentForm,org.springframework.ui.Model)
2019-06-25 02:25:10.593  INFO 11200 --- [           main] s.w.s.m.m.a.RequestMappingHandlerMapping : Mapped "{[/teacher/task/add],methods=[POST]}" onto public java.lang.String jp.spring.boot.algolearn.controller.teacher.TaskController.addProcess(jp.spring.boot.algolearn.form.StudentForm,org.springframework.validation.BindingResult,org.springframework.ui.Model)
2019-06-25 02:25:10.593  INFO 11200 --- [           main] s.w.s.m.m.a.RequestMappingHandlerMapping : Mapped "{[/error]}" onto public org.springframework.http.ResponseEntity<java.util.Map<java.lang.String, java.lang.Object>> org.springframework.boot.autoconfigure.web.servlet.error.BasicErrorController.error(javax.servlet.http.HttpServletRequest)
2019-06-25 02:25:10.597  INFO 11200 --- [           main] s.w.s.m.m.a.RequestMappingHandlerMapping : Mapped "{[/error],produces=[text/html]}" onto public org.springframework.web.servlet.ModelAndView org.springframework.boot.autoconfigure.web.servlet.error.BasicErrorController.errorHtml(javax.servlet.http.HttpServletRequest,javax.servlet.http.HttpServletResponse)
2019-06-25 02:25:10.633  INFO 11200 --- [           main] o.s.w.s.handler.SimpleUrlHandlerMapping  : Mapped URL path [/webjars/**] onto handler of type [class org.springframework.web.servlet.resource.ResourceHttpRequestHandler]
2019-06-25 02:25:10.633  INFO 11200 --- [           main] o.s.w.s.handler.SimpleUrlHandlerMapping  : Mapped URL path [/**] onto handler of type [class org.springframework.web.servlet.resource.ResourceHttpRequestHandler]
2019-06-25 02:25:10.643  INFO 11200 --- [           main] o.s.w.s.handler.SimpleUrlHandlerMapping  : Mapped URL path [/**/favicon.ico] onto handler of type [class org.springframework.web.servlet.resource.ResourceHttpRequestHandler]
2019-06-25 02:25:10.737  INFO 11200 --- [           main] s.w.s.m.m.a.RequestMappingHandlerAdapter : Looking for @ControllerAdvice: org.springframework.boot.web.servlet.context.AnnotationConfigServletWebServerApplicationContext@3c199e06: startup date [Tue Jun 25 02:25:09 JST 2019]; root of context hierarchy
2019-06-25 02:25:10.797  INFO 11200 --- [           main] o.s.t.web.servlet.TestDispatcherServlet  : FrameworkServlet '': initialization completed in 284 ms
2019-06-25 02:25:10.933  INFO 11200 --- [           main] o.s.b.w.embedded.tomcat.TomcatWebServer  : Tomcat started on port(s): 54836 (http) with context path ''
2019-06-25 02:25:10.933  INFO 11200 --- [           main] j.s.b.a.c.teacher.StudentControllerTest  : Started StudentControllerTest in 1.181 seconds (JVM running for 31.109)
2019-06-25 02:25:10.933  INFO 11200 --- [           main] o.a.c.c.C.[Tomcat].[localhost].[/]       : Initializing Spring FrameworkServlet ''
2019-06-25 02:25:10.933  INFO 11200 --- [           main] o.s.t.web.servlet.TestDispatcherServlet  : FrameworkServlet '': initialization started
2019-06-25 02:25:10.933  INFO 11200 --- [           main] o.s.t.web.servlet.TestDispatcherServlet  : FrameworkServlet '': initialization completed in 0 ms
]]></system-out>
  </testcase>
</testsuite>